================================================================================
Hierarchical CE-SVM - Inverted Strategy
Dataset: Abalone
Timestamp: 2026-01-30 17:34:16
================================================================================

Loading training data from: /home/bs10081/Developer/NSVORA/datasets/primary/abalone/abalone_split.xlsx

Loaded multi-class data:
  Class 1: 59 samples
  Class 2: 3073 samples
  Class 3: 209 samples
  Features: 9
Training data loaded:
  Class 1: 59 samples
  Class 2: 3073 samples
  Class 3: 209 samples
  Features: 9

================================================================================
Model Parameters
================================================================================
  C_hyper: 1.0
  epsilon: 0.0001
  M: 1000.0
  time_limit: 1800
  mip_gap: 0.0001
  threads: 0
  verbose: True
  enable_selection: True
  feat_upper_bound: 1000
  feat_lower_bound: 1e-07

================================================================================
Training Hierarchical Classifier - Inverted Strategy
================================================================================

Inverted Strategy:
  H1: medium class vs {majority, minority}
  H2: {medium, majority} vs minority
  (Class roles determined dynamically based on sample counts)

============================================================
Training Hierarchical CE-SVM (Strategy: inverted)
============================================================
Class 1: 59 samples
Class 2: 3073 samples
Class 3: 209 samples
Features: 9

Dynamic Class Roles:
  Majority:  Class 2 (3073 samples)
  Medium:    Class 3 (209 samples)
  Minority:  Class 1 (59 samples)

============================================================
Training H1: Class 3 (+1) vs {Class 2, 1} (-1)
============================================================
H1 Training samples: 3341
  Positive (+1): 209 samples
  Negative (-1): 3132 samples

Set parameter Username
Set parameter LicenseID to value 2749150
Academic license - for non-commercial use only - expires 2026-12-03
Set parameter TimeLimit to value 1800
Set parameter MIPGap to value 0.0001
Set parameter OutputFlag to value 1
Set parameter Threads to value 0
Gurobi Optimizer version 13.0.1 build v13.0.1rc0 (linux64 - "Ubuntu 24.04.3 LTS")

CPU model: AMD Ryzen 9 9900X 12-Core Processor, instruction set [SSE2|AVX|AVX2|AVX512]
Thread count: 20 physical cores, 20 logical processors, using up to 20 threads

Non-default parameters:
TimeLimit  1800

Optimize a model with 23407 rows, 13394 columns and 105775 nonzeros (Min)
Model fingerprint: 0x0f6e7ceb
Model has 10043 linear objective coefficients
Variable types: 3362 continuous, 10032 integer (10032 binary)
Coefficient statistics:
  Matrix range     [1e-07, 6e+03]
  Objective range  [1e+00, 1e+00]
  Bounds range     [1e+00, 1e+00]
  RHS range        [1e+00, 6e+03]

Found heuristic solution: objective 6300.6328773
Presolve removed 11 rows and 11 columns
Presolve time: 0.08s
Presolved: 23396 rows, 13383 columns, 109078 nonzeros
Variable types: 19 continuous, 13364 integer (10023 binary)
Deterministic concurrent LP optimizer: primal and dual simplex
Showing primal log only...

Concurrent spin time: 0.08s

Solved with primal simplex

Root relaxation: objective -8.240000e-01, 10918 iterations, 0.31 seconds (1.71 work units)

    Nodes    |    Current Node    |     Objective Bounds      |     Work
 Expl Unexpl |  Obj  Depth IntInf | Incumbent    BestBd   Gap | It/Node Time

     0     0   -0.82400    0  627 6300.63288   -0.82400   100%     -    0s
H    0     0                     417.0000000   -0.82400   100%     -    0s
     0     0    2.50488    0  636  417.00000    2.50488  99.4%     -    1s
     0     0   11.48931    0  649  417.00000   11.48931  97.2%     -    3s
     0     0   11.98313    0 1664  417.00000   11.98313  97.1%     -    4s
     0     0   12.17231    0  649  417.00000   12.17231  97.1%     -    4s
     0     0   16.64833    0  659  417.00000   16.64833  96.0%     -    4s
     0     0   17.12009    0  656  417.00000   17.12009  95.9%     -    4s
     0     0   17.12627    0  656  417.00000   17.12627  95.9%     -    4s
     0     0   24.43809    0 1605  417.00000   24.43809  94.1%     -    4s
     0     0   26.25345    0 1068  417.00000   26.25345  93.7%     -    4s
     0     0   26.56456    0 1503  417.00000   26.56456  93.6%     -    4s
     0     0   26.56716    0 1077  417.00000   26.56716  93.6%     -    4s
     0     0   28.98816    0 1609  417.00000   28.98816  93.0%     -    4s
     0     0   29.29214    0 1549  417.00000   29.29214  93.0%     -    5s
     0     0   29.33004    0 1301  417.00000   29.33004  93.0%     -    5s
     0     0   29.51435    0 1515  417.00000   29.51435  92.9%     -    5s
     0     0   29.56497    0 1549  417.00000   29.56497  92.9%     -    5s
     0     0   29.57568    0 1537  417.00000   29.57568  92.9%     -    5s
     0     0   30.99782    0 1604  417.00000   30.99782  92.6%     -    5s
     0     0   31.84735    0 1657  417.00000   31.84735  92.4%     -    5s
     0     0   32.34885    0 1635  417.00000   32.34885  92.2%     -    5s
     0     0   32.75822    0 1620  417.00000   32.75822  92.1%     -    5s
     0     0   32.76641    0 1647  417.00000   32.76641  92.1%     -    5s
     0     0   33.79577    0 1649  417.00000   33.79577  91.9%     -    5s
     0     0   34.79284    0 1642  417.00000   34.79284  91.7%     -    5s
     0     0   34.79690    0 1646  417.00000   34.79690  91.7%     -    5s
     0     0   40.77317    0 1607  417.00000   40.77317  90.2%     -    5s
     0     0   45.15103    0 1669  417.00000   45.15103  89.2%     -    5s
     0     0   45.24075    0 1654  417.00000   45.24075  89.2%     -    5s
     0     0   45.82530    0 1604  417.00000   45.82530  89.0%     -    5s
     0     0   45.83905    0 1654  417.00000   45.83905  89.0%     -    5s
     0     0   45.84235    0 1636  417.00000   45.84235  89.0%     -    5s
     0     0   50.41009    0 1675  417.00000   50.41009  87.9%     -    5s
     0     0   57.67831    0 1697  417.00000   57.67831  86.2%     -    5s
     0     0   57.69778    0 1707  417.00000   57.69778  86.2%     -    5s
     0     0   57.71461    0 1701  417.00000   57.71461  86.2%     -    5s
     0     0   57.71605    0 1697  417.00000   57.71605  86.2%     -    5s
     0     0   74.32962    0 1770  417.00000   74.32962  82.2%     -    6s
     0     0   82.16951    0 1699  417.00000   82.16951  80.3%     -    6s
     0     0   82.85364    0 1697  417.00000   82.85364  80.1%     -    6s
     0     0   83.59759    0 1686  417.00000   83.59759  80.0%     -    6s
     0     0   83.70323    0 1689  417.00000   83.70323  79.9%     -    6s
     0     0   83.74506    0 1677  417.00000   83.74506  79.9%     -    6s
     0     0   83.75114    0 1666  417.00000   83.75114  79.9%     -    6s
     0     0   89.56626    0 1607  417.00000   89.56626  78.5%     -    6s
     0     0   95.30951    0 1594  417.00000   95.30951  77.1%     -    6s
     0     0   95.37890    0 1603  417.00000   95.37890  77.1%     -    6s
     0     0   95.50223    0 1546  417.00000   95.50223  77.1%     -    6s
     0     0   95.59407    0 1570  417.00000   95.59407  77.1%     -    6s
     0     0   95.60195    0 1569  417.00000   95.60195  77.1%     -    6s
     0     0  100.75013    0 1605  417.00000  100.75013  75.8%     -    6s
     0     0  103.75910    0 1538  417.00000  103.75910  75.1%     -    6s
     0     0  103.93790    0 1501  417.00000  103.93790  75.1%     -    6s
     0     0  104.36231    0 1494  417.00000  104.36231  75.0%     -    6s
     0     0  104.36359    0 1495  417.00000  104.36359  75.0%     -    6s
     0     0  107.95243    0 1551  417.00000  107.95243  74.1%     -    6s
     0     0  108.51014    0 1595  417.00000  108.51014  74.0%     -    6s
     0     0  108.72057    0 1551  417.00000  108.72057  73.9%     -    7s
     0     0  108.76923    0 1570  417.00000  108.76923  73.9%     -    7s
     0     0  108.78552    0 1562  417.00000  108.78552  73.9%     -    7s
     0     0  108.80630    0 1558  417.00000  108.80630  73.9%     -    7s
     0     0  108.80684    0 1561  417.00000  108.80684  73.9%     -    7s
     0     0  111.67519    0 1562  417.00000  111.67519  73.2%     -    7s
     0     0  113.23471    0 1504  417.00000  113.23471  72.8%     -    7s
     0     0  114.17456    0 1486  417.00000  114.17456  72.6%     -    7s
     0     0  114.19564    0 1518  417.00000  114.19564  72.6%     -    7s
     0     0  114.31867    0 1500  417.00000  114.31867  72.6%     -    7s
     0     0  114.31896    0 1502  417.00000  114.31896  72.6%     -    7s
     0     0  117.05935    0 1511  417.00000  117.05935  71.9%     -    7s
     0     0  118.92073    0 1544  417.00000  118.92073  71.5%     -    7s
     0     0  118.97406    0 1530  417.00000  118.97406  71.5%     -    7s
     0     0  118.99632    0 1519  417.00000  118.99632  71.5%     -    7s
     0     0  119.00170    0 1528  417.00000  119.00170  71.5%     -    7s
     0     0  121.58384    0 1644  417.00000  121.58384  70.8%     -    7s
     0     0  123.87484    0 1491  417.00000  123.87484  70.3%     -    7s
     0     0  124.12135    0 1477  417.00000  124.12135  70.2%     -    7s
     0     0  124.14005    0 1472  417.00000  124.14005  70.2%     -    7s
     0     0  124.14703    0 1510  417.00000  124.14703  70.2%     -    7s
     0     0  127.06491    0 1523  417.00000  127.06491  69.5%     -    7s
     0     0  127.84350    0 1508  417.00000  127.84350  69.3%     -    8s
     0     0  127.89806    0 1523  417.00000  127.89806  69.3%     -    8s
     0     0  127.92310    0 1486  417.00000  127.92310  69.3%     -    8s
     0     0  127.94030    0 1483  417.00000  127.94030  69.3%     -    8s
     0     0  130.00284    0 1648  417.00000  130.00284  68.8%     -    8s
     0     0  132.17947    0 1587  417.00000  132.17947  68.3%     -    8s
     0     0  132.55380    0 1569  417.00000  132.55380  68.2%     -    8s
     0     0  132.61982    0 1575  417.00000  132.61982  68.2%     -    8s
     0     0  132.66292    0 1552  417.00000  132.66292  68.2%     -    8s
     0     0  132.66656    0 1563  417.00000  132.66656  68.2%     -    8s
     0     0  136.49084    0 1638  417.00000  136.49084  67.3%     -    8s
     0     0  137.21746    0 1563  417.00000  137.21746  67.1%     -    8s
     0     0  137.45972    0 1571  417.00000  137.45972  67.0%     -    8s
     0     0  137.50606    0 1560  417.00000  137.50606  67.0%     -    8s
     0     0  137.50912    0 1587  417.00000  137.50912  67.0%     -    8s
     0     0  140.51305    0 1588  417.00000  140.51305  66.3%     -    8s
     0     0  141.75747    0 1604  417.00000  141.75747  66.0%     -    9s
     0     0  141.80917    0 1608  417.00000  141.80917  66.0%     -    9s
     0     0  141.85502    0 1589  417.00000  141.85502  66.0%     -    9s
     0     0  141.85598    0 1610  417.00000  141.85598  66.0%     -    9s
     0     0  143.45050    0 1567  417.00000  143.45050  65.6%     -    9s
     0     0  143.59265    0 1651  417.00000  143.59265  65.6%     -    9s
     0     0  143.64521    0 1631  417.00000  143.64521  65.6%     -    9s
     0     0  143.66157    0 1609  417.00000  143.66157  65.5%     -    9s
     0     0  145.99298    0 1701  417.00000  145.99298  65.0%     -    9s
     0     0  147.33472    0 1624  417.00000  147.33472  64.7%     -    9s
     0     0  147.52257    0 1643  417.00000  147.52257  64.6%     -    9s
     0     0  147.59021    0 1637  417.00000  147.59021  64.6%     -    9s
     0     0  147.60885    0 1648  417.00000  147.60885  64.6%     -    9s
     0     0  149.08915    0 1644  417.00000  149.08915  64.2%     -    9s
     0     0  149.43801    0 1676  417.00000  149.43801  64.2%     -    9s
     0     0  149.55889    0 1652  417.00000  149.55889  64.1%     -    9s
     0     0  149.57077    0 1675  417.00000  149.57077  64.1%     -    9s
     0     0  151.36909    0 1717  417.00000  151.36909  63.7%     -   10s
     0     0  152.69243    0 1674  417.00000  152.69243  63.4%     -   10s
     0     0  152.95821    0 1682  417.00000  152.95821  63.3%     -   10s
     0     0  153.08857    0 1681  417.00000  153.08857  63.3%     -   10s
     0     0  153.11758    0 1674  417.00000  153.11758  63.3%     -   10s
     0     0  153.11828    0 1683  417.00000  153.11828  63.3%     -   10s
     0     0  154.66556    0 1687  417.00000  154.66556  62.9%     -   10s
     0     0  155.41489    0 1644  417.00000  155.41489  62.7%     -   10s
     0     0  155.52657    0 1656  417.00000  155.52657  62.7%     -   10s
     0     0  155.55443    0 1669  417.00000  155.55443  62.7%     -   10s
     0     0  155.56738    0 1658  417.00000  155.56738  62.7%     -   10s
     0     0  156.11671    0 1637  417.00000  156.11671  62.6%     -   10s
     0     0  157.14542    0 1636  417.00000  157.14542  62.3%     -   10s
     0     0  157.22660    0 1663  417.00000  157.22660  62.3%     -   10s
     0     0  157.25464    0 1638  417.00000  157.25464  62.3%     -   10s
     0     0  157.30227    0 1639  417.00000  157.30227  62.3%     -   10s
     0     0  157.30552    0 1638  417.00000  157.30552  62.3%     -   10s
     0     0  158.91513    0 1648  417.00000  158.91513  61.9%     -   11s
     0     0  159.87597    0 1628  417.00000  159.87597  61.7%     -   11s
     0     0  159.94103    0 1605  417.00000  159.94103  61.6%     -   11s
     0     0  159.99503    0 1611  417.00000  159.99503  61.6%     -   11s
     0     0  160.02870    0 1605  417.00000  160.02870  61.6%     -   11s
     0     0  160.05136    0 1616  417.00000  160.05136  61.6%     -   11s
     0     0  161.59219    0 1613  417.00000  161.59219  61.2%     -   11s
     0     0  162.07030    0 1613  417.00000  162.07030  61.1%     -   11s
     0     0  162.20649    0 1659  417.00000  162.20649  61.1%     -   11s
     0     0  162.36394    0 1625  417.00000  162.36394  61.1%     -   11s
     0     0  162.39895    0 1629  417.00000  162.39895  61.1%     -   11s
     0     0  162.41677    0 1662  417.00000  162.41677  61.1%     -   11s
     0     0  163.25386    0 1656  417.00000  163.25386  60.9%     -   11s
     0     0  163.91148    0 1669  417.00000  163.91148  60.7%     -   11s
     0     0  163.96240    0 1641  417.00000  163.96240  60.7%     -   11s
     0     0  163.98973    0 1656  417.00000  163.98973  60.7%     -   11s
     0     0  163.99972    0 1658  417.00000  163.99972  60.7%     -   11s
     0     0  165.46889    0 1656  417.00000  165.46889  60.3%     -   11s
     0     0  166.09959    0 1655  417.00000  166.09959  60.2%     -   12s
     0     0  166.35418    0 1652  417.00000  166.35418  60.1%     -   12s
     0     0  166.41836    0 1684  417.00000  166.41836  60.1%     -   12s
     0     0  166.44771    0 1676  417.00000  166.44771  60.1%     -   12s
     0     0  166.45167    0 1681  417.00000  166.45167  60.1%     -   12s
     0     0  167.29190    0 1621  417.00000  167.29190  59.9%     -   12s
     0     0  167.73074    0 1645  417.00000  167.73074  59.8%     -   12s
     0     0  167.84493    0 1673  417.00000  167.84493  59.7%     -   12s
     0     0  167.87604    0 1650  417.00000  167.87604  59.7%     -   12s
     0     0  167.88067    0 1691  417.00000  167.88067  59.7%     -   12s
     0     0  168.55893    0 1683  417.00000  168.55893  59.6%     -   12s
     0     0  169.21955    0 1659  417.00000  169.21955  59.4%     -   12s
     0     0  169.38509    0 1691  417.00000  169.38509  59.4%     -   12s
     0     0  169.49749    0 1662  417.00000  169.49749  59.4%     -   12s
     0     0  169.51457    0 1688  417.00000  169.51457  59.3%     -   12s
     0     0  171.10250    0 1620  417.00000  171.10250  59.0%     -   12s
     0     0  171.28462    0 1652  417.00000  171.28462  58.9%     -   13s
     0     0  171.34618    0 1673  417.00000  171.34618  58.9%     -   13s
     0     0  171.41603    0 1702  417.00000  171.41603  58.9%     -   13s
     0     0  171.50455    0 1689  417.00000  171.50455  58.9%     -   13s
     0     0  171.51039    0 1675  417.00000  171.51039  58.9%     -   13s
     0     0  172.12290    0 1644  417.00000  172.12290  58.7%     -   13s
     0     0  172.56544    0 1654  417.00000  172.56544  58.6%     -   13s
     0     0  172.80326    0 1658  417.00000  172.80326  58.6%     -   13s
     0     0  172.85423    0 1702  417.00000  172.85423  58.5%     -   13s
     0     0  172.86411    0 1666  417.00000  172.86411  58.5%     -   13s
     0     0  173.58976    0 1674  417.00000  173.58976  58.4%     -   13s
     0     0  174.41136    0 1668  417.00000  174.41136  58.2%     -   13s
     0     0  174.47096    0 1665  417.00000  174.47096  58.2%     -   13s
     0     0  174.48883    0 1682  417.00000  174.48883  58.2%     -   13s
     0     0  174.72739    0 1679  417.00000  174.72739  58.1%     -   13s
     0     0  174.94601    0 1681  417.00000  174.94601  58.0%     -   13s
     0     0  174.98373    0 1672  417.00000  174.98373  58.0%     -   13s
     0     0  175.01173    0 1681  417.00000  175.01173  58.0%     -   13s
     0     0  175.14951    0 1673  417.00000  175.14951  58.0%     -   14s
     0     0  175.44016    0 1669  417.00000  175.44016  57.9%     -   14s
     0     0  175.48261    0 1669  417.00000  175.48261  57.9%     -   14s
     0     0  175.50496    0 1696  417.00000  175.50496  57.9%     -   14s
     0     0  175.91292    0 1651  417.00000  175.91292  57.8%     -   14s
     0     0  176.00484    0 1666  417.00000  176.00484  57.8%     -   14s
     0     0  176.03173    0 1664  417.00000  176.03173  57.8%     -   14s
     0     0  176.70801    0 1655  417.00000  176.70801  57.6%     -   14s
     0     0  176.77983    0 1689  417.00000  176.77983  57.6%     -   14s
     0     0  176.83959    0 1701  417.00000  176.83959  57.6%     -   14s
     0     0  176.87843    0 1687  417.00000  176.87843  57.6%     -   14s
     0     0  176.88607    0 1702  417.00000  176.88607  57.6%     -   14s
     0     0  177.11559    0 1644  417.00000  177.11559  57.5%     -   14s
     0     0  177.20102    0 1672  417.00000  177.20102  57.5%     -   14s
     0     0  177.21613    0 1690  417.00000  177.21613  57.5%     -   14s
     0     0  178.29361    0 1703  417.00000  178.29361  57.2%     -   15s
     0     0  178.50940    0 1660  417.00000  178.50940  57.2%     -   15s
     0     0  178.55917    0 1678  417.00000  178.55917  57.2%     -   15s
     0     0  178.58487    0 1696  417.00000  178.58487  57.2%     -   15s
     0     0  179.08168    0 1673  417.00000  179.08168  57.1%     -   15s
     0     0  179.50063    0 1606  417.00000  179.50063  57.0%     -   15s
     0     0  179.63857    0 1638  417.00000  179.63857  56.9%     -   15s
     0     0  179.67285    0 1658  417.00000  179.67285  56.9%     -   15s
     0     0  179.68360    0 1660  417.00000  179.68360  56.9%     -   15s
     0     0  180.02215    0 1633  417.00000  180.02215  56.8%     -   15s
     0     0  180.03992    0 1657  417.00000  180.03992  56.8%     -   15s
     0     0  180.33794    0 1661  417.00000  180.33794  56.8%     -   15s
     0     0  180.84373    0 1678  417.00000  180.84373  56.6%     -   15s
     0     0  180.86722    0 1692  417.00000  180.86722  56.6%     -   15s
     0     0  181.31450    0 1640  417.00000  181.31450  56.5%     -   16s
     0     0  181.34620    0 1671  417.00000  181.34620  56.5%     -   16s
     0     0  181.38013    0 1673  417.00000  181.38013  56.5%     -   16s
     0     0  181.38731    0 1689  417.00000  181.38731  56.5%     -   16s
     0     0  181.86175    0 1667  417.00000  181.86175  56.4%     -   16s
     0     0  182.25907    0 1618  417.00000  182.25907  56.3%     -   16s
     0     0  182.35893    0 1652  417.00000  182.35893  56.3%     -   16s
     0     0  182.37326    0 1665  417.00000  182.37326  56.3%     -   16s
     0     0  182.87045    0 1677  417.00000  182.87045  56.1%     -   16s
     0     0  183.49823    0 1680  417.00000  183.49823  56.0%     -   16s
     0     0  183.65672    0 1662  417.00000  183.65672  56.0%     -   16s
     0     0  183.74005    0 1637  417.00000  183.74005  55.9%     -   16s
     0     0  183.77317    0 1634  417.00000  183.77317  55.9%     -   16s
     0     0  183.77952    0 1647  417.00000  183.77952  55.9%     -   16s
     0     0  185.32683    0 1710  417.00000  185.32683  55.6%     -   16s
     0     0  185.99763    0 1650  417.00000  185.99763  55.4%     -   17s
     0     0  186.17952    0 1661  417.00000  186.17952  55.4%     -   17s
     0     0  186.37490    0 1658  417.00000  186.37490  55.3%     -   17s
     0     0  186.37916    0 1673  417.00000  186.37916  55.3%     -   17s
     0     0  186.86566    0 1659  417.00000  186.86566  55.2%     -   17s
     0     0  187.03770    0 1676  417.00000  187.03770  55.1%     -   17s
     0     0  187.07932    0 1677  417.00000  187.07932  55.1%     -   17s
     0     0  187.09064    0 1677  417.00000  187.09064  55.1%     -   17s
     0     0  188.21324    0 1611  417.00000  188.21324  54.9%     -   17s
     0     0  188.35249    0 1629  417.00000  188.35249  54.8%     -   17s
     0     0  188.41062    0 1660  417.00000  188.41062  54.8%     -   17s
     0     0  188.42859    0 1648  417.00000  188.42859  54.8%     -   17s
     0     0  188.77337    0 1637  417.00000  188.77337  54.7%     -   17s
     0     0  188.99904    0 1642  417.00000  188.99904  54.7%     -   17s
     0     0  189.18000    0 1648  417.00000  189.18000  54.6%     -   17s
     0     0  189.23671    0 1640  417.00000  189.23671  54.6%     -   17s
     0     0  189.25607    0 1651  417.00000  189.25607  54.6%     -   17s
     0     0  189.35755    0 1683  417.00000  189.35755  54.6%     -   18s
     0     0  189.45972    0 1619  417.00000  189.45972  54.6%     -   18s
     0     0  189.48051    0 1651  417.00000  189.48051  54.6%     -   18s
     0     0  189.88583    0 1636  417.00000  189.88583  54.5%     -   18s
     0     0  189.94170    0 1654  417.00000  189.94170  54.5%     -   18s
     0     0  189.96064    0 1638  417.00000  189.96064  54.4%     -   18s
     0     0  190.58848    0 1662  417.00000  190.58848  54.3%     -   18s
     0     0  190.69221    0 1626  417.00000  190.69221  54.3%     -   18s
     0     0  190.76598    0 1629  417.00000  190.76598  54.3%     -   18s
     0     0  190.77831    0 1629  417.00000  190.77831  54.2%     -   18s
     0     0  191.82571    0 1596  417.00000  191.82571  54.0%     -   18s
     0     0  192.46937    0 1605  417.00000  192.46937  53.8%     -   18s
     0     0  192.51702    0 1627  417.00000  192.51702  53.8%     -   18s
     0     0  192.53973    0 1623  417.00000  192.53973  53.8%     -   18s
     0     0  193.02537    0 1649  417.00000  193.02537  53.7%     -   19s
     0     0  193.32002    0 1656  417.00000  193.32002  53.6%     -   19s
     0     0  193.35688    0 1656  417.00000  193.35688  53.6%     -   19s
     0     0  193.37265    0 1627  417.00000  193.37265  53.6%     -   19s
     0     0  193.87689    0 1636  417.00000  193.87689  53.5%     -   19s
     0     0  194.17134    0 1594  417.00000  194.17134  53.4%     -   19s
     0     0  194.27357    0 1618  417.00000  194.27357  53.4%     -   19s
     0     0  194.30405    0 1622  417.00000  194.30405  53.4%     -   19s
     0     0  194.51329    0 1658  417.00000  194.51329  53.4%     -   19s
     0     0  194.58029    0 1636  417.00000  194.58029  53.3%     -   19s
     0     0  194.59966    0 1645  417.00000  194.59966  53.3%     -   19s
     0     0  195.22333    0 1626  417.00000  195.22333  53.2%     -   19s
     0     0  195.48034    0 1610  417.00000  195.48034  53.1%     -   19s
     0     0  195.52226    0 1651  417.00000  195.52226  53.1%     -   19s
     0     0  195.52751    0 1646  417.00000  195.52751  53.1%     -   19s
     0     0  195.63138    0 1627  417.00000  195.63138  53.1%     -   20s
     0     0  195.66419    0 1643  417.00000  195.66419  53.1%     -   20s
     0     0  195.71657    0 1621  417.00000  195.71657  53.1%     -   20s
     0     0  195.71703    0 1621  417.00000  195.71703  53.1%     -   20s
     0     0  195.71703    0 1621  417.00000  195.71703  53.1%     -   20s
     0     2  195.71915    0 1621  417.00000  195.71915  53.1%     -   20s
    31    52  211.99420    5 9236  417.00000  198.69762  52.4%  2371   25s
    51    74  255.79602    6 6746  417.00000  199.22301  52.2%  3508   30s
   123   200  262.45579   11 6823  417.00000  199.22301  52.2%  2542   36s
   335   388  305.39041   20 7427  417.00000  199.22301  52.2%  1317   41s
   521   587  312.85876   25 7431  417.00000  199.22301  52.2%  1093   45s
   767   850  327.02110   38 7455  417.00000  199.22301  52.2%   919   51s
  1062  1100  382.85648   49 6870  417.00000  199.22301  52.2%   798   57s
  1349  1372  362.49686   70 7400  417.00000  199.22301  52.2%   705   60s
  2142  1991  204.17168    7 4956  417.00000  199.96375  52.0%   555   66s
  2455  2174  226.86413   24 4871  417.00000  200.36816  52.0%   550   71s
  3005  2619  245.88570   39 4901  417.00000  200.57343  51.9%   487   75s
  3474  3224  263.49458   53 4743  417.00000  201.75421  51.6%   442   80s
  4130  3895  338.13008  111 5758  417.00000  202.37241  51.5%   414   85s
  4423  3898  381.07657  163 1836  417.00000  202.37241  51.5%   405   91s
  4438  3908  229.01613   18 1634  417.00000  202.37241  51.5%   404   95s
  4463  3925  261.51805   55 1635  417.00000  206.95217  50.4%   402  100s
  4483  3938  211.74415   11 1636  417.00000  211.74415  49.2%   400  105s
  4501  3950  316.02980  100 1629  417.00000  222.18702  46.7%   398  110s
  4520  3963  355.55277   69 1609  417.00000  225.15533  46.0%   397  115s
  4538  3975  229.01613   18 1564  417.00000  227.94463  45.3%   395  123s
  4544  3979  240.50339   35 1591  417.00000  228.21272  45.3%   395  125s
  4554  3994  239.26041   14 2685  417.00000  228.59766  45.2%   405  133s
  4578  4022  261.12653   16 6455  417.00000  229.78198  44.9%   414  135s
  4665  4141  266.54337   19 8261  417.00000  230.43357  44.7%   450  141s
  4869  4251  268.68384   23 8192  417.00000  230.43357  44.7%   459  147s
  5009  4322  293.13291   25 7431  417.00000  230.43357  44.7%   466  150s
  5196  4485  313.64992   29 6298  417.00000  230.43357  44.7%   473  155s
  5536  4651     cutoff   38       417.00000  230.43357  44.7%   486  160s
  5973  4967  389.27788   59 2809  417.00000  230.59297  44.7%   483  165s
  6418  5205  414.35614   84 2820  417.00000  230.59297  44.7%   483  170s
  7075  5535  241.81570   32 2942  417.00000  230.70684  44.7%   484  176s
  7310  5497  246.54345   39 3251  417.00000  230.70684  44.7%   484  180s
  7440  5586  248.63132   43 3300  417.00000  230.94098  44.6%   484  186s
  7545  5683  249.80547   45 3350  417.00000  230.94098  44.6%   488  190s
  7767  5879  252.02948   47 3440  417.00000  230.94098  44.6%   485  195s
  8169  6012  257.58792   49 2705  417.00000  230.94098  44.6%   483  200s
  8528  6254  258.97425   51 2697  417.00000  230.94098  44.6%   489  212s
  8795  6480  260.01262   52 2686  417.00000  230.94640  44.6%   485  215s
  9689  6768  265.21862   54 2795  417.00000  231.04847  44.6%   473  220s
 10449  6901  291.12331   75 2941  417.00000  231.50932  44.5%   465  226s
 10917  7358  296.32435   79 2817  417.00000  231.50932  44.5%   469  231s
 11845  7679  325.17648  113 2446  417.00000  232.50771  44.2%   459  238s
 12228  7889  340.83114  131 2474  417.00000  232.50771  44.2%   460  242s
 12641  8398  363.88077  165 2312  417.00000  232.50771  44.2%   459  245s
 13821  8833     cutoff  201       417.00000  232.50771  44.2%   441  253s
 14494  9051  244.22207   26 6126  417.00000  232.50771  44.2%   435  257s
 15050  9305  254.86164   44 6497  417.00000  232.50771  44.2%   435  261s
 15848  9483  270.69184   50 8558  417.00000  232.82020  44.2%   430  265s
 17052 10104  367.29710  130 10014  417.00000  232.82020  44.2%   423  274s
 17731 10916  250.85254   36 1479  417.00000  232.94020  44.1%   416  279s
 18725 11434  380.48429  168 3845  417.00000  232.94020  44.1%   405  284s
 19427 11561  244.13208   21 6613  417.00000  232.94020  44.1%   398  288s
 19634 11766  251.34598   36 6600  417.00000  232.94020  44.1%   398  293s
 19906 12259  290.36886   72 6632  417.00000  232.94020  44.1%   398  297s
 20468 12970  327.73127  110 6583  417.00000  233.61188  44.0%   393  303s
 21325 13422  244.16069   21 3372  417.00000  233.65092  44.0%   386  308s
 21899 13961  252.05015   32 3725  417.00000  233.65092  44.0%   383  313s
 22438 15035  284.75013   68 4862  417.00000  233.65092  44.0%   378  320s
 23705 15274  390.32364  158 4054  417.00000  233.65092  44.0%   366  325s
 24004 16958  252.32532   25 6363  417.00000  233.94653  43.9%   371  344s
 26038 18006  264.71094   42 7358  417.00000  234.07291  43.9%   374  354s
 27516 19181  250.46612   21 2817  417.00000  234.32156  43.8%   375  364s
 29202 20488  357.23410  130 3042  417.00000  234.32156  43.8%   366  372s
 30965 21422  257.02459   38 2985  417.00000  234.32156  43.8%   357  379s
 32021 22500  329.51461  112 4802  417.00000  234.32156  43.8%   352  387s
 33223 22687  247.80096   20 4708  417.00000  234.32156  43.8%   347  394s
 33446 23301  247.39048   21 4720  417.00000  234.32156  43.8%   347  402s
 34139 24496  255.73737   26 9071  417.00000  234.32156  43.8%   348  410s
 35481 25241  252.34791   30 4608  417.00000  234.32156  43.8%   344  418s
 36696 26020  269.60773   36 9337  417.00000  234.32156  43.8%   342  428s
 38026 26923  265.83889   22 7558  417.00000  234.32156  43.8%   340  437s
 39210 28411  262.00449   38 3543  417.00000  235.56016  43.5%   337  448s
 41152 29697  252.38275   25 3325  417.00000  235.56016  43.5%   329  458s
 42926 31637  342.48601   48 9186  417.00000  235.56016  43.5%   324  470s
 45135 32645  314.61872   47 7644  417.00000  235.56016  43.5%   317  480s
 46600 32646  244.97046   25 1621  417.00000  235.56016  43.5%   314  504s
 46602 32647  389.50350  125  627  417.00000  235.56016  43.5%   314  506s
 46610 32653  373.80964  157 1609  417.00000  241.66715  42.0%   314  510s
 46616 32657  328.18923  108 1569  417.00000  243.17952  41.7%   314  515s
 46623 32661  283.27219   72 1573  417.00000  245.05764  41.2%   314  520s
 46631 32667  289.40854   58 1558  417.00000  246.14618  41.0%   314  527s
 46635 32669  369.13943   54 1553  417.00000  246.91661  40.8%   314  530s
 46643 32675  292.32462   77 1570  417.00000  248.40994  40.4%   314  536s
 46649 32679  404.36891  187 1571  417.00000  249.02425  40.3%   314  540s
 46653 32681  326.84924  104 1576  417.00000  249.85424  40.1%   314  545s
 46658 32685  262.33061   44 1602  417.00000  250.41047  39.9%   314  550s
 46665 32689  399.13196  119 1570  417.00000  251.99463  39.6%   314  557s
 46669 32692  364.99305  131 1548  417.00000  253.06733  39.3%   314  561s
 46673 32695  253.79104   37 1542  417.00000  253.79104  39.1%   314  566s
 46678 32698  360.59686  150 1553  417.00000  254.45964  39.0%   314  571s
 46683 32701  278.23336   59 1539  417.00000  254.64788  38.9%   314  575s
 46688 32705  362.53607  136 1542  417.00000  255.10191  38.8%   314  581s
 46693 32708  282.62262   62 1535  417.00000  255.55925  38.7%   314  586s
 46698 32711  394.18051  176 1512  417.00000  255.74309  38.7%   314  590s
 46703 32715  334.00389  107 1532  417.00000  256.01111  38.6%   314  595s
 46706 32717  292.36595   40 1507  417.00000  256.32432  38.5%   314  600s
 46710 32719  373.80964  157 1525  417.00000  256.40877  38.5%   313  605s
 46715 32723  332.83162  114 1531  417.00000  256.78788  38.4%   313  610s
 46719 32725  408.78820  161 1509  417.00000  256.85882  38.4%   313  615s
 46724 32729  354.97251  108 1520  417.00000  257.48151  38.3%   313  620s
 46730 32733  297.12251   80 1523  417.00000  257.88731  38.2%   313  626s
 46733 32735  257.98699   20 1521  417.00000  257.98699  38.1%   313  630s
 46736 32737  258.12846   24 1513  417.00000  258.12846  38.1%   313  641s
 46739 32739  348.05676   93 1532  417.00000  258.24209  38.1%   313  645s
 46744 32742  398.58701  177 1531  417.00000  258.55017  38.0%   313  650s
 46748 32745  272.73008   62 1519  417.00000  258.73834  38.0%   313  655s
 46752 32747  283.45569   64 1527  417.00000  258.85270  37.9%   313  660s
 46756 32750  331.34248  111 1526  417.00000  258.85270  37.9%   313  665s
 46760 32753  329.90249  109 1530  417.00000  258.91727  37.9%   313  670s
 46764 32755  355.28212   95 1521  417.00000  259.00229  37.9%   313  675s
 46771 32760  269.03311   53 1568  417.00000  259.57883  37.8%   313  680s
 46777 32764  321.44044  104 1581  417.00000  259.82044  37.7%   313  685s
 46781 32767  263.49175   44 1564  417.00000  260.26061  37.6%   313  690s
 46786 32770  317.84504   97 1558  417.00000  260.74590  37.5%   313  695s
 46790 32773  306.90570   77 1581  417.00000  260.82583  37.5%   313  700s
 46795 32776  409.81781  190 1527  417.00000  261.02904  37.4%   313  705s
 46800 32779  261.11039   25 1545  417.00000  261.11039  37.4%   313  710s
 46803 32781  334.00389  107 1548  417.00000  261.13608  37.4%   313  715s
 46808 32785  278.84800   64 1549  417.00000  261.18331  37.4%   313  720s
 46812 32787  261.19464   33 1573  417.00000  261.19464  37.4%   313  725s
 46818 32791  334.15694  117 1558  417.00000  261.56726  37.3%   313  730s
 46823 32795  283.27219   72 1574  417.00000  262.09546  37.1%   313  735s
 46829 32799  366.43893  105 1567  417.00000  262.81387  37.0%   313  740s
 46835 32803  369.13943   54 1544  417.00000  263.86874  36.7%   313  746s
 46841 32807  273.68966   60 1537  417.00000  264.24465  36.6%   313  751s
 46846 32810  264.54818   42 1562  417.00000  264.54818  36.6%   313  755s
 46852 32814  283.45569   64 1548  417.00000  265.08811  36.4%   313  761s
 46858 32818  265.56411   44 1570  417.00000  265.56411  36.3%   312  766s
 46864 32822  355.28212   95 1553  417.00000  266.14188  36.2%   312  771s
 46869 32825  364.99305  131 1540  417.00000  266.40036  36.1%   312  776s
 46873 32828  266.50672   37 1548  417.00000  266.50672  36.1%   312  781s
 46874 32829  347.04637  134 1548  417.00000  266.50672  36.1%   312  791s
 46881 32842  270.82497   25 6852  417.00000  267.58933  35.8%   315  797s
 46905 32870  276.51460   27 6831  417.00000  268.91921  35.5%   317  805s
 46925 32921  277.90279   28 7157  417.00000  269.31586  35.4%   319  811s
 47033 32987  280.43342   31 7172  417.00000  269.31809  35.4%   322  817s
 47084 32990  281.06669   32 7162  417.00000  269.31809  35.4%   323  820s
 47128 33019  281.80689   33 7152  417.00000  269.31809  35.4%   324  825s
 47174 33062  282.93829   34 7333  417.00000  269.31809  35.4%   324  831s
 47241 33111  283.57468   35 7355  417.00000  269.31809  35.4%   326  838s
 47278 33137  283.73314   35 7709  417.00000  269.31809  35.4%   326  842s
 47336 33160  283.67610   36 7334  417.00000  269.31809  35.4%   327  847s
 47358 33186  285.27575   37 7508  417.00000  269.31809  35.4%   327  850s
 47435 33258  286.57061   38 7603  417.00000  269.31809  35.4%   328  857s
 47489 33299  287.93235   39 7755  417.00000  269.31809  35.4%   328  860s
 47612 33392  288.40077   42 7656  417.00000  269.31809  35.4%   329  867s
 47682 33451  290.44237   44 7566  417.00000  269.31809  35.4%   330  870s
 47852 33564  291.79467   46 7615  417.00000  269.31809  35.4%   331  877s
 47937 33626  293.28011   48 6821  417.00000  269.31809  35.4%   331  881s
 48150 33798  294.72013   50 6742  417.00000  269.31809  35.4%   332  887s
 48283 33876  296.74723   52 6912  417.00000  269.31809  35.4%   333  891s
 48601 34129  316.53317   54 4240  417.00000  269.31809  35.4%   334  898s
 48802 34237  308.53553   57 4578  417.00000  269.31809  35.4%   334  902s
 49024 34370  309.93179   60 4545  417.00000  269.31809  35.4%   334  905s
 49511 34584  317.07241   64 5219  417.00000  269.31809  35.4%   335  912s
 49744 34597  315.52393   67 4020  417.00000  269.67925  35.3%   335  917s
 49860 34697  337.07377   71 3359  417.00000  269.67925  35.3%   335  921s
 50093 34673  375.40622   86 2509  417.00000  269.67925  35.3%   335  927s
 50199 34729     cutoff   94       417.00000  269.67925  35.3%   336  931s
 50532 34857  278.31427   34 4007  417.00000  269.67925  35.3%   338  938s
 50720 34969  281.82782   40 3916  417.00000  269.77097  35.3%   338  943s
 50974 35052  284.21307   46 4574  417.00000  270.12637  35.2%   339  949s
 51232 35124  287.48619   55 4690  417.00000  270.12637  35.2%   340  954s
 51455 35237  291.48908   64 5049  417.00000  270.12637  35.2%   340  959s
 51652 35375  300.54071   77 4755  417.00000  270.12637  35.2%   341  964s
 51857 35600  304.08301   84 5307  417.00000  270.12637  35.2%   342  970s
 52183 35771  315.58176   98 5099  417.00000  270.12637  35.2%   342  977s
 52569 35926  320.61801  102 6430  417.00000  270.39144  35.2%   343  983s
 52911 35957  327.79013  109 5006  417.00000  270.80433  35.1%   343  989s
 53092 36077  336.42514  116 4779  417.00000  270.80433  35.1%   344  996s
 53347 36223  344.16428  124 5277  417.00000  270.80433  35.1%   345 1002s
 53581 36473  362.45635  140 5315  417.00000  271.05682  35.0%   346 1009s
 53913 36679  397.97110  166 2072  417.00000  271.05682  35.0%   347 1018s
 54304 36823  276.34120   32 4230  417.00000  271.13321  35.0%   348 1025s
 54634 36955  283.78230   43 4164  417.00000  271.13321  35.0%   349 1033s
 54928 37208  290.17044   57 4348  417.00000  271.13321  35.0%   350 1041s
 55315 37562  301.46629   75 3790  417.00000  271.22398  35.0%   351 1049s
 55834 37408  336.13136  112 1869  417.00000  271.22398  35.0%   352 1057s
 55854 37436  336.44279  113 1848  417.00000  271.22398  35.0%   352 1067s
 55949 37692  338.35881  114 1844  417.00000  271.22398  35.0%   352 1078s
 56319 37924  376.13776  142 3021  417.00000  271.22398  35.0%   352 1087s
 56826 37948  274.70731   34 4409  417.00000  271.22398  35.0%   354 1098s
 57112 38086  280.43510   41 4201  417.00000  271.22398  35.0%   355 1107s
 57379 38341  283.29815   44 4102  417.00000  271.44096  34.9%   357 1117s
 57747 38360  290.92343   57 5531  417.00000  271.44096  34.9%   358 1127s
 57908 38670  292.71711   61 5859  417.00000  271.44096  34.9%   359 1138s
 58410 39022  303.84457   78 7552  417.00000  271.44096  34.9%   361 1151s
 59099 39296  324.44774  104 8197  417.00000  271.52554  34.9%   361 1163s
 59697 39435  412.63088  169 9525  417.00000  271.59207  34.9%   362 1175s
 60145 39870  282.51465   44 4224  417.00000  271.59207  34.9%   365 1189s
 60815 39982  295.81760   71 3960  417.00000  271.59207  34.9%   365 1204s
 61183 40464  323.84289  103 3608  417.00000  271.59207  34.9%   365 1219s
 61937 40638  277.72699   35 5944  417.00000  271.59207  34.9%   367 1234s
 62426 41145  287.16689   47 7207  417.00000  271.59207  34.9%   369 1249s
 63329 41377  303.40575   77 6876  417.00000  272.13987  34.7%   370 1266s
 64007 41626  277.02417   33 4718  417.00000  272.13987  34.7%   372 1283s
 64696 42036  291.36619   54 6278  417.00000  272.13987  34.7%   374 1303s
 65447 42647     cutoff   92       417.00000  272.13987  34.7%   375 1321s
 66438 42936  279.89985   37 5280  417.00000  272.13987  34.7%   374 1340s
 67297 43223  284.18328   46 3878  417.00000  272.13987  34.7%   375 1359s
 67884 43840  287.75276   56 4070  417.00000  272.40677  34.7%   378 1379s
 68885 44126  292.81457   71 3867  417.00000  272.40677  34.7%   379 1402s
 69587 44983  337.29663   91 5153  417.00000  272.40677  34.7%   382 1428s
 71098 44979  376.62782  156 2373  417.00000  272.82351  34.6%   381 1444s
 71716 45466  282.05620   35 5189  417.00000  272.84008  34.6%   382 1464s
 72664 46045  295.06861   60 8102  417.00000  272.84008  34.6%   383 1485s
 73644 46463  338.71293   99 8602  417.00000  272.84008  34.6%   383 1507s
 74608 47158  278.29807   34 4397  417.00000  272.84008  34.6%   383 1532s
 75796 47753  296.75947   58 4472  417.00000  272.84008  34.6%   383 1555s
 76913 48786  301.41205   79 5473  417.00000  272.84008  34.6%   385 1581s
 78489 48279  278.61791   33 5298  417.00000  272.84008  34.6%   384 1602s
 78510 48348  279.28138   34 5358  417.00000  272.84008  34.6%   384 1623s
 78608 48761  279.45903   35 5319  417.00000  272.84008  34.6%   384 1646s
 79144 49484  280.14388   36 5375  417.00000  272.84008  34.6%   383 1670s
 80194 50200  281.49921   37 5320  417.00000  272.84008  34.6%   382 1697s
 81370 50620  283.27964   38 5276  417.00000  272.84008  34.6%   382 1724s
 82265 51793  283.76455   39 5249  417.00000  272.84008  34.6%   385 1750s
 83944 51262  284.32847   40 5266  417.00000  273.15925  34.5%   388 1786s
 84092 51328  285.49542   41 5307  417.00000  273.15925  34.5%   388 1800s

Cutting planes:
  Gomory: 67
  Cover: 284
  Implied bound: 37
  Dual implied bound: 7
  MIR: 1163
  StrongCG: 3
  Flow cover: 1572
  GUB cover: 23
  Inf proof: 31
  RLT: 5
  Relax-and-lift: 11

Explored 84209 nodes (32741335 simplex iterations) in 1800.03 seconds (4562.25 work units)
Thread count was 20 (of 20 available processors)

Solution count 2: 417 6300.63 

Time limit reached
Best objective 4.170000000000e+02, best bound 2.731592480550e+02, gap 34.4942%
Time limit reached. Using best solution found (gap: 34.49%)

H1 Solution:
  Objective: 417.000000
  Selected features: 9/9
  L1 norm: 0.000000
  Positive accuracy lb: 0.0000
  Negative accuracy lb: 1.0000

============================================================
Training H2: Class {Class 3, 2} (+1) vs Class 1 (-1)
============================================================
H2 Training samples: 3341
  Positive (+1): 3282 samples
  Negative (-1): 59 samples

Set parameter TimeLimit to value 1800
Set parameter MIPGap to value 0.0001
Set parameter OutputFlag to value 1
Set parameter Threads to value 0
Gurobi Optimizer version 13.0.1 build v13.0.1rc0 (linux64 - "Ubuntu 24.04.3 LTS")

CPU model: AMD Ryzen 9 9900X 12-Core Processor, instruction set [SSE2|AVX|AVX2|AVX512]
Thread count: 20 physical cores, 20 logical processors, using up to 20 threads

Non-default parameters:
TimeLimit  1800

Optimize a model with 23407 rows, 13394 columns and 105775 nonzeros (Min)
Model fingerprint: 0xb6f66be6
Model has 10043 linear objective coefficients
Variable types: 3362 continuous, 10032 integer (10032 binary)
Coefficient statistics:
  Matrix range     [1e-07, 7e+03]
  Objective range  [1e+00, 1e+00]
  Bounds range     [1e+00, 1e+00]
  RHS range        [1e+00, 7e+03]

Found heuristic solution: objective 224.6260319
Presolve removed 12 rows and 12 columns
Presolve time: 0.07s
Presolved: 23395 rows, 13382 columns, 106790 nonzeros
Found heuristic solution: objective 203.0000000
Variable types: 18 continuous, 13364 integer (10023 binary)
Found heuristic solution: objective 200.0000000
Deterministic concurrent LP optimizer: primal and dual simplex
Showing primal log only...

Concurrent spin time: 0.01s

Solved with dual simplex

Root relaxation: objective -1.644000e+00, 3696 iterations, 0.08 seconds (0.31 work units)

    Nodes    |    Current Node    |     Objective Bounds      |     Work
 Expl Unexpl |  Obj  Depth IntInf | Incumbent    BestBd   Gap | It/Node Time

     0     0   -1.64400    0  177  200.00000   -1.64400   101%     -    0s
H    0     0                     123.0000000   -1.64400   101%     -    0s
H    0     0                     117.0000000   -1.64400   101%     -    0s
     0     0   -0.64001    0  182  117.00000   -0.64001   101%     -    0s
     0     0    0.36695    0  181  117.00000    0.36695   100%     -    1s
     0     0    1.79463    0  452  117.00000    1.79463  98.5%     -    1s
     0     0    8.46281    0  432  117.00000    8.46281  92.8%     -    2s
     0     0   18.85164    0  457  117.00000   18.85164  83.9%     -    2s
     0     0   19.62562    0  307  117.00000   19.62562  83.2%     -    2s
     0     0   19.76475    0  463  117.00000   19.76475  83.1%     -    2s
     0     0   19.84156    0  452  117.00000   19.84156  83.0%     -    2s
     0     0   19.88766    0  459  117.00000   19.88766  83.0%     -    2s
     0     0   19.88888    0  460  117.00000   19.88888  83.0%     -    2s
     0     0   22.91258    0  454  117.00000   22.91258  80.4%     -    2s
     0     0   23.48743    0  450  117.00000   23.48743  79.9%     -    2s
     0     0   23.54148    0  461  117.00000   23.54148  79.9%     -    2s
     0     0   23.67640    0  443  117.00000   23.67640  79.8%     -    2s
     0     0   23.73816    0  456  117.00000   23.73816  79.7%     -    2s
     0     0   23.73879    0  457  117.00000   23.73879  79.7%     -    2s
     0     0   23.88589    0  436  117.00000   23.88589  79.6%     -    2s
     0     0   23.99634    0  456  117.00000   23.99634  79.5%     -    2s
     0     0   24.04029    0  456  117.00000   24.04029  79.5%     -    2s
     0     0   24.04146    0  456  117.00000   24.04146  79.5%     -    2s
     0     0   24.18673    0  453  117.00000   24.18673  79.3%     -    2s
     0     0   24.30575    0  451  117.00000   24.30575  79.2%     -    3s
     0     0   24.34479    0  437  117.00000   24.34479  79.2%     -    3s
     0     0   24.35524    0  449  117.00000   24.35524  79.2%     -    3s
     0     0   24.36157    0  450  117.00000   24.36157  79.2%     -    3s
     0     0   24.36545    0  450  117.00000   24.36545  79.2%     -    3s
     0     0   24.36553    0  450  117.00000   24.36553  79.2%     -    3s
     0     0   24.49553    0  450  117.00000   24.49553  79.1%     -    3s
     0     0   24.57955    0  450  117.00000   24.57955  79.0%     -    3s
     0     0   24.59032    0  451  117.00000   24.59032  79.0%     -    3s
     0     0   24.59069    0  450  117.00000   24.59069  79.0%     -    3s
     0     0   24.62446    0  326  117.00000   24.62446  79.0%     -    3s
     0     0   24.68380    0  436  117.00000   24.68380  78.9%     -    3s
     0     0   24.75761    0  433  117.00000   24.75761  78.8%     -    3s
     0     0   24.76930    0  443  117.00000   24.76930  78.8%     -    3s
     0     0   24.77062    0  444  117.00000   24.77062  78.8%     -    3s
     0     0   24.94098    0  448  117.00000   24.94098  78.7%     -    3s
     0     0   24.95057    0  438  117.00000   24.95057  78.7%     -    4s
     0     0   24.95698    0  438  117.00000   24.95698  78.7%     -    4s
     0     0   24.95835    0  438  117.00000   24.95835  78.7%     -    4s
     0     0   27.42105    0  427  117.00000   27.42105  76.6%     -    4s
     0     0   27.84794    0  431  117.00000   27.84794  76.2%     -    4s
     0     0   27.86725    0  433  117.00000   27.86725  76.2%     -    4s
     0     0   27.86886    0  436  117.00000   27.86886  76.2%     -    4s
     0     0   31.20113    0  459  117.00000   31.20113  73.3%     -    4s
     0     0   31.74487    0  427  117.00000   31.74487  72.9%     -    4s
     0     0   31.76677    0  431  117.00000   31.76677  72.8%     -    4s
     0     0   31.76869    0  434  117.00000   31.76869  72.8%     -    4s
     0     0   32.83980    0  431  117.00000   32.83980  71.9%     -    4s
     0     0   32.90768    0  430  117.00000   32.90768  71.9%     -    4s
     0     0   32.91594    0  429  117.00000   32.91594  71.9%     -    4s
     0     0   32.91804    0  430  117.00000   32.91804  71.9%     -    4s
     0     0   32.94878    0  427  117.00000   32.94878  71.8%     -    4s
     0     0   32.95736    0  424  117.00000   32.95736  71.8%     -    4s
     0     0   32.95786    0  428  117.00000   32.95786  71.8%     -    4s
     0     0   32.99802    0  440  117.00000   32.99802  71.8%     -    4s
     0     0   33.00763    0  415  117.00000   33.00763  71.8%     -    5s
     0     0   33.01809    0  426  117.00000   33.01809  71.8%     -    5s
     0     0   33.01810    0  427  117.00000   33.01810  71.8%     -    5s
     0     0   33.98476    0  461  117.00000   33.98476  71.0%     -    5s
     0     0   33.99324    0  425  117.00000   33.99324  70.9%     -    5s
     0     0   34.00887    0  450  117.00000   34.00887  70.9%     -    5s
     0     0   34.01386    0  437  117.00000   34.01386  70.9%     -    5s
     0     0   34.01503    0  437  117.00000   34.01503  70.9%     -    5s
     0     0   34.24386    0  440  117.00000   34.24386  70.7%     -    5s
     0     0   34.95521    0  446  117.00000   34.95521  70.1%     -    5s
     0     0   35.25421    0  464  117.00000   35.25421  69.9%     -    5s
     0     0   35.25559    0  441  117.00000   35.25559  69.9%     -    5s
     0     0   35.25613    0  451  117.00000   35.25613  69.9%     -    5s
     0     0   35.25730    0  445  117.00000   35.25730  69.9%     -    6s
     0     0   35.25940    0  459  117.00000   35.25940  69.9%     -    6s
     0     0   35.26999    0  444  117.00000   35.26999  69.9%     -    6s
     0     0   35.27041    0  444  117.00000   35.27041  69.9%     -    6s
     0     0   35.27041    0  444  117.00000   35.27041  69.9%     -    6s
     0     0   36.01052    0  454  117.00000   36.01052  69.2%     -    7s
     0     0   36.20998    0  450  117.00000   36.20998  69.1%     -    7s
     0     0   36.21532    0  448  117.00000   36.21532  69.0%     -    7s
     0     0   36.21646    0  451  117.00000   36.21646  69.0%     -    7s
     0     0   36.81105    0  448  117.00000   36.81105  68.5%     -    7s
     0     0   37.28436    0  471  117.00000   37.28436  68.1%     -    7s
     0     0   37.28436    0  459  117.00000   37.28436  68.1%     -    7s
     0     0   37.28436    0  434  117.00000   37.28436  68.1%     -    7s
     0     0   37.28436    0  454  117.00000   37.28436  68.1%     -    7s
     0     0   37.28436    0  455  117.00000   37.28436  68.1%     -    7s
     0     0   37.28436    0  450  117.00000   37.28436  68.1%     -    7s
     0     0   37.28436    0  456  117.00000   37.28436  68.1%     -    7s
     0     0   37.28436    0  455  117.00000   37.28436  68.1%     -    7s
     0     0   37.29264    0  457  117.00000   37.29264  68.1%     -    7s
     0     0   37.29264    0  457  117.00000   37.29264  68.1%     -    7s
     0     0   37.71072    0  466  117.00000   37.71072  67.8%     -    8s
     0     0   37.97496    0  464  117.00000   37.97496  67.5%     -    8s
     0     0   38.00358    0  467  117.00000   38.00358  67.5%     -    8s
     0     0   38.00874    0  467  117.00000   38.00874  67.5%     -    8s
     0     0   38.00884    0  470  117.00000   38.00884  67.5%     -    8s
     0     0   38.61554    0  471  117.00000   38.61554  67.0%     -    8s
     0     0   38.68120    0  470  117.00000   38.68120  66.9%     -    9s
     0     0   38.68120    0  470  117.00000   38.68120  66.9%     -    9s
     0     0   38.68120    0  473  117.00000   38.68120  66.9%     -    9s
     0     0   39.74459    0  458  117.00000   39.74459  66.0%     -    9s
     0     0   39.77535    0  466  117.00000   39.77535  66.0%     -    9s
     0     0   39.78222    0  465  117.00000   39.78222  66.0%     -    9s
     0     0   39.78260    0  468  117.00000   39.78260  66.0%     -    9s
     0     0   39.94339    0  475  117.00000   39.94339  65.9%     -    9s
     0     0   40.30060    0  483  117.00000   40.30060  65.6%     -    9s
     0     0   40.47437    0  469  117.00000   40.47437  65.4%     -    9s
     0     0   40.49651    0  476  117.00000   40.49651  65.4%     -    9s
     0     0   40.50767    0  475  117.00000   40.50767  65.4%     -    9s
     0     0   40.51363    0  476  117.00000   40.51363  65.4%     -    9s
     0     0   40.51456    0  479  117.00000   40.51456  65.4%     -    9s
     0     0   40.55245    0  471  117.00000   40.55245  65.3%     -    9s
     0     0   40.63039    0  471  117.00000   40.63039  65.3%     -   10s
     0     0   40.65490    0  475  117.00000   40.65490  65.3%     -   10s
     0     0   40.65607    0  479  117.00000   40.65607  65.3%     -   10s
     0     0   41.94567    0  464  117.00000   41.94567  64.1%     -   10s
     0     0   42.04568    0  475  117.00000   42.04568  64.1%     -   10s
     0     0   42.06139    0  482  117.00000   42.06139  64.1%     -   10s
     0     0   42.07916    0  479  117.00000   42.07916  64.0%     -   10s
     0     0   42.08833    0  481  117.00000   42.08833  64.0%     -   10s
     0     0   42.15015    0  476  117.00000   42.15015  64.0%     -   11s
     0     0   42.29527    0  480  117.00000   42.29527  63.9%     -   11s
     0     0   42.41597    0  485  117.00000   42.41597  63.7%     -   11s
     0     0   42.42373    0  484  117.00000   42.42373  63.7%     -   11s
     0     0   42.42377    0  484  117.00000   42.42377  63.7%     -   11s
     0     0   42.93475    0  473  117.00000   42.93475  63.3%     -   11s
     0     0   43.02464    0  482  117.00000   43.02464  63.2%     -   11s
     0     0   43.03858    0  483  117.00000   43.03858  63.2%     -   11s
     0     0   43.04188    0  486  117.00000   43.04188  63.2%     -   11s
     0     0   43.04654    0  482  117.00000   43.04654  63.2%     -   11s
     0     0   43.08682    0  476  117.00000   43.08682  63.2%     -   11s
     0     0   43.09183    0  476  117.00000   43.09183  63.2%     -   11s
     0     0   43.12488    0  465  117.00000   43.12488  63.1%     -   11s
     0     0   43.20520    0  471  117.00000   43.20520  63.1%     -   12s
     0     0   43.22804    0  471  117.00000   43.22804  63.1%     -   12s
     0     0   43.23031    0  467  117.00000   43.23031  63.1%     -   12s
     0     0   44.11837    0  480  117.00000   44.11837  62.3%     -   12s
     0     0   44.12485    0  481  117.00000   44.12485  62.3%     -   12s
     0     0   44.12530    0  481  117.00000   44.12530  62.3%     -   12s
     0     0   44.12534    0  482  117.00000   44.12534  62.3%     -   12s
     0     0   44.20519    0  480  117.00000   44.20519  62.2%     -   13s
     0     0   44.42030    0  482  117.00000   44.42030  62.0%     -   13s
     0     0   44.42030    0  484  117.00000   44.42030  62.0%     -   13s
     0     0   44.42030    0  485  117.00000   44.42030  62.0%     -   13s
     0     0   44.42030    0  483  117.00000   44.42030  62.0%     -   13s
     0     0   44.98523    0  462  117.00000   44.98523  61.6%     -   13s
     0     0   45.13892    0  490  117.00000   45.13892  61.4%     -   13s
     0     0   45.15441    0  481  117.00000   45.15441  61.4%     -   13s
     0     0   45.15487    0  485  117.00000   45.15487  61.4%     -   13s
     0     0   45.15817    0  497  117.00000   45.15817  61.4%     -   13s
     0     0   45.40520    0  506  117.00000   45.40520  61.2%     -   17s
     0     0   45.40520    0  501  117.00000   45.40520  61.2%     -   17s
     0     0   45.40520    0  505  117.00000   45.40520  61.2%     -   17s
     0     0   48.61883    0  460  117.00000   48.61883  58.4%     -   17s
     0     0   49.50225    0  464  117.00000   49.50225  57.7%     -   17s
     0     0   49.70400    0  474  117.00000   49.70400  57.5%     -   17s
     0     0   49.73212    0  474  117.00000   49.73212  57.5%     -   17s
     0     0   49.74413    0  469  117.00000   49.74413  57.5%     -   17s
     0     0   49.74570    0  468  117.00000   49.74570  57.5%     -   17s
     0     0   50.29380    0  461  117.00000   50.29380  57.0%     -   17s
     0     0   50.39693    0  456  117.00000   50.39693  56.9%     -   17s
     0     0   50.40173    0  455  117.00000   50.40173  56.9%     -   17s
     0     0   50.41753    0  465  117.00000   50.41753  56.9%     -   17s
     0     0   50.43187    0  464  117.00000   50.43187  56.9%     -   18s
     0     0   50.43379    0  467  117.00000   50.43379  56.9%     -   18s
     0     0   50.44227    0  467  117.00000   50.44227  56.9%     -   18s
     0     0   50.44248    0  467  117.00000   50.44248  56.9%     -   18s
     0     0   50.44248    0  467  117.00000   50.44248  56.9%     -   18s
     0     2   50.44308    0  467  117.00000   50.44308  56.9%     -   18s
    51    90   55.77601    6  340  117.00000   53.77625  54.0%   770   20s
  1245   920     cutoff   37       117.00000   57.10588  51.2%   268   25s
  2909  1971  105.83073   46 1917  117.00000   58.36278  50.1%   232   30s
  3109  2001  110.29944   72  441  117.00000   64.55906  44.8%   236   35s
  3131  2016   81.04814   29  436  117.00000   77.65218  33.6%   235   42s
  3149  2028   92.75535   45  457  117.00000   82.56610  29.4%   233   45s
  3165  2038   96.29236   13  459  117.00000   86.62640  26.0%   232   50s
  3170  2042   87.19617   22  437  117.00000   87.19617  25.5%   232   55s
  3183  2053     cutoff   12       117.00000   87.76693  25.0%   241   60s
  3492  2218   91.60898   22  933  117.00000   89.37456  23.6%   251   65s
  4048  2458  104.21076   44 1419  117.00000   89.63918  23.4%   248   70s
  4833  2640   91.95327   28  319  117.00000   89.83225  23.2%   245   75s
  5429  2898  107.40736   48  360  117.00000   90.00764  23.1%   248   80s
  6735  3542   95.46975   33  256  117.00000   90.30087  22.8%   232   85s
  8405  4124   91.81301   23  390  117.00000   90.41906  22.7%   214   90s
 10065  4873  112.83855   52  229  117.00000   90.70117  22.5%   209   96s
 12104  6245  114.55267   61   92  117.00000   90.92164  22.3%   198  101s
 13209  6801   95.86554   31  366  117.00000   91.19007  22.1%   199  105s
 14616  8028   97.88158   38  301  117.00000   91.28493  22.0%   197  111s
 16111  9154   94.59160   28  368  117.00000   91.35553  21.9%   191  115s
 18314 10603  103.77377   30  292  117.00000   91.58070  21.7%   188  122s
 19743 11674   99.05729   33 2176  117.00000   91.70789  21.6%   188  127s
 21697 12852   95.25845   24  419  117.00000   91.83405  21.5%   187  132s
 22561 13293   96.66443   33  310  117.00000   91.91531  21.4%   185  135s
 24287 14569  104.22953   30  558  117.00000   92.03056  21.3%   191  142s
 25619 15363   94.87767   25  364  117.00000   92.11023  21.3%   191  145s
 27450 16648   94.72725   32  345  117.00000   92.21759  21.2%   189  151s
 29597 18179  103.75799   40  321  117.00000   92.35420  21.1%   188  157s
 31031 18803  107.51606   28 1144  117.00000   92.35869  21.1%   186  162s
 32122 19820  109.54485   31 1220  117.00000   92.48688  21.0%   187  166s
 33671 20664  108.52403   51  286  117.00000   92.54338  20.9%   186  170s
 35722 21888  106.95589   39 1022  117.00000   92.75826  20.7%   186  179s
 37193 22834   96.66229   35  326  117.00000   92.77802  20.7%   186  184s
 38772 23942  100.81633   31  340  117.00000   92.96145  20.5%   186  188s
 40645 25137   94.93526   28 1090  117.00000   93.05259  20.5%   184  193s
 42545 25979  102.50601   36  340  117.00000   93.10736  20.4%   183  198s
 44181 26827  104.87350   47  273  117.00000   93.22897  20.3%   184  203s
 45530 28280  103.30891   32  274  117.00000   93.23997  20.3%   185  208s
 47733 28281   98.35337   45  467  117.00000   93.40051  20.2%   183  237s
 47744 28288  110.11913   50  444  117.00000   93.40051  20.2%   183  240s
 47753 28294  110.70206   31  442  117.00000   93.40051  20.2%   183  245s
 47764 28302  103.78562   28  441  117.00000   94.79925  19.0%   183  250s
 47772 28307   96.41687   30  428  117.00000   96.41687  17.6%   183  255s
 47783 28314  104.63251   54  422  117.00000   97.68751  16.5%   182  260s
 47788 28318  101.51653   44  436  117.00000   98.12730  16.1%   182  265s
 47794 28322  101.98494   34  436  117.00000   98.87296  15.5%   182  270s
 47809 28332  104.42192   36  427  117.00000  101.44640  13.3%   182  276s
 47817 28337  106.36543   27  430  117.00000  102.14622  12.7%   182  280s
 47825 28342  102.66082   24  423  117.00000  102.66082  12.3%   182  286s
 47829 28345  102.73411   29  416  117.00000  102.73411  12.2%   182  290s
 47836 28350  108.17107   54  434  117.00000  102.96658  12.0%   182  297s
 47841 28353  109.63212   48  431  117.00000  102.98525  12.0%   182  300s
 47846 28356  103.35357   47  425  117.00000  103.00512  12.0%   182  305s
 47854 28362  112.77985   55  429  117.00000  103.04901  11.9%   182  311s
 47856 28363  111.61696   41  440  117.00000  103.06367  11.9%   182  315s
 47864 28368  103.78562   28  440  117.00000  103.07187  11.9%   182  320s
 47868 28371  112.48820   55  438  117.00000  103.09394  11.9%   182  325s
 47876 28376  103.10344   31  441  117.00000  103.10344  11.9%   182  332s
 47880 28379  103.11429   32  429  117.00000  103.11429  11.9%   182  335s
 47886 28383  113.83508   41  428  117.00000  103.11469  11.9%   182  345s
 47894 28388  103.12718   34  450  117.00000  103.12718  11.9%   182  350s
 47898 28391  103.13541   36  451  117.00000  103.13541  11.9%   182  355s
 47910 28408  103.57019   22  445  117.00000  103.27234  11.7%   183  360s
 48253 28582  109.51436   40  183  117.00000  105.17205  10.1%   185  365s
 48565 28631  107.97977   32  339  117.00000  105.61177  9.73%   187  370s
 48889 28769  115.98287   46  511  117.00000  105.96512  9.43%   187  376s
 49238 28893  110.46294   36  943  117.00000  106.06293  9.35%   188  380s
 49792 29041  110.82669   35  579  117.00000  106.35695  9.10%   189  385s
 50348 29167  112.91750   37  356  117.00000  106.61376  8.88%   189  390s
 51412 29423  113.57656   34 1927  117.00000  106.73014  8.78%   189  396s
 52437 29617  109.66017   32  832  117.00000  106.94267  8.60%   189  400s
 53476 29854  116.03782   42  308  117.00000  107.24108  8.34%   189  405s
 54752 29994  115.71110   38  390  117.00000  107.44558  8.17%   189  411s
 55555 30196  111.04412   38  762  117.00000  107.56397  8.06%   188  415s
 56962 30326  116.57160   47  302  117.00000  107.73761  7.92%   189  420s
 57975 30612     cutoff   42       117.00000  107.79093  7.87%   189  425s
 59262 30737  112.96724   38  342  117.00000  108.05375  7.65%   189  430s
 60729 30907     cutoff   32       117.00000  108.14112  7.57%   189  435s
 62078 31050  116.13162   41  328  117.00000  108.29480  7.44%   189  440s
 63495 31293     cutoff   48       117.00000  108.38026  7.37%   190  445s
 64987 31495     cutoff   31       117.00000  108.51802  7.25%   190  452s
 65720 31544  112.69571   37  419  117.00000  108.60853  7.17%   189  455s
 66774 31229  112.49426   38  560  117.00000  108.67014  7.12%   189  461s
 67196 31307  114.46046   40  375  117.00000  108.69943  7.09%   189  467s
 67840 31466     cutoff   48       117.00000  108.70588  7.09%   190  473s
 68316 31539  112.97367   39  350  117.00000  108.73084  7.07%   190  477s
 68906 31608  109.83681   35  478  117.00000  108.76374  7.04%   191  481s
 70520 31851  112.16505   38  378  117.00000  108.89728  6.93%   191  489s
 71543 31947  114.15862   39  324  117.00000  108.94412  6.89%   191  493s
 72559 31999  112.78023   36  573  117.00000  109.00917  6.83%   192  500s
 73599 32191     cutoff   40       117.00000  109.00917  6.83%   192  505s
 74876 32175  111.28029   36  997  117.00000  109.12146  6.73%   192  510s
 76149 32192  110.23344   32  567  117.00000  109.22560  6.64%   193  515s
 77437 32338  114.61081   37  361  117.00000  109.30495  6.58%   194  521s
 78924 32376     cutoff   53       117.00000  109.37943  6.51%   194  526s
 80322 32420  115.91246   46  393  117.00000  109.45827  6.45%   194  532s
 81903 32461  113.37443   45  241  117.00000  109.56417  6.36%   195  538s
 83509 32418  113.11403   37  384  117.00000  109.64110  6.29%   195  544s
 84965 32483     cutoff   43       117.00000  109.71691  6.22%   196  550s
 86579 32516  115.53949   37  353  117.00000  109.79827  6.16%   196  557s
 88313 32492  113.30736   36 1051  117.00000  109.89667  6.07%   197  563s
 90057 32389  114.67899   35  397  117.00000  109.97770  6.00%   197  571s
 91691 32414  111.94571   33  714  117.00000  110.02417  5.96%   197  578s
 93503 32380  112.20936   40  453  117.00000  110.09375  5.90%   198  586s
 95443 32398  114.33843   36  341  117.00000  110.14611  5.86%   199  595s
 97515 32288  113.05070   41  419  117.00000  110.22603  5.79%   199  603s
 99633 32135  111.38268   38  587  117.00000  110.28349  5.74%   200  612s
 101537 31999     cutoff   33       117.00000  110.37543  5.66%   201  620s
 103763 31864  114.94571   40  588  117.00000  110.46179  5.59%   202  629s
 105822 31829  114.85746   43  383  117.00000  110.55025  5.51%   203  637s
 107961 31704  111.19039   30  355  117.00000  110.62605  5.45%   203  646s
 110063 31535     cutoff   49       117.00000  110.68802  5.39%   204  655s
 112072 31192  113.96870   35  358  117.00000  110.72321  5.36%   204  664s
 113829 31041  113.73865   30 1998  117.00000  110.80840  5.29%   205  672s
 115815 30946  115.16220   41  755  117.00000  110.87775  5.23%   206  681s
 118019 30700  113.25868   36  968  117.00000  110.93982  5.18%   207  689s
 120080 30528 infeasible   38       117.00000  111.00960  5.12%   207  699s
 122239 30253     cutoff   38       117.00000  111.07230  5.07%   208  708s
 124352 29917     cutoff   37       117.00000  111.13794  5.01%   208  716s
 126363 29671  115.61720   43  318  117.00000  111.19224  4.96%   209  724s
 128406 29395  114.96415   39  845  117.00000  111.25405  4.91%   210  733s
 130369 29084  113.03688   40  546  117.00000  111.31252  4.86%   210  741s
 132451 28796  111.94569   38  396  117.00000  111.36744  4.81%   211  750s
 134394 28919     cutoff   40       117.00000  111.42055  4.77%   211  759s
 136233 29246  113.71464   39  567  117.00000  111.47270  4.72%   212  768s
 138053 29639  113.41766   37  643  117.00000  111.52529  4.68%   213  777s
 140143 30055     cutoff   46       117.00000  111.57346  4.64%   214  785s
 142198 30451  113.69326   37  603  117.00000  111.62192  4.60%   214  794s
 144217 30834  114.88744   38  473  117.00000  111.68185  4.55%   215  804s
 146261 30846  116.15435   41  516  117.00000  111.73276  4.50%   216  812s
 146332 30905  116.15991   42  515  117.00000  111.73276  4.50%   216  821s
 146778 31123  116.88560   37 1235  117.00000  111.73444  4.50%   216  834s
 148293 31381     cutoff   42       117.00000  111.74147  4.49%   216  847s
 150372 31692  116.91853   44  264  117.00000  111.74951  4.49%   217  861s
 152601 32091  116.75691   47  380  117.00000  111.76415  4.48%   217  874s
 155436 32525  116.19726   41  343  117.00000  111.89845  4.36%   218  887s
 158283 33007  114.06355   40  393  117.00000  112.01464  4.26%   219  900s
 161183 33238  114.11453   39  424  117.00000  112.10442  4.18%   220  912s
 163226 33577  115.68953   39  357  117.00000  112.14521  4.15%   220  923s
 165968 33866     cutoff   40       117.00000  112.19851  4.10%   221  934s
 168478 34114  113.65712   36  374  117.00000  112.25944  4.05%   222  944s
 170502 34382  113.65939   38  638  117.00000  112.30439  4.01%   222  953s
 172733 34598     cutoff   35       117.00000  112.36419  3.96%   223  963s
 174829 34800  116.75801   45  347  117.00000  112.40825  3.92%   223  972s
 176920 34916     cutoff   46       117.00000  112.45076  3.89%   223  982s
 178742 35104  115.31681   33  344  117.00000  112.50182  3.84%   224  991s
 180966 35292  115.65904   44  424  117.00000  112.53804  3.81%   224 1000s
 183035 35455     cutoff   29       117.00000  112.58071  3.78%   225 1009s
 185073 35576     cutoff   37       117.00000  112.62406  3.74%   225 1018s
 187059 35662  115.69673   43  368  117.00000  112.67193  3.70%   226 1027s
 189024 35812  113.52385   37  437  117.00000  112.71371  3.66%   226 1037s
 191111 35936  114.95671   40  459  117.00000  112.76110  3.62%   226 1046s
 193186 36040     cutoff   43       117.00000  112.79422  3.59%   227 1055s
 195131 36096     cutoff   42       117.00000  112.82850  3.57%   228 1065s
 197133 36112  115.51258   46  371  117.00000  112.88440  3.52%   228 1075s
 199159 36204  113.47337   38  374  117.00000  112.92227  3.49%   229 1085s
 201357 36244     cutoff   41       117.00000  112.96946  3.44%   229 1095s
 203285 36288  114.82849   39  567  117.00000  113.00818  3.41%   230 1105s
 205460 36273  114.51614   39  641  117.00000  113.04592  3.38%   231 1115s
 207537 36269  114.45054   35  502  117.00000  113.08673  3.34%   231 1125s
 209546 36352  114.59240   37  339  117.00000  113.12337  3.31%   232 1134s
 211697 36296  116.29962   39  359  117.00000  113.16728  3.28%   232 1144s
 213749 36301  116.83979   42  372  117.00000  113.21214  3.24%   233 1154s
 215703 36232  115.13984   41  676  117.00000  113.25371  3.20%   233 1163s
 217523 36256     cutoff   45       117.00000  113.29892  3.16%   234 1173s
 219801 36156     cutoff   43       117.00000  113.33490  3.13%   234 1182s
 221606 36106  116.66558   42  372  117.00000  113.37535  3.10%   235 1192s
 223522 35987  116.15346   42  563  117.00000  113.41300  3.07%   236 1202s
 225552 35921  116.47169   39  374  117.00000  113.45388  3.03%   236 1212s
 227438 35857  114.27135   36  360  117.00000  113.49365  3.00%   237 1222s
 229191 35697  115.61111   41  602  117.00000  113.52818  2.97%   237 1233s
 231230 35502  116.51552   43  349  117.00000  113.56805  2.93%   238 1243s
 233132 35281  115.81288   46  402  117.00000  113.60443  2.90%   239 1253s
 234980 35144     cutoff   41       117.00000  113.65864  2.86%   240 1264s
 236985 34952 infeasible   43       117.00000  113.69538  2.82%   240 1274s
 238999 34743     cutoff   42       117.00000  113.73120  2.79%   241 1285s
 240931 34551     cutoff   37       117.00000  113.77992  2.75%   242 1296s
 242999 34319     cutoff   39       117.00000  113.82215  2.72%   242 1306s
 244990 34102     cutoff   42       117.00000  113.85876  2.68%   243 1317s
 247032 33833     cutoff   41       117.00000  113.90149  2.65%   243 1328s
 248964 33575     cutoff   50       117.00000  113.94127  2.61%   244 1339s
 250993 33330     cutoff   41       117.00000  113.98318  2.58%   245 1350s
 252834 33009     cutoff   41       117.00000  114.02003  2.55%   245 1361s
 254820 32726     cutoff   43       117.00000  114.06753  2.51%   246 1372s
 256820 32388     cutoff   39       117.00000  114.11484  2.47%   246 1383s
 258867 32016     cutoff   39       117.00000  114.15864  2.43%   247 1394s
 260919 31638  115.42967   42  558  117.00000  114.20106  2.39%   247 1404s
 262846 31230  116.49425   40  417  117.00000  114.24741  2.35%   248 1415s
 264802 30771     cutoff   38       117.00000  114.29148  2.31%   249 1426s
 266622 30362     cutoff   42       117.00000  114.33375  2.28%   249 1437s
 268622 29888     cutoff   46       117.00000  114.37515  2.24%   250 1449s
 270575 29367  115.26297   40  572  117.00000  114.41979  2.21%   251 1460s
 272520 28782     cutoff   40       117.00000  114.46428  2.17%   251 1471s
 274409 28276     cutoff   36       117.00000  114.51356  2.13%   252 1485s
 276454 27708     cutoff   43       117.00000  114.55018  2.09%   253 1496s
 278256 27104  115.39620   41  521  117.00000  114.60757  2.04%   253 1508s
 280233 26533  116.00343   43  556  117.00000  114.65725  2.00%   254 1520s
 282325 25836     cutoff   46       117.00000  114.70242  1.96%   255 1531s
 284104 25234  115.85177   47  343  117.00000  114.75262  1.92%   256 1543s
 285975 24537     cutoff   36       117.00000  114.79703  1.88%   256 1555s
 287859 23803     cutoff   44       117.00000  114.84780  1.84%   257 1567s
 289846 23047     cutoff   45       117.00000  114.89220  1.80%   258 1580s
 291829 22248     cutoff   52       117.00000  114.95154  1.75%   259 1592s
 293915 21501     cutoff   52       117.00000  115.00609  1.70%   259 1605s
 295915 20678     cutoff   39       117.00000  115.06026  1.66%   260 1617s
 297977 19784     cutoff   49       117.00000  115.11112  1.61%   260 1629s
 299964 18780     cutoff   46       117.00000  115.16629  1.57%   261 1641s
 301888 17778     cutoff   43       117.00000  115.23237  1.51%   262 1653s
 303787 16685     cutoff   40       117.00000  115.29293  1.46%   263 1665s
 305677 15597     cutoff   40       117.00000  115.36248  1.40%   263 1679s
 307694 14487     cutoff   41       117.00000  115.42858  1.34%   264 1692s
 309615 13235     cutoff   45       117.00000  115.49655  1.28%   265 1704s
 311597 11860  116.38590   49  370  117.00000  115.56649  1.23%   265 1716s
 313577 10499     cutoff   44       117.00000  115.64776  1.16%   266 1729s
 315498  8965     cutoff   46       117.00000  115.70713  1.11%   266 1741s
 317580  7196     cutoff   42       117.00000  115.81825  1.01%   267 1754s
 319741  5170     cutoff   44       117.00000  115.92902  0.92%   267 1765s
 322158  2826     cutoff   43       117.00000  116.09824  0.77%   267 1775s
 324633   251     cutoff   43       117.00000  116.36620  0.54%   267 1782s

Cutting planes:
  Gomory: 104
  Lift-and-project: 62
  Cover: 53
  Implied bound: 54
  Dual implied bound: 1
  MIR: 1070
  Flow cover: 1942
  GUB cover: 3
  Inf proof: 20
  RLT: 10
  Relax-and-lift: 19

Explored 327514 nodes (86954317 simplex iterations) in 1783.52 seconds (4808.45 work units)
Thread count was 20 (of 20 available processors)

Solution count 9: 117 123 123 ... 224.626

Optimal solution found (tolerance 1.00e-04)
Best objective 1.170000000000e+02, best bound 1.170000000000e+02, gap 0.0000%

H2 Solution:
  Objective: 117.000000
  Selected features: 9/9
  L1 norm: 0.000000
  Positive accuracy lb: 1.0000
  Negative accuracy lb: 0.0000

============================================================
Training Complete!
============================================================

Training completed in: 0:59:43.939938

================================================================================
Model Summary
================================================================================
Status: fitted
Strategy: inverted
Features: 9

Class Roles:
  Majority: Class 2
  Medium:   Class 3
  Minority: Class 1

Classifier 1 (H1): Class 3 vs {Class 2, 1}
  Objective: 417.000000
  Selected Features: 9/9
  L1 Norm: 0.000000

Classifier 2 (H2): Class {Class 3, 2} vs Class 1
  Objective: 117.000000
  Selected Features: 9/9
  L1 Norm: 0.000000

================================================================================
Training Set Evaluation
================================================================================


============================================================
Evaluation Results
============================================================

Total Accuracy: 0.9198

Per-Class Accuracy:
  Class 1: 0.0000
  Class 2: 1.0000
  Class 3: 0.0000

Class Distribution:
  Class 1: 59 samples
  Class 2: 3073 samples
  Class 3: 209 samples

Confusion Matrix:
     Pred 1  Pred 2  Pred 3
True 1:     0      59       0
True 2:     0    3073       0
True 3:     0     209       0
============================================================
