================================================================================
Three-Model Comparison Report Generation
================================================================================
Start time: 2026-04-11 16:20:28
End time: 2026-04-11 16:20:28
Duration: 0:00:00.022512

[2026-04-11 16:20:28] Wrote Markdown report: docs/reports/SVOR_NPSVOR_HCESVM_TEST3_COMPARISON.md
[2026-04-11 16:20:28] Wrote CSV summary: docs/reports/SVOR_NPSVOR_HCESVM_TEST3_COMPARISON.csv

HCESVM source selection
--------------------------------------------------------------------------------
[2026-04-11 16:20:28] Car_Evaluation: selected results/archive/20260210_comparison/test3_Car_Evaluation_20260210_143240.log (2026-02-10 14:32:40)
[2026-04-11 16:20:28] Car_Evaluation: skipped newer incomplete results/archive/20260211_test3/test3_revalidation_20260211_204405.log (2026-02-11 20:44:05)
[2026-04-11 16:20:28] Balance: selected results/archive/20260210_comparison/test3_Balance_20260210_173323.log (2026-02-10 17:33:23)
[2026-04-11 16:20:28] Contraceptive: selected results/contraceptive_test3_20260226_090854.log (2026-02-26 05:25:53)
[2026-04-11 16:20:28] Hayes_Roth: selected results/archive/20260210_comparison/test3_Hayes_Roth_20260210_193354.log (2026-02-10 19:33:54)
[2026-04-11 16:20:28] New_Thyroid: selected results/archive/20260210_comparison/test3_New_Thyroid_20260210_193414.log (2026-02-10 19:34:14)
[2026-04-11 16:20:28] New_Thyroid: skipped newer incomplete results/archive/20260211_test3/test3_revalidation_20260211_204405.log (2026-02-11 21:44:06)
[2026-04-11 16:20:28] TAE: selected results/archive/20260210_comparison/test3_TAE_20260210_193551.log (2026-02-10 19:35:51)
[2026-04-11 16:20:28] Thyroid: selected results/test3_refactor_validation_20260226_011928.log (2026-02-26 01:19:28)
[2026-04-11 16:20:28] Wine: selected results/archive/20260210_comparison/test3_Wine_20260210_193742.log (2026-02-10 19:37:42)

Summary table
--------------------------------------------------------------------------------
Dataset            Method            Train     Test    Tr C1    Tr C2    Tr C3    Te C1    Te C2    Te C3
---------------------------------------------------------------------------------------------------------
Car_Evaluation     SVOR             0.8698   0.8439   0.9360   0.7624   0.3846   0.9215   0.6813   0.5385
Car_Evaluation     NPSVOR           0.8763   0.8555   0.9370   0.7569   0.5769   0.9298   0.6923   0.6154
Car_Evaluation     HCESVM(test3)    0.8517   0.8439   0.8419   0.9061   0.6538   0.8223   0.9121   0.7692
Balance            SVOR             0.9320   0.8560   0.9261   0.9487   0.9351   0.8793   0.8000   0.8421
Balance            NPSVOR           0.9320   0.8560   0.9261   0.9487   0.9351   0.8793   0.8000   0.8421
Balance            HCESVM(test3)    0.9320   0.8560   0.9261   0.9487   0.9351   0.8793   0.8000   0.8421
Contraceptive      SVOR             0.3727   0.3797   0.3380   0.8722   0.0905   0.3968   0.8806   0.0294
Contraceptive      NPSVOR           0.3693   0.3898   0.3638   0.9211   0.0171   0.4048   0.9254   0.0196
Contraceptive      HCESVM(test3)    0.2725   0.2576   0.1213   0.9774   0.0000   0.1032   0.9403   0.0000
Hayes_Roth         SVOR             0.7905   0.6296   0.6500   0.9512   0.7500   0.3636   0.9000   0.6667
Hayes_Roth         NPSVOR           0.7810   0.6296   0.6500   0.9512   0.7083   0.3636   0.9000   0.6667
Hayes_Roth         HCESVM(test3)    0.8000   0.6667   0.6500   0.8780   0.9167   0.3636   0.9000   0.8333
New_Thyroid        SVOR             0.8488   0.8372   1.0000   0.2857   0.7500   1.0000   0.4286   0.5000
New_Thyroid        NPSVOR           0.8837   0.8837   0.9833   0.5714   0.7500   1.0000   0.7143   0.5000
New_Thyroid        HCESVM(test3)    0.9651   0.9767   0.9750   0.9286   0.9583   0.9667   1.0000   1.0000
TAE                SVOR             0.3750   0.4516   0.0000   0.8500   0.2683   0.0000   1.0000   0.3636
TAE                NPSVOR           0.4333   0.4194   0.3846   0.8250   0.0976   0.4000   0.5000   0.3636
TAE                HCESVM(test3)    0.4250   0.4839   0.0000   0.7750   0.4878   0.0000   0.8000   0.6364
Thyroid            SVOR             0.9253   0.9236   0.0000   0.0000   1.0000   0.0000   0.0000   1.0000
Thyroid            NPSVOR           0.9253   0.9236   0.0000   0.0000   1.0000   0.0000   0.0000   1.0000
Thyroid            HCESVM(test3)    0.9253   0.9236   0.0000   0.0000   1.0000   0.0000   0.0000   1.0000
Wine               SVOR             0.9366   0.9444   0.9149   0.9298   0.9737   1.0000   0.9286   0.9000
Wine               NPSVOR           0.9859   0.9722   0.9574   1.0000   1.0000   1.0000   0.9286   1.0000
Wine               HCESVM(test3)    0.9930   0.9722   1.0000   1.0000   0.9737   1.0000   1.0000   0.9000

Detailed parameters
--------------------------------------------------------------------------------
Dataset: Car_Evaluation
  SVOR train/test: 0.8698 / 0.8439
  SVOR class train: [0.9360, 0.7624, 0.3846]
  SVOR class test: [0.9215, 0.6813, 0.5385]
  SVOR w: [-0.781818, -0.636364, 0.254545, 1.400000, 0.672727, 2.218182]
  SVOR thresholds: [9.981818, 13.636364]
  NPSVOR train/test: 0.8763 / 0.8555
  NPSVOR class train: [0.9370, 0.7569, 0.5769]
  NPSVOR class test: [0.9298, 0.6923, 0.6154]
  NPSVOR class 1: w=[-0.097778, -0.088889, 0.035556, 0.195556, 0.080000, 0.346667], b=-0.875600
  NPSVOR class 2: w=[-0.276923, -0.221538, 0.083077, 0.492308, 0.229231, 0.780000], b=-4.098500
  NPSVOR class 3: w=[-0.509091, -0.290909, 0.145455, 0.334545, 0.523636, 1.381818], b=-6.789100
  HCESVM(test3) source: results/archive/20260210_comparison/test3_Car_Evaluation_20260210_143240.log
  HCESVM(test3) train/test: 0.8517 / 0.8439
  HCESVM(test3) class train: [0.8419, 0.9061, 0.6538]
  HCESVM(test3) class test: [0.8223, 0.9121, 0.7692]
  HCESVM(test3) H1: w=[-2.000000, -1.000000, 0.000000, 1.000000, 2.000000, 4.000000], b=-17.000000
  HCESVM(test3) H2: w=[-1.000000, -1.000000, 0.000000, 2.000000, 1.000000, 3.000000], b=-12.000000

Dataset: Balance
  SVOR train/test: 0.9320 / 0.8560
  SVOR class train: [0.9261, 0.9487, 0.9351]
  SVOR class test: [0.8793, 0.8000, 0.8421]
  SVOR w: [-2.000000, -2.000000, 2.000000, 2.000000]
  SVOR thresholds: [-1.000000, 1.000000]
  NPSVOR train/test: 0.9320 / 0.8560
  NPSVOR class train: [0.9261, 0.9487, 0.9351]
  NPSVOR class test: [0.8793, 0.8000, 0.8421]
  NPSVOR class 1: w=[-0.240000, -0.240000, 0.240000, 0.240000], b=0.760000
  NPSVOR class 2: w=[-1.000000, -1.000000, 1.000000, 1.000000], b=0.000000
  NPSVOR class 3: w=[-0.240000, -0.240000, 0.240000, 0.240000], b=-0.760000
  HCESVM(test3) source: results/archive/20260210_comparison/test3_Balance_20260210_173323.log
  HCESVM(test3) train/test: 0.9320 / 0.8560
  HCESVM(test3) class train: [0.9261, 0.9487, 0.9351]
  HCESVM(test3) class test: [0.8793, 0.8000, 0.8421]
  HCESVM(test3) H1: w=[-2.000000, -2.000000, 2.000000, 2.000000], b=1.000000
  HCESVM(test3) H2: w=[-2.000000, -2.000000, 2.000000, 2.000000], b=-1.000000

Dataset: Contraceptive
  SVOR train/test: 0.3727 / 0.3797
  SVOR class train: [0.3380, 0.8722, 0.0905]
  SVOR class test: [0.3968, 0.8806, 0.0294]
  SVOR w: [-0.076336, 0.267176, 0.015267, 0.259542, -0.290076, 0.167939, 0.122137, 0.183206, -0.694656]
  SVOR thresholds: [-0.633588, 0.801527]
  NPSVOR train/test: 0.3693 / 0.3898
  NPSVOR class train: [0.3638, 0.9211, 0.0171]
  NPSVOR class test: [0.4048, 0.9254, 0.0196]
  NPSVOR class 1: w=[-0.027586, 0.174321, -0.008217, 0.117975, -0.119736, 0.036977, 0.018782, 0.105649, -0.255906], b=0.541000
  NPSVOR class 2: w=[-0.062963, 0.227778, 0.029630, 0.220370, -0.112963, 0.179630, 0.112963, 0.188889, -0.379630], b=-0.474100
  NPSVOR class 3: w=[-0.000000, 0.000000, 0.000000, 0.000000, -0.000000, 0.000000, 0.000000, 0.000000, -0.000000], b=-1.000000
  HCESVM(test3) source: results/contraceptive_test3_20260226_090854.log
  HCESVM(test3) train/test: 0.2725 / 0.2576
  HCESVM(test3) class train: [0.1213, 0.9774, 0.0000]
  HCESVM(test3) class test: [0.1032, 0.9403, 0.0000]
  HCESVM(test3) H1: w=[0.000000, 0.000000, 0.000000, 0.000000, 0.000000, 0.000000, 0.000000, 0.000000, 2.000000], b=-1.000000
  HCESVM(test3) H2: w=[0.000000, 0.000000, 0.000000, 0.000000, 0.000000, 0.000000, 0.000000, 0.000000, 0.000000], b=1.000000

Dataset: Hayes_Roth
  SVOR train/test: 0.7905 / 0.6296
  SVOR class train: [0.6500, 0.9512, 0.7500]
  SVOR class test: [0.3636, 0.9000, 0.6667]
  SVOR w: [-0.000000, 1.000000, 1.000000, 1.000000]
  SVOR thresholds: [5.000000, 7.000000]
  NPSVOR train/test: 0.7810 / 0.6296
  NPSVOR class train: [0.6500, 0.9512, 0.7083]
  NPSVOR class test: [0.3636, 0.9000, 0.6667]
  NPSVOR class 1: w=[0.000000, 0.400000, 0.400000, 0.400000], b=-1.400000
  NPSVOR class 2: w=[-0.000000, 0.500000, 0.500000, 0.500000], b=-3.000000
  NPSVOR class 3: w=[-0.000000, 0.300000, 0.300000, 0.300000], b=-2.800000
  HCESVM(test3) source: results/archive/20260210_comparison/test3_Hayes_Roth_20260210_193354.log
  HCESVM(test3) train/test: 0.8000 / 0.6667
  HCESVM(test3) class train: [0.6500, 0.8780, 0.9167]
  HCESVM(test3) class test: [0.3636, 0.9000, 0.8333]
  HCESVM(test3) H1: w=[0.000000, 1.000000, 1.000000, 1.000000], b=-7.000000
  HCESVM(test3) H2: w=[0.000000, 2.000000, 2.000000, 2.000000], b=-9.000000

Dataset: New_Thyroid
  SVOR train/test: 0.8488 / 0.8372
  SVOR class train: [1.0000, 0.2857, 0.7500]
  SVOR class test: [1.0000, 0.4286, 0.5000]
  SVOR w: [-0.015941, 0.086159, 0.102024, 0.427433, 0.060546]
  SVOR thresholds: [1.105251, 2.222685]
  NPSVOR train/test: 0.8837 / 0.8837
  NPSVOR class train: [0.9833, 0.5714, 0.7500]
  NPSVOR class test: [1.0000, 0.7143, 0.5000]
  NPSVOR class 1: w=[-0.011408, 0.061694, 0.163445, 0.168158, 0.017191], b=0.234200
  NPSVOR class 2: w=[-0.011685, 0.068166, 0.066234, 0.291214, 0.038785], b=-1.091100
  NPSVOR class 3: w=[0.010007, -0.162700, -0.012099, -0.002092, 0.016983], b=-1.101100
  HCESVM(test3) source: results/archive/20260210_comparison/test3_New_Thyroid_20260210_193414.log
  HCESVM(test3) train/test: 0.9651 / 0.9767
  HCESVM(test3) class train: [0.9750, 0.9286, 0.9583]
  HCESVM(test3) class test: [0.9667, 1.0000, 1.0000]
  HCESVM(test3) H1: w=[-0.043058, -2.980164, 0.000000, 0.000000, 0.986938], b=14.699081
  HCESVM(test3) H2: w=[-0.122718, 0.905288, 2.294727, 1.641727, 0.268083], b=-6.132621

Dataset: TAE
  SVOR train/test: 0.3750 / 0.4516
  SVOR class train: [0.0000, 0.8500, 0.2683]
  SVOR class test: [0.0000, 1.0000, 0.3636]
  SVOR w: [-0.000000, 0.000000, 0.000000, -1.000000, 0.000000]
  SVOR thresholds: [-3.000000, -1.000000]
  NPSVOR train/test: 0.4333 / 0.4194
  NPSVOR class train: [0.3846, 0.8250, 0.0976]
  NPSVOR class test: [0.4000, 0.5000, 0.3636]
  NPSVOR class 1: w=[-0.509496, 0.003316, 0.044945, -0.419975, -0.005526], b=2.348300
  NPSVOR class 2: w=[-0.745926, 0.016815, 0.048719, -0.745926, -0.010481], b=2.305300
  NPSVOR class 3: w=[-0.400000, 0.000000, 0.000000, -0.400000, 0.000000], b=0.600000
  HCESVM(test3) source: results/archive/20260210_comparison/test3_TAE_20260210_193551.log
  HCESVM(test3) train/test: 0.4250 / 0.4839
  HCESVM(test3) class train: [0.0000, 0.7750, 0.4878]
  HCESVM(test3) class test: [0.0000, 0.8000, 0.6364]
  HCESVM(test3) H1: w=[0.000000, 0.000000, 0.000000, 0.000000, 0.000000], b=1.000000
  HCESVM(test3) H2: w=[-2.000000, 0.000000, 0.000000, -2.000000, 0.000000], b=7.000000

Dataset: Thyroid
  SVOR train/test: 0.9253 / 0.9236
  SVOR class train: [0.0000, 0.0000, 1.0000]
  SVOR class test: [0.0000, 0.0000, 1.0000]
  SVOR w: [0.016665, 0.006661, 0.037828, 0.000000, 0.001881, -0.004279, 0.000000, 0.043083, -0.000743, -0.007239, -0.000178, -0.000059, 0.000000, 0.000000, -0.000000, 0.000280, -1.685884, 0.098158, 0.344582, -0.096148, 0.391662]
  SVOR thresholds: [-0.953974, -0.937811]
  NPSVOR train/test: 0.9253 / 0.9236
  NPSVOR class train: [0.0000, 0.0000, 1.0000]
  NPSVOR class test: [0.0000, 0.0000, 1.0000]
  NPSVOR class 1: w=[0.010624, 0.007862, 0.022533, 0.000000, 0.000000, -0.008869, 0.000000, 0.014010, 0.000000, -0.018308, -0.011305, 0.000000, 0.000000, 0.000000, -0.000000, 0.000000, -0.738449, 0.017960, 0.405232, -0.068896, 0.463433], b=0.941400
  NPSVOR class 2: w=[0.002425, 0.002043, 0.013585, 0.000001, 0.009898, 0.000291, 0.000001, 0.017132, -0.003336, 0.000007, 0.001237, 0.000000, 0.000000, 0.000001, -0.000000, 0.000002, -1.038762, 0.051264, 0.059836, -0.020565, 0.035449], b=0.993800
  NPSVOR class 3: w=[0.002425, 0.002043, 0.013584, 0.000000, 0.009898, 0.000291, 0.000000, 0.017132, -0.003336, 0.000001, 0.001237, 0.000000, 0.000000, 0.000000, -0.000000, 0.000000, -1.038762, 0.051264, 0.059836, -0.020565, 0.035449], b=-0.206200
  HCESVM(test3) source: results/test3_refactor_validation_20260226_011928.log
  HCESVM(test3) train/test: 0.9253 / 0.9236
  HCESVM(test3) class train: [0.0000, 0.0000, 1.0000]
  HCESVM(test3) class test: [0.0000, 0.0000, 1.0000]
  HCESVM(test3) H1: w=[0.000000, 0.000000, 0.000000, 0.000000, 0.000000, 0.000000, 0.000000, 0.000000, 0.000000, 0.000000, 0.000000, 0.000000, 0.000000, 0.000000, 0.000000, 0.000000, 0.000000, 0.000000, 0.000000, 0.000000, 0.000000], b=-1.000000
  HCESVM(test3) H2: w=[0.000000, 0.000000, 0.000000, 0.000000, 0.000000, 0.000000, 0.000000, 0.000000, 0.000000, 0.000000, 0.000000, 0.000000, 0.000000, 0.000000, 0.000000, 0.000000, 0.000000, 0.000000, 0.000000, 0.000000, 0.000000], b=-1.000000

Dataset: Wine
  SVOR train/test: 0.9366 / 0.9444
  SVOR class train: [0.9149, 0.9298, 0.9737]
  SVOR class test: [1.0000, 0.9286, 0.9000]
  SVOR w: [-0.723203, 0.094038, -0.710100, 0.296281, 0.008242, 0.233662, -1.860220, -0.185352, 0.223020, 0.510985, -0.637708, -1.115945, -0.004815]
  SVOR thresholds: [-14.297145, -8.721630]
  NPSVOR train/test: 0.9859 / 0.9722
  NPSVOR class train: [0.9574, 1.0000, 1.0000]
  NPSVOR class test: [1.0000, 0.9286, 1.0000]
  NPSVOR class 1: w=[-0.207534, -0.071560, -0.341543, 0.050250, 0.000324, 0.207425, -0.225638, 0.234924, 0.120632, 0.026019, -0.143253, -0.219149, -0.001009], b=4.583800
  NPSVOR class 2: w=[-0.161801, 0.019264, -0.066790, 0.071867, 0.003421, 0.211150, -0.552699, -0.435488, 0.117886, 0.156957, -0.185262, -0.344330, -0.001340], b=2.288600
  NPSVOR class 3: w=[0.043927, 0.055465, 0.325144, 0.019988, 0.002906, -0.014611, -0.669856, -0.305683, -0.089168, 0.058597, -0.253792, -0.179641, -0.000027], b=-1.511200
  HCESVM(test3) source: results/archive/20260210_comparison/test3_Wine_20260210_193742.log
  HCESVM(test3) train/test: 0.9930 / 0.9722
  HCESVM(test3) class train: [1.0000, 1.0000, 0.9737]
  HCESVM(test3) class test: [1.0000, 1.0000, 0.9000]
  HCESVM(test3) H1: w=[0.000000, 0.236070, 0.000000, 0.083777, 0.005927, 0.000000, -2.683424, 0.000000, 0.000000, 0.517268, 0.000000, 0.000000, -0.000067], b=-2.481492
  HCESVM(test3) H2: w=[-1.448602, -0.385781, -2.373614, 0.274544, 0.001199, 0.000000, -1.152927, 0.000000, 0.000000, 0.091136, 0.000000, -0.421397, -0.004557], b=27.220390

