================================================================================
Class1-First Strategy Test: CONTRACEPTIVE
================================================================================
Timestamp: 20260224_021834
Dataset: /home/bs10081/Developer/NSVORA/Archive/contraceptive_split.xlsx
Time limit: 1800s per classifier
C: 1.0, M: 1000.0

Training set sizes:
  Class 1: 503
  Class 2: 266
  Class 3: 409
Test set size: 295

--------------------------------------------------------------------------------
TRAINING SET RESULTS
--------------------------------------------------------------------------------
Class 1 Accuracy: 0.1213
Class 2 Accuracy: 0.6203
Class 3 Accuracy: 0.5941
Total Accuracy: 0.3981

--------------------------------------------------------------------------------
TEST SET RESULTS
--------------------------------------------------------------------------------
Class 1 Accuracy: 0.1032
Class 2 Accuracy: 0.6269
Class 3 Accuracy: 0.5098
Total Accuracy: 0.3627

--------------------------------------------------------------------------------
MODEL PARAMETERS
--------------------------------------------------------------------------------

H1 (Class 1 vs {2,3}):
  Weights: [0. 0. 0. 0. 0. 0. 0. 0. 2.]
  Intercept: -1.0
  MIP Gap: 0.741244
  Status: 9

H2 (Class 2 vs 3):
  Weights: [ 0.  2.  0.  0.  0.  0.  0.  0. -2.]
  Intercept: -7.0
  MIP Gap: 0.625498
  Status: 9
