================================================================================
Class1-First Strategy Test: CONTRACEPTIVE
================================================================================
Dataset: /home/bs10081/Developer/NSVORA/Archive/contraceptive_split.xlsx
Timestamp: 20260224_020835
Time limit: No time limit (run to global optimum)
C: 1.0, M: 1000.0
================================================================================

Loading data...
Loaded multi-class data:
  Class 1: 503 samples
  Class 2: 266 samples
  Class 3: 409 samples
  Features: 9
Loaded multi-class data:
  Class 1: 126 samples
  Class 2: 67 samples
  Class 3: 102 samples
  Features: 9
Training set sizes: Class 1: 503, Class 2: 266, Class 3: 409
Test set size: 295

============================================================
Training Class1-First Hierarchical CE-SVM
============================================================
Class 1: 503 samples
Class 2: 266 samples
Class 3: 409 samples
Features: 9

============================================================
Training H1: Class 1 (+1) vs {Class 2, 3} (-1)
============================================================
H1 Training samples: 1178
  Positive (+1, Class 1): 503 samples
  Negative (-1, Class 2+3): 675 samples

Set parameter Username
Set parameter LicenseID to value 2749150
Academic license - for non-commercial use only - expires 2026-12-03
Set parameter MIPGap to value 0.0001
Set parameter OutputFlag to value 1
Set parameter Threads to value 0
Gurobi Optimizer version 13.0.1 build v13.0.1rc0 (linux64 - "Ubuntu 24.04.4 LTS")

CPU model: AMD Ryzen 9 9900X 12-Core Processor, instruction set [SSE2|AVX|AVX2|AVX512]
Thread count: 20 physical cores, 20 logical processors, using up to 20 threads

Optimize a model with 8266 rows, 4742 columns and 35658 nonzeros (Min)
Model fingerprint: 0xaae2bcdc
Model has 3554 linear objective coefficients
Variable types: 1199 continuous, 3543 integer (3543 binary)
Coefficient statistics:
  Matrix range     [1e-07, 1e+03]
  Objective range  [1e+00, 1e+00]
  Bounds range     [1e+00, 1e+00]
  RHS range        [1e+00, 1e+03]

Presolve removed 361 rows and 211 columns
Presolve time: 0.03s
Presolved: 7905 rows, 4531 columns, 35238 nonzeros
Variable types: 19 continuous, 4512 integer (3384 binary)
Found heuristic solution: objective 3534.0000000
Found heuristic solution: objective 3533.0000000
Found heuristic solution: objective 1176.0000000

Root relaxation: objective 3.576557e-01, 3876 iterations, 0.09 seconds (0.47 work units)

    Nodes    |    Current Node    |     Objective Bounds      |     Work
 Expl Unexpl |  Obj  Depth IntInf | Incumbent    BestBd   Gap | It/Node Time

     0     0    0.35766    0 3384 1176.00000    0.35766   100%     -    0s
H    0     0                    1005.0000000    2.98188   100%     -    0s
     0     0    2.98188    0 3522 1005.00000    2.98188   100%     -    0s
     0     0    3.18542    0 3536 1005.00000    3.18542   100%     -    0s
     0     0   11.85732    0 2692 1005.00000   11.85732  98.8%     -    0s
     0     0   11.92634    0 2694 1005.00000   11.92634  98.8%     -    0s
     0     0   18.55315    0 3217 1005.00000   18.55315  98.2%     -    0s
     0     0   18.93873    0 3133 1005.00000   18.93873  98.1%     -    0s
     0     0   19.07000    0 3172 1005.00000   19.07000  98.1%     -    0s
     0     0   19.07500    0 3156 1005.00000   19.07500  98.1%     -    0s
     0     0   23.96470    0 3299 1005.00000   23.96470  97.6%     -    1s
     0     0   24.34807    0 3284 1005.00000   24.34807  97.6%     -    1s
     0     0   24.50676    0 3422 1005.00000   24.50676  97.6%     -    1s
     0     0   24.53248    0 3470 1005.00000   24.53248  97.6%     -    1s
     0     0   24.53361    0 3475 1005.00000   24.53361  97.6%     -    1s
     0     0   24.93165    0 3276 1005.00000   24.93165  97.5%     -    1s
     0     0   24.94221    0 3313 1005.00000   24.94221  97.5%     -    1s
     0     0   24.94334    0 3306 1005.00000   24.94334  97.5%     -    1s
     0     0   24.97168    0 3228 1005.00000   24.97168  97.5%     -    1s
     0     0   25.01195    0 3192 1005.00000   25.01195  97.5%     -    1s
     0     0   25.02476    0 3186 1005.00000   25.02476  97.5%     -    1s
     0     0   25.02978    0 3237 1005.00000   25.02978  97.5%     -    1s
     0     0   25.72873    0 3092 1005.00000   25.72873  97.4%     -    1s
     0     0   25.85065    0 3179 1005.00000   25.85065  97.4%     -    2s
     0     0   25.85306    0 3181 1005.00000   25.85306  97.4%     -    2s
     0     0   26.60185    0 3358 1005.00000   26.60185  97.4%     -    2s
     0     0   26.64717    0 3406 1005.00000   26.64717  97.3%     -    2s
     0     0   26.65147    0 3405 1005.00000   26.65147  97.3%     -    2s
     0     0   26.78529    0 3268 1005.00000   26.78529  97.3%     -    2s
     0     0   26.95630    0 3236 1005.00000   26.95630  97.3%     -    2s
     0     0   26.96924    0 3200 1005.00000   26.96924  97.3%     -    2s
     0     0   26.99060    0 3197 1005.00000   26.99060  97.3%     -    2s
     0     0   26.99088    0 3207 1005.00000   26.99088  97.3%     -    2s
     0     0   27.27893    0 3250 1005.00000   27.27893  97.3%     -    2s
     0     0   27.36431    0 3254 1005.00000   27.36431  97.3%     -    2s
     0     0   27.38097    0 3256 1005.00000   27.38097  97.3%     -    2s
     0     0   27.38401    0 3251 1005.00000   27.38401  97.3%     -    2s
     0     0   27.41842    0 3283 1005.00000   27.41842  97.3%     -    2s
     0     0   27.41980    0 3277 1005.00000   27.41980  97.3%     -    2s
     0     0   27.44074    0 3190 1005.00000   27.44074  97.3%     -    2s
     0     0   27.44407    0 3177 1005.00000   27.44407  97.3%     -    2s
     0     0   27.68962    0 3097 1005.00000   27.68962  97.2%     -    2s
     0     0   27.81600    0 3081 1005.00000   27.81600  97.2%     -    2s
     0     0   27.81720    0 3089 1005.00000   27.81720  97.2%     -    2s
     0     0   27.81786    0 3094 1005.00000   27.81786  97.2%     -    2s
     0     0   27.81888    0 3091 1005.00000   27.81888  97.2%     -    2s
     0     0   27.81894    0 3092 1005.00000   27.81894  97.2%     -    2s
     0     0   27.82017    0 3101 1005.00000   27.82017  97.2%     -    2s
     0     0   27.94099    0 3205 1005.00000   27.94099  97.2%     -    2s
     0     0   28.00024    0 3152 1005.00000   28.00024  97.2%     -    2s
     0     0   28.01295    0 3144 1005.00000   28.01295  97.2%     -    2s
     0     0   28.01813    0 3138 1005.00000   28.01813  97.2%     -    2s
     0     0   28.06716    0 3176 1005.00000   28.06716  97.2%     -    2s
     0     0   28.07154    0 3175 1005.00000   28.07154  97.2%     -    2s
     0     0   28.07571    0 3151 1005.00000   28.07571  97.2%     -    2s
     0     0   28.07631    0 3152 1005.00000   28.07631  97.2%     -    2s
     0     0   28.07639    0 3149 1005.00000   28.07639  97.2%     -    2s
     0     0   28.07713    0 3149 1005.00000   28.07713  97.2%     -    2s
     0     0   28.07713    0 3149 1005.00000   28.07713  97.2%     -    3s
     0     2   28.07810    0 3149 1005.00000   28.07810  97.2%     -    3s
   172   218  148.79555   10 1737 1005.00000   29.76019  97.0%   507    5s
  2441  2315  334.76409  144 1771 1005.00000   29.76019  97.0%   108   10s
H 2811  2477                     938.9192323   29.76019  96.8%   100   10s
H 2851  2809                     937.9172442   29.76019  96.8%  99.0   10s
H 3694  3563                     936.9172462   29.76019  96.8%  85.4   10s
  6005  5400  860.17942  511 1006  936.91725   29.82182  96.8%  66.0   15s
 12033  9966  265.26121  164 3149  936.91725   29.91643  96.8%  46.8   20s
 12078  9996  908.17834  537 3068  936.91725   56.14825  94.0%  46.7   25s
 12111 10018  921.46407  626 3319  936.91725   62.56519  93.3%  46.5   30s
 12152 10045  797.94693  484 3123  936.91725   70.94502  92.4%  46.4   35s
 12195 10075  592.49775  238 3103  936.91725   72.46993  92.3%  50.8   40s
 12225 10095  495.17656  299 3179  936.91725   74.84350  92.0%  50.6   45s
 12258 10117  156.50466  100 3011  936.91725   76.85358  91.8%  50.5   50s
 12427 10274   81.66365   34 2607  936.91725   77.37707  91.7%  58.8   55s
 13271 10763  101.00293   45 2474  936.91725   77.37707  91.7%  69.0   60s
 17202 11657  347.33943  165 1448  936.91725   77.37707  91.7%  66.9   65s
 20585 11783  662.34409  307 1102  936.91725   77.37707  91.7%  62.4   70s
 22739 11829  839.70516  407  774  936.91725   77.37707  91.7%  60.1   75s
 27571 12666  904.53672  454  665  936.91725   77.37707  91.7%  58.0   80s
 34064 15045   89.63909   34 3239  936.91725   78.39073  91.6%  55.8   85s
 38046 16622  100.10983   59 3100  936.91725   78.78307  91.6%  55.3   90s
 43813 19041  309.54862  184 2819  936.91725   79.00571  91.6%  54.3   95s
 47448 20771  113.34213   81 3149  936.91725   79.00571  91.6%  52.9  104s
 47450 20772  103.18449   64 1485  936.91725   79.00571  91.6%  52.9  105s
 47470 20786  416.36598  234 3237  936.91725   98.37494  89.5%  52.9  110s
 47488 20798  859.35822  255 3102  936.91725  101.62278  89.2%  52.9  115s
 47505 20809  725.54160  436 3178  936.91725  105.78151  88.7%  52.9  120s
 47521 20820  874.04465  518 3214  936.91725  108.65285  88.4%  52.9  125s
 47539 20832  190.84373  113 3174  936.91725  112.30278  88.0%  52.8  130s
 47557 20844  415.38473  257 3166  936.91725  119.81603  87.2%  52.8  135s
 47578 20858  214.10450  139 3188  936.91725  125.06662  86.7%  52.8  140s
 47596 20870  278.60384  169 3099  936.91725  129.18623  86.2%  52.8  145s
 47612 20880  480.61185  238 3119  936.91725  132.98308  85.8%  52.8  150s
 47629 20892  508.46955  316 3181  936.91725  136.44258  85.4%  52.7  155s
 47646 20903  740.95123  474 3094  936.91725  140.51900  85.0%  52.7  160s
 47660 20912  142.78817   72 3232  936.91725  142.78817  84.8%  52.7  165s
 47674 20922  683.91966  421 3235  936.91725  145.08627  84.5%  52.7  170s
 47687 20930  834.97239  490 3118  936.91725  146.78446  84.3%  52.7  175s
 47702 20940  391.20432  208 3183  936.91725  149.45392  84.0%  52.7  180s
 47717 20950  908.53296  538 3090  936.91725  151.92756  83.8%  52.7  185s
 47730 20959  405.72597  241 3183  936.91725  154.54771  83.5%  52.6  190s
 47744 20968  171.15387  111 3102  936.91725  155.97325  83.4%  52.6  195s
 47756 20976  653.82393  417 3141  936.91725  157.25124  83.2%  52.6  200s
 47771 20986  159.15548   91 3182  936.91725  159.15548  83.0%  52.6  205s
 47784 20995  785.98774  555 3229  936.91725  159.85575  82.9%  52.6  210s
 47797 21004  863.23498  535 3235  936.91725  160.66350  82.9%  52.6  215s
 47811 21013  564.24581  271 3276  936.91725  161.70133  82.7%  52.5  220s
 47824 21022  320.33075  193 3313  936.91725  162.74802  82.6%  52.5  226s
 47835 21029  840.36865  530 3311  936.91725  163.40346  82.6%  52.5  230s
 47848 21038  164.59133   81 3319  936.91725  164.59133  82.4%  52.5  235s
 47860 21046  165.39852   72 3282  936.91725  165.39852  82.3%  52.5  240s
 47863 21048  165.53701   91 3288  936.91725  165.53701  82.3%  52.5  247s
 47869 21052  422.00890  237 3234  936.91725  165.95803  82.3%  52.5  250s
 47882 21060  168.80339   77 3153  936.91725  168.80339  82.0%  52.5  255s
 47895 21069  236.48248  149 3175  936.91725  170.53279  81.8%  52.5  260s
 47904 21075  454.94319  284 3092  936.91725  171.74109  81.7%  52.4  265s
 47917 21084  908.53296  538 3127  936.91725  173.08264  81.5%  52.4  270s
 47931 21093  174.57616   92 3149  936.91725  174.57616  81.4%  52.4  275s
 47943 21102  175.75919   46 3353  936.91725  175.75919  81.2%  59.2  280s
 47952 21108  242.94530  169 3015  936.91725  176.12710  81.2%  59.1  286s
 47959 21113  667.86874  373 3062  936.91725  176.84557  81.1%  59.1  291s
 47969 21119  422.00890  237 3025  936.91725  178.66392  80.9%  59.1  295s
 47980 21127  220.87564  127 3056  936.91725  179.73342  80.8%  59.1  300s
 47992 21135  181.87947   59 2979  936.91725  181.87947  80.6%  59.1  306s
 48001 21141  693.69782  248 3018  936.91725  182.69463  80.5%  59.1  311s
 48008 21145  326.86628  228 3098  936.91725  183.46021  80.4%  59.1  315s
 48021 21154  874.04465  518 3071  936.91725  184.97085  80.3%  59.1  320s
 48032 21161  185.47727   42 3090  936.91725  185.47727  80.2%  59.0  325s
 48045 21170  185.81761   46 3079  936.91725  185.81761  80.2%  59.0  330s
 48056 21177  653.82393  417 3055  936.91725  188.05115  79.9%  59.0  335s
 48068 21185  302.27127  187 3019  936.91725  188.94741  79.8%  59.0  340s
 48082 21195  189.33146   77 2967  936.91725  189.33146  79.8%  59.0  345s
 48095 21203  236.48248  149 2969  936.91725  189.95090  79.7%  59.0  350s
 48109 21213  511.35397  306 2950  936.91725  191.23837  79.6%  59.0  355s
 48121 21221  874.04465  518 3040  936.91725  191.73666  79.5%  58.9  360s
 48132 21228  192.35964   42 3047  936.91725  192.35964  79.5%  58.9  365s
 48143 21235  193.11827   46 3051  936.91725  193.11827  79.4%  58.9  370s
 48156 21244  653.82393  417 3037  936.91725  194.19595  79.3%  58.9  375s
 48164 21249  768.67235  475 3065  936.91725  194.40670  79.3%  58.9  380s
 48174 21256  683.91966  421 3065  936.91725  194.74888  79.2%  58.9  385s
 48183 21262  194.90395   98 3114  936.91725  194.90395  79.2%  58.9  390s
 48194 21269  559.37631  322 3048  936.91725  195.44037  79.1%  58.8  395s
 48206 21277  918.29428  574 3082  936.91725  196.04766  79.1%  58.8  400s
 48218 21285  541.36858  244 3136  936.91725  196.58032  79.0%  58.8  405s
 48226 21291  443.53965  245 3076  936.91725  197.01294  79.0%  58.8  410s
 48238 21299  627.92174  404 3139  936.91725  197.42293  78.9%  58.8  415s
 48250 21307  197.76696   64 3117  936.91725  197.76696  78.9%  58.8  420s
 48261 21314  497.32348  334 3104  936.91725  200.49622  78.6%  58.8  425s
 48272 21321  409.79121  245 3078  936.91725  201.24173  78.5%  58.8  430s
 48283 21329  201.49753   98 3120  936.91725  201.49753  78.5%  58.7  435s
 48293 21335  794.86464  475 3095  936.91725  201.82930  78.5%  58.7  440s
 48309 21347  511.35397  306 3227  936.91725  202.13478  78.4%  62.9  446s
 48316 21352  411.26164  238 3085  936.91725  203.08007  78.3%  62.9  451s
 48322 21356  388.59713  175 3067  936.91725  203.31383  78.3%  62.9  455s
 48330 21361  405.72597  241 3026  936.91725  203.99898  78.2%  62.9  460s
 48338 21366  627.92174  404 3047  936.91725  204.56874  78.2%  62.9  465s
 48347 21372  575.72525  372 3047  936.91725  204.74245  78.1%  62.9  470s
 48355 21378  539.43064  310 3033  936.91725  205.07370  78.1%  62.9  475s
 48362 21382  596.47319  375 3004  936.91725  206.32818  78.0%  62.8  480s
 48376 21392  419.00847  216 3098  936.91725  208.77711  77.7%  62.8  485s
 48388 21400  859.35822  255 3093  936.91725  210.68336  77.5%  62.8  490s
 48400 21408  408.32834  248 3162  936.91725  211.13968  77.5%  62.8  495s
 48410 21414  211.60623   70 3119  936.91725  211.60623  77.4%  62.8  500s
 48422 21422  388.59713  175 3134  936.91725  212.18162  77.4%  62.8  505s
 48434 21430  212.94788  113 3117  936.91725  212.94788  77.3%  62.8  510s
 48446 21438  740.95123  474 3080  936.91725  213.69992  77.2%  62.7  515s
 48455 21444  539.43064  310 3086  936.91725  213.79937  77.2%  62.7  520s
 48465 21451  673.87166  209 3095  936.91725  213.92642  77.2%  62.7  525s
 48474 21457  683.91966  421 3104  936.91725  214.12081  77.1%  62.7  530s
 48485 21464  913.23940  557 3120  936.91725  214.56623  77.1%  62.7  535s
 48495 21471  236.48248  149 3151  936.91725  214.78219  77.1%  62.7  540s
 48506 21478  918.29428  574 3158  936.91725  215.10314  77.0%  62.7  545s
 48517 21486  908.53296  538 3200  936.91725  215.83457  77.0%  62.6  550s
 48527 21492  460.63977  314 3171  936.91725  216.69331  76.9%  62.6  555s
 48538 21500  627.92174  404 3162  936.91725  217.16433  76.8%  62.6  560s
 48547 21506  575.72525  372 3195  936.91725  217.47265  76.8%  62.6  565s
 48558 21513  868.39534  761 3194  936.91725  218.14614  76.7%  62.6  570s
 48569 21520  422.00890  237 3129  936.91725  218.76279  76.7%  62.6  575s
