================================================================================
Class1-First Strategy Test: CONTRACEPTIVE
================================================================================
Dataset: /home/bs10081/Developer/NSVORA/Archive/contraceptive_split.xlsx
Timestamp: 20260224_021834
Time limit: 1800s per classifier
C: 1.0, M: 1000.0
================================================================================

Loading data...
Loaded multi-class data:
  Class 1: 503 samples
  Class 2: 266 samples
  Class 3: 409 samples
  Features: 9
Loaded multi-class data:
  Class 1: 126 samples
  Class 2: 67 samples
  Class 3: 102 samples
  Features: 9
Training set sizes: Class 1: 503, Class 2: 266, Class 3: 409
Test set size: 295

============================================================
Training Class1-First Hierarchical CE-SVM
============================================================
Class 1: 503 samples
Class 2: 266 samples
Class 3: 409 samples
Features: 9

============================================================
Training H1: Class 1 (+1) vs {Class 2, 3} (-1)
============================================================
H1 Training samples: 1178
  Positive (+1, Class 1): 503 samples
  Negative (-1, Class 2+3): 675 samples

Set parameter Username
Set parameter LicenseID to value 2749150
Academic license - for non-commercial use only - expires 2026-12-03
Set parameter TimeLimit to value 1800
Set parameter MIPGap to value 0.0001
Set parameter OutputFlag to value 1
Set parameter Threads to value 0
Gurobi Optimizer version 13.0.1 build v13.0.1rc0 (linux64 - "Ubuntu 24.04.4 LTS")

CPU model: AMD Ryzen 9 9900X 12-Core Processor, instruction set [SSE2|AVX|AVX2|AVX512]
Thread count: 20 physical cores, 20 logical processors, using up to 20 threads

Non-default parameters:
TimeLimit  1800

Optimize a model with 8266 rows, 4742 columns and 35658 nonzeros (Min)
Model fingerprint: 0xaae2bcdc
Model has 3554 linear objective coefficients
Variable types: 1199 continuous, 3543 integer (3543 binary)
Coefficient statistics:
  Matrix range     [1e-07, 1e+03]
  Objective range  [1e+00, 1e+00]
  Bounds range     [1e+00, 1e+00]
  RHS range        [1e+00, 1e+03]

Presolve removed 361 rows and 211 columns
Presolve time: 0.03s
Presolved: 7905 rows, 4531 columns, 35238 nonzeros
Variable types: 19 continuous, 4512 integer (3384 binary)
Found heuristic solution: objective 3534.0000000
Found heuristic solution: objective 3533.0000000
Found heuristic solution: objective 1176.0000000

Root relaxation: objective 3.576557e-01, 3876 iterations, 0.09 seconds (0.47 work units)

    Nodes    |    Current Node    |     Objective Bounds      |     Work
 Expl Unexpl |  Obj  Depth IntInf | Incumbent    BestBd   Gap | It/Node Time

     0     0    0.35766    0 3384 1176.00000    0.35766   100%     -    0s
H    0     0                    1005.0000000    2.98188   100%     -    0s
     0     0    2.98188    0 3522 1005.00000    2.98188   100%     -    0s
     0     0    3.18542    0 3536 1005.00000    3.18542   100%     -    0s
     0     0   11.85732    0 2692 1005.00000   11.85732  98.8%     -    0s
     0     0   11.92634    0 2694 1005.00000   11.92634  98.8%     -    0s
     0     0   18.55315    0 3217 1005.00000   18.55315  98.2%     -    0s
     0     0   18.93873    0 3133 1005.00000   18.93873  98.1%     -    0s
     0     0   19.07000    0 3172 1005.00000   19.07000  98.1%     -    0s
     0     0   19.07500    0 3156 1005.00000   19.07500  98.1%     -    0s
     0     0   23.96470    0 3299 1005.00000   23.96470  97.6%     -    1s
     0     0   24.34807    0 3284 1005.00000   24.34807  97.6%     -    1s
     0     0   24.50676    0 3422 1005.00000   24.50676  97.6%     -    1s
     0     0   24.53248    0 3470 1005.00000   24.53248  97.6%     -    1s
     0     0   24.53361    0 3475 1005.00000   24.53361  97.6%     -    1s
     0     0   24.93165    0 3276 1005.00000   24.93165  97.5%     -    1s
     0     0   24.94221    0 3313 1005.00000   24.94221  97.5%     -    1s
     0     0   24.94334    0 3306 1005.00000   24.94334  97.5%     -    1s
     0     0   24.97168    0 3228 1005.00000   24.97168  97.5%     -    1s
     0     0   25.01195    0 3192 1005.00000   25.01195  97.5%     -    1s
     0     0   25.02476    0 3186 1005.00000   25.02476  97.5%     -    1s
     0     0   25.02978    0 3237 1005.00000   25.02978  97.5%     -    1s
     0     0   25.72873    0 3092 1005.00000   25.72873  97.4%     -    1s
     0     0   25.85065    0 3179 1005.00000   25.85065  97.4%     -    2s
     0     0   25.85306    0 3181 1005.00000   25.85306  97.4%     -    2s
     0     0   26.60185    0 3358 1005.00000   26.60185  97.4%     -    2s
     0     0   26.64717    0 3406 1005.00000   26.64717  97.3%     -    2s
     0     0   26.65147    0 3405 1005.00000   26.65147  97.3%     -    2s
     0     0   26.78529    0 3268 1005.00000   26.78529  97.3%     -    2s
     0     0   26.95630    0 3236 1005.00000   26.95630  97.3%     -    2s
     0     0   26.96924    0 3200 1005.00000   26.96924  97.3%     -    2s
     0     0   26.99060    0 3197 1005.00000   26.99060  97.3%     -    2s
     0     0   26.99088    0 3207 1005.00000   26.99088  97.3%     -    2s
     0     0   27.27893    0 3250 1005.00000   27.27893  97.3%     -    2s
     0     0   27.36431    0 3254 1005.00000   27.36431  97.3%     -    2s
     0     0   27.38097    0 3256 1005.00000   27.38097  97.3%     -    2s
     0     0   27.38401    0 3251 1005.00000   27.38401  97.3%     -    2s
     0     0   27.41842    0 3283 1005.00000   27.41842  97.3%     -    2s
     0     0   27.41980    0 3277 1005.00000   27.41980  97.3%     -    2s
     0     0   27.44074    0 3190 1005.00000   27.44074  97.3%     -    2s
     0     0   27.44407    0 3177 1005.00000   27.44407  97.3%     -    2s
     0     0   27.68962    0 3097 1005.00000   27.68962  97.2%     -    2s
     0     0   27.81600    0 3081 1005.00000   27.81600  97.2%     -    2s
     0     0   27.81720    0 3089 1005.00000   27.81720  97.2%     -    2s
     0     0   27.81786    0 3094 1005.00000   27.81786  97.2%     -    2s
     0     0   27.81888    0 3091 1005.00000   27.81888  97.2%     -    2s
     0     0   27.81894    0 3092 1005.00000   27.81894  97.2%     -    2s
     0     0   27.82017    0 3101 1005.00000   27.82017  97.2%     -    2s
     0     0   27.94099    0 3205 1005.00000   27.94099  97.2%     -    2s
     0     0   28.00024    0 3152 1005.00000   28.00024  97.2%     -    2s
     0     0   28.01295    0 3144 1005.00000   28.01295  97.2%     -    2s
     0     0   28.01813    0 3138 1005.00000   28.01813  97.2%     -    2s
     0     0   28.06716    0 3176 1005.00000   28.06716  97.2%     -    2s
     0     0   28.07154    0 3175 1005.00000   28.07154  97.2%     -    2s
     0     0   28.07571    0 3151 1005.00000   28.07571  97.2%     -    3s
     0     0   28.07631    0 3152 1005.00000   28.07631  97.2%     -    3s
     0     0   28.07639    0 3149 1005.00000   28.07639  97.2%     -    3s
     0     0   28.07713    0 3149 1005.00000   28.07713  97.2%     -    3s
     0     0   28.07713    0 3149 1005.00000   28.07713  97.2%     -    3s
     0     2   28.07810    0 3149 1005.00000   28.07810  97.2%     -    3s
   172   218  148.79555   10 1737 1005.00000   29.76019  97.0%   507    5s
  2441  2315  334.76409  144 1771 1005.00000   29.76019  97.0%   108   10s
H 2811  2477                     938.9192323   29.76019  96.8%   100   10s
H 2851  2809                     937.9172442   29.76019  96.8%  99.0   10s
H 3694  3563                     936.9172462   29.76019  96.8%  85.4   10s
  6005  5400  860.17942  511 1006  936.91725   29.82182  96.8%  66.0   15s
 12033  9966  265.26121  164 3149  936.91725   29.91643  96.8%  46.8   20s
 12077  9995  275.19203  161 3275  936.91725   54.40223  94.2%  46.7   25s
 12111 10018  921.46407  626 3319  936.91725   62.56519  93.3%  46.5   30s
 12152 10045  797.94693  484 3123  936.91725   70.94502  92.4%  46.4   35s
 12196 10076  136.43527   79 3074  936.91725   73.26687  92.2%  50.8   40s
 12226 10096  683.40827  335 3196  936.91725   74.88588  92.0%  50.6   45s
 12258 10117  156.50466  100 3011  936.91725   76.85358  91.8%  50.5   50s
 12470 10282   82.67269   35 2464  936.91725   77.37707  91.7%  59.9   55s
 13556 10989  111.98157   48 2436  936.91725   77.37707  91.7%  70.2   60s
 17573 11654 infeasible  198       936.91725   77.37707  91.7%  66.4   65s
 20671 11801  663.34008  308 1101  936.91725   77.37707  91.7%  62.2   70s
 23477 12082  843.68813  409  770  936.91725   77.37707  91.7%  60.1   75s
 28042 12855   92.02809   39 3238  936.91725   77.37707  91.7%  59.3   80s
 34960 15823   90.35023   39 3398  936.91725   78.62848  91.6%  55.2   85s
 38046 16622  100.10983   59 3100  936.91725   78.78307  91.6%  55.3   90s
 45357 20770  428.85944  246 2652  936.91725   79.00571  91.6%  53.7   95s
 47448 20771  113.34213   81 3149  936.91725   79.00571  91.6%  52.9  104s
 47451 20773  150.99627   88 2904  936.91725   91.36370  90.2%  52.9  105s
 47474 20788  683.91966  421 3143  936.91725   98.47276  89.5%  52.9  110s
 47489 20798  102.21344   49 3090  936.91725  102.21344  89.1%  52.9  115s
 47506 20810  918.29428  574 3243  936.91725  106.06454  88.7%  52.9  120s
 47525 20822  119.58148   78 3242  936.91725  110.11753  88.2%  52.9  125s
 47543 20834  112.40593   46 3184  936.91725  112.40593  88.0%  52.8  130s
 47563 20848  136.92133   91 3172  936.91725  120.21236  87.2%  52.8  135s
 47581 20860  182.30566   88 3125  936.91725  126.71633  86.5%  52.8  140s
 47597 20870  863.23498  535 3117  936.91725  130.57296  86.1%  52.8  145s
 47614 20882  133.63739   58 3177  936.91725  133.63739  85.7%  52.8  150s
 47631 20893  145.67896   92 3172  936.91725  137.33013  85.3%  52.7  155s
 47647 20904  575.72525  372 3160  936.91725  140.87957  85.0%  52.7  160s
 47661 20913  497.32348  334 3275  936.91725  143.12272  84.7%  52.7  165s
 47678 20924  214.10450  139 3173  936.91725  145.63711  84.5%  52.7  170s
 47688 20931  859.35822  255 3135  936.91725  146.93602  84.3%  52.7  175s
 47703 20941  150.18877   69 3195  936.91725  150.18877  84.0%  52.7  180s
 47718 20951  541.36858  244 3157  936.91725  152.83737  83.7%  52.6  185s
 47733 20961  876.62697  578 3177  936.91725  154.75599  83.5%  52.6  190s
 47745 20969  156.08339   46 3150  936.91725  156.08339  83.3%  52.6  195s
 47757 20977  415.38473  257 3139  936.91725  157.64973  83.2%  52.6  200s
 47772 20987  409.79121  245 3204  936.91725  159.22339  83.0%  52.6  205s
 47785 20996  913.23940  557 3227  936.91725  159.98277  82.9%  52.6  210s
 47798 21004  836.78048  529 3216  936.91725  160.82539  82.8%  52.6  215s
 47812 21014  480.61185  238 3275  936.91725  161.78923  82.7%  52.5  220s
 47824 21022  320.33075  193 3313  936.91725  162.74802  82.6%  52.5  225s
 47836 21030  772.04962  392 3336  936.91725  163.54231  82.5%  52.5  230s
 47849 21038  174.11631  120 3273  936.91725  164.69041  82.4%  52.5  235s
 47863 21048  165.53701   91 3288  936.91725  165.53701  82.3%  52.5  246s
 47871 21053  166.54354   91 3108  936.91725  166.54354  82.2%  52.5  250s
 47883 21061  168.99742   98 3158  936.91725  168.99742  82.0%  52.5  255s
 47896 21070  278.60384  169 3140  936.91725  170.65870  81.8%  52.5  260s
 47907 21077  401.61525  247 3163  936.91725  172.39621  81.6%  52.4  265s
 47920 21086  173.20292   43 3141  936.91725  173.20292  81.5%  52.4  270s
 47932 21094  175.08300   42 3131  936.91725  175.08300  81.3%  52.4  275s
 47944 21103  175.75919  111 3019  936.91725  175.75919  81.2%  59.2  280s
 47952 21108  242.94530  169 3015  936.91725  176.12710  81.2%  59.1  285s
 47959 21113  667.86874  373 3062  936.91725  176.84557  81.1%  59.1  290s
 47969 21119  422.00890  237 3025  936.91725  178.66392  80.9%  59.1  295s
 47980 21127  220.87564  127 3056  936.91725  179.73342  80.8%  59.1  300s
 47992 21135  181.87947   59 2979  936.91725  181.87947  80.6%  59.1  305s
 48001 21141  693.69782  248 3018  936.91725  182.69463  80.5%  59.1  310s
 48008 21145  326.86628  228 3098  936.91725  183.46021  80.4%  59.1  315s
 48021 21154  874.04465  518 3071  936.91725  184.97085  80.3%  59.1  320s
 48033 21162  876.62697  578 3090  936.91725  185.51285  80.2%  59.0  325s
 48045 21170  185.81761   46 3079  936.91725  185.81761  80.2%  59.0  330s
 48056 21177  653.82393  417 3055  936.91725  188.05115  79.9%  59.0  335s
 48068 21185  302.27127  187 3019  936.91725  188.94741  79.8%  59.0  340s
 48082 21195  189.33146   77 2967  936.91725  189.33146  79.8%  59.0  345s
 48095 21203  236.48248  149 2969  936.91725  189.95090  79.7%  59.0  350s
 48109 21213  511.35397  306 2950  936.91725  191.23837  79.6%  59.0  355s
 48122 21221  388.59713  175 3030  936.91725  191.74062  79.5%  58.9  360s
 48132 21228  192.35964   42 3047  936.91725  192.35964  79.5%  58.9  365s
 48143 21235  193.11827   46 3051  936.91725  193.11827  79.4%  58.9  370s
 48156 21244  653.82393  417 3037  936.91725  194.19595  79.3%  58.9  375s
 48164 21249  768.67235  475 3065  936.91725  194.40670  79.3%  58.9  380s
 48173 21255  424.72239  257 3080  936.91725  194.69324  79.2%  58.9  385s
 48182 21261  194.86361   77 3115  936.91725  194.86361  79.2%  58.9  390s
 48193 21269  794.86464  475 3071  936.91725  195.30898  79.2%  58.9  395s
 48205 21277  725.54160  436 3083  936.91725  196.04246  79.1%  58.8  400s
 48216 21284  411.26164  238 3124  936.91725  196.56071  79.0%  58.8  405s
 48226 21291  443.53965  245 3076  936.91725  197.01294  79.0%  58.8  410s
 48237 21298  264.72984  162 3139  936.91725  197.41765  78.9%  58.8  415s
 48248 21305  197.73816   81 3109  936.91725  197.73816  78.9%  58.8  420s
 48260 21313  200.05274   72 3085  936.91725  200.05274  78.6%  58.8  425s
 48270 21320  416.36598  234 3064  936.91725  201.19274  78.5%  58.8  430s
 48281 21327  201.48444   88 3098  936.91725  201.48444  78.5%  58.7  435s
 48292 21335  201.72362   59 3104  936.91725  201.72362  78.5%  58.7  440s
 48308 21346  326.86628  228 1485  936.91725  202.13478  78.4%  62.9  445s
 48315 21351  512.90205  302 3113  936.91725  202.13478  78.4%  62.9  450s
 48321 21355  874.04465  518 3027  936.91725  203.30658  78.3%  62.9  455s
 48330 21361  405.72597  241 3026  936.91725  203.99898  78.2%  62.9  460s
 48337 21366  264.72984  162 3072  936.91725  204.47117  78.2%  62.9  465s
 48346 21372  740.95123  474 3056  936.91725  204.69611  78.2%  62.9  470s
 48353 21376  205.05960   97 3002  936.91725  205.05960  78.1%  62.9  475s
 48361 21382  497.32348  334 3087  936.91725  205.66925  78.0%  62.8  480s
 48372 21389  409.79121  245 3079  936.91725  208.70231  77.7%  62.8  485s
 48384 21397  785.98774  555 3080  936.91725  210.44457  77.5%  62.8  490s
 48397 21406  863.23498  535 3158  936.91725  211.08316  77.5%  62.8  495s
 48408 21413  326.86628  228 3141  936.91725  211.57782  77.4%  62.8  500s
 48421 21422  874.04465  518 3157  936.91725  211.81916  77.4%  62.8  505s
 48433 21430  876.62697  578 3108  936.91725  212.85975  77.3%  62.8  510s
 48444 21437  213.68114  111 3088  936.91725  213.68114  77.2%  62.7  515s
 48453 21443  213.78072   97 3102  936.91725  213.78072  77.2%  62.7  520s
 48464 21450  768.67235  475 3083  936.91725  213.92624  77.2%  62.7  525s
 48473 21456  424.72239  257 3097  936.91725  214.09794  77.1%  62.7  530s
 48483 21463  214.52097   98 3121  936.91725  214.52097  77.1%  62.7  535s
 48493 21470  794.86464  475 3157  936.91725  214.76603  77.1%  62.7  540s
 48503 21476  214.96710   69 3198  936.91725  214.96710  77.1%  62.7  545s
 48514 21484  215.68460   58 3222  936.91725  215.68460  77.0%  62.6  550s
 48523 21490  216.54369   92 3182  936.91725  216.54369  76.9%  62.6  555s
 48534 21497  216.97096  113 3188  936.91725  216.97096  76.8%  62.6  560s
 48544 21504  217.40036  111 3205  936.91725  217.40036  76.8%  62.6  565s
 48555 21511  539.43064  310 3217  936.91725  217.80095  76.8%  62.6  570s
 48566 21518  565.08845  331 3168  936.91725  218.69986  76.7%  62.6  575s
 48575 21524  492.89921  399 3167  936.91725  219.19898  76.6%  62.6  580s
 48584 21530  785.98774  555 3211  936.91725  219.80457  76.5%  62.6  586s
 48592 21536  220.09714   59 3249  936.91725  220.09714  76.5%  62.5  590s
 48602 21542  391.20432  208 3258  936.91725  220.39253  76.5%  62.5  595s
 48612 21549  480.61185  238 3243  936.91725  220.74111  76.4%  62.5  600s
 48622 21556  388.59713  175 3124  936.91725  221.27882  76.4%  62.5  605s
 48631 21562  221.87118   92 3216  936.91725  221.87118  76.3%  62.5  610s
 48643 21571  222.08096   46 3165  936.91725  222.08096  76.3%  66.3  615s
 48649 21575  222.11671  120 3157  936.91725  222.11671  76.3%  66.3  620s
 48654 21579  227.81351  139 3140  936.91725  222.29136  76.3%  66.3  625s
 48662 21584  596.47319  375 3154  936.91725  222.40440  76.3%  66.3  630s
 48668 21588  302.27127  187 3150  936.91725  222.46571  76.3%  66.2  635s
 48674 21592  683.91966  421 3169  936.91725  222.63861  76.2%  66.2  640s
 48680 21596  223.55159  127 3179  936.91725  223.55159  76.1%  66.2  646s
 48687 21601  834.97239  490 3204  936.91725  224.32955  76.1%  66.2  650s
 48699 21609  889.73876  339 3207  936.91725  224.82360  76.0%  66.2  655s
 48709 21615  511.35397  306 3114  936.91725  225.13626  76.0%  66.2  661s
 48716 21620  411.26164  238 3177  936.91725  225.77169  75.9%  66.2  665s
 48726 21627  443.53965  245 3091  936.91725  226.84346  75.8%  66.2  670s
 48738 21635  627.92174  404 3201  936.91725  227.93023  75.7%  66.2  675s
 48750 21643  228.55884   64 3165  936.91725  228.55884  75.6%  66.1  680s
 48758 21648  868.39534  761 3147  936.91725  228.77097  75.6%  66.1  685s
 48770 21656  416.36598  234 3187  936.91725  229.10599  75.5%  66.1  690s
 48781 21663  229.62124   88 3174  936.91725  229.62124  75.5%  66.1  695s
 48789 21669  229.81923   49 3135  936.91725  229.81923  75.5%  66.1  700s
 48799 21675  889.73876  339 3126  936.91725  230.90340  75.4%  66.1  705s
 48809 21682  511.35397  306 3182  936.91725  232.36040  75.2%  66.1  710s
 48821 21690  874.04465  518 3144  936.91725  233.34943  75.1%  66.0  715s
 48830 21696  405.72597  241 3181  936.91725  234.48810  75.0%  66.0  720s
 48841 21703  234.96654  135 3154  936.91725  234.96654  74.9%  66.0  725s
 48851 21710  235.28687   88 3186  936.91725  235.28687  74.9%  66.0  730s
 48860 21716  235.71847   72 3165  936.91725  235.71847  74.8%  66.0  735s
 48869 21722  422.00890  237 3154  936.91725  236.03097  74.8%  66.0  740s
 48879 21729  905.30476  567 3183  936.91725  236.29029  74.8%  66.0  745s
 48890 21736  237.35711   40 3229  936.91725  237.35711  74.7%  65.9  750s
 48901 21743  693.69782  248 3173  936.91725  238.12725  74.6%  65.9  755s
 48913 21751  586.40940  344 3201  936.91725  238.60373  74.5%  65.9  760s
 48926 21760  443.53965  245 3117  936.91725  238.83597  74.5%  65.9  765s
 48942 21771  238.92018   59 3168  936.91725  238.92018  74.5%  65.9  770s
 48951 21777  239.08469   88 3129  936.91725  239.08469  74.5%  65.9  777s
 48954 21784  239.68245   76 3127  936.91725  239.41730  74.4%  69.8  781s
 48966 21804  241.25548   78 3424  936.91725  240.08255  74.4%  70.4  786s
 49002 21847  242.73761   80 3152  936.91725  240.82747  74.3%  72.0  791s
 49065 21906  243.99774   82 3363  936.91725  240.82747  74.3%  74.3  797s
 49117 21936  243.91099   82 3533  936.91725  240.82747  74.3%  75.5  800s
 49235 22008  244.91713   84 3507  936.91725  240.82747  74.3%  78.0  808s
 49278 22043  244.70821   84 3552  936.91725  240.82747  74.3%  78.7  811s
 49373 22076  244.76567   86 3560  936.91725  240.82747  74.3%  80.1  816s
 49439 22129  245.36467   87 3614  936.91725  240.82747  74.3%  81.3  822s
 49518 22183  246.01062   88 3603  936.91725  240.82747  74.3%  82.4  826s
 49618 22289  245.75255   89 3636  936.91725  240.82747  74.3%  84.1  830s
 49816 22430  246.96413   91 3530  936.91725  240.82747  74.3%  86.4  837s
 50024 22581  247.70386   93 3363  936.91725  240.82747  74.3%  88.8  844s
 50148 22631  247.70719   94 3365  936.91725  240.82747  74.3%  90.2  847s
 50243 22745  248.98211   95 3305  936.91725  240.82747  74.3%  91.3  852s
 50393 22853  248.46647   96 3332  936.91725  240.82747  74.3%  92.6  855s
 50711 22930  249.02320   98 3368  936.91725  240.82747  74.3%  95.4  861s
 50922 23134  249.62695   99 3336  936.91725  240.82747  74.3%  96.3  866s
 51332 23340  249.53905  101 3349  936.91725  240.82747  74.3%  98.8  871s
 51495 23543  249.87179  103 3373  936.91725  240.82747  74.3%   100  875s
 52076 23820  250.40025  107 3349  936.91725  240.82747  74.3%   102  880s
 52722 24106  251.29611  109 3338  936.91725  240.82747  74.3%   105  885s
 53535 24387 infeasible  112       936.91725  240.82747  74.3%   106  890s
 54307 24791  255.98656  115 3236  936.91725  241.15623  74.3%   108  897s
 54869 25003  256.84622  117 3116  936.91725  241.15623  74.3%   109  900s
 56257 25260  259.79778  121 2999  936.91725  241.15623  74.3%   110  905s
 57937 25587  260.63566  124 2991  936.91725  241.15623  74.3%   109  910s
 60132 25603  264.03771  127 2979  936.91725  241.19985  74.3%   107  917s
 60823 25634  267.99567  128 2996  936.91725  241.19985  74.3%   106  921s
 61540 25561  272.80329  129 2909  936.91725  241.19985  74.3%   106  927s
 62013 25525  274.27976  130 2963  936.91725  241.19985  74.3%   106  930s
 62263 25549  276.77286  131 2974  936.91725  241.19985  74.3%   108  935s
 62642 25733  277.91583  135 2953  936.91725  241.42143  74.2%   110  942s
 62875 25932 infeasible  139       936.91725  241.42143  74.2%   112  945s
 63288 26233 infeasible  141       936.91725  241.42143  74.2%   113  951s
 63929 26381 infeasible  144       936.91725  241.42143  74.2%   114  955s
 64453 26621  284.00897  145 2881  936.91725  241.42143  74.2%   115  961s
 65082 27008  286.32444  148 2835  936.91725  241.42143  74.2%   117  966s
 65938 27557  288.22760  152 2803  936.91725  241.42143  74.2%   118  972s
 67291 27610  302.29842  156 2336  936.91725  241.42143  74.2%   118  978s
 68348 27788  294.51743  157 2795  936.91725  241.42143  74.2%   118  984s
 69176 28497  314.55776  160 2375  936.91725  241.42143  74.2%   118  989s
 70414 28691  323.33725  167 2297  936.91725  241.42143  74.2%   118  998s
 71446 28364  334.42738  176 2281  936.91725  241.42143  74.2%   119 1012s
 71468 28374  345.27852  176 2293  936.91725  241.42143  74.2%   119 1025s
 71490 28386  336.41849  177 2277  936.91725  241.42143  74.2%   119 1034s
 71511 28394 infeasible  177       936.91725  241.42143  74.2%   119 1043s
 71535 28808 infeasible  178       936.91725  241.42143  74.2%   120 1053s
 72144 29103 infeasible  179       936.91725  241.42144  74.2%   119 1065s
 72969 30361  376.10221  198 2152  936.91725  241.42144  74.2%   120 1076s
 75343 31450  526.12513  275 1791  936.91725  241.42144  74.2%   121 1086s
 78389 31647  781.12194  410 1334  936.91725  241.42144  74.2%   120 1094s
 80552 31707  270.64075   88 2993  936.91725  241.42144  74.2%   120 1104s
 81966 31295  274.34002   94 2937  936.91725  241.42144  74.2%   120 1112s
 82027 31721  275.83540   95 2890  936.91725  241.42144  74.2%   121 1119s
 82716 31758  275.96526   96 2894  936.91725  241.42144  74.2%   120 1126s
 83099 31688  277.29552   97 2895  936.91725  241.62842  74.2%   120 1133s
 83183 31958  277.61104   98 2924  936.91725  241.62842  74.2%   120 1145s
 83520 32026  278.07833   99 2871  936.91725  241.62842  74.2%   121 1154s
 83902 32416  278.44909  100 2886  936.91725  241.62842  74.2%   121 1165s
 84682 32423  279.87418  101 2822  936.91725  241.62842  74.2%   120 1178s
 85192 32587  280.20878  102 2810  936.91725  241.62842  74.2%   121 1201s
 85673 32815  282.61092  103 2850  936.91725  241.62842  74.2%   121 1214s
 86437 33315  284.46662  104 2801  936.91725  241.62842  74.2%   121 1233s
 87429 33513  286.73354  105 2748  936.91725  241.62842  74.2%   121 1249s
 88124 33506  288.24433  106 2670  936.91725  241.88941  74.2%   121 1263s
 88374 34495  289.60004  107 2757  936.91725  242.43249  74.1%   122 1279s
 89614 35346  290.09109  108 2835  936.91725  242.43249  74.1%   123 1297s
 91591 35701  291.15088  109 2808  936.91725  242.43249  74.1%   122 1313s
 92956 35948  293.65597  110 2840  936.91725  242.43249  74.1%   123 1331s
 93765 38713  294.76680  111 2788  936.91725  242.43249  74.1%   126 1350s
 97369 38683  327.84400  159 2571  936.91725  242.43249  74.1%   126 1363s
 99332 38665  928.05921  474  827  936.91725  242.43249  74.1%   126 1378s
 100542 40069  267.59275   84 3158  936.91725  242.43249  74.1%   128 1394s
 103003 40796  287.86447  116 2849  936.91725  242.43249  74.1%   129 1410s
 104987 42315  372.96898  210 2847  936.91725  242.43249  74.1%   131 1437s
 108173 42875  288.15407  123 3348  936.91725  242.43249  74.1%   131 1453s
 110999 43510  290.22142  126 3196  936.91725  242.43249  74.1%   131 1469s
 113136 44584  294.15061   93 2814  936.91725  242.43249  74.1%   132 1486s
 116313 47193  318.25917  122 2773  936.91725  242.43249  74.1%   132 1503s
 119613 50200     cutoff  511       936.91725  242.43249  74.1%   132 1528s
 123050 52573  297.54660  105 2892  936.91725  242.43249  74.1%   133 1544s
 125864 55295  340.54882  181 3152  936.91725  242.43249  74.1%   134 1561s
 129354 56918  291.82812   92 3086  936.91725  242.43249  74.1%   134 1576s
 131213 57552  294.02825   93 3003  936.91725  242.43249  74.1%   135 1591s
 132010 61145  315.22698  120 2882  936.91725  242.43249  74.1%   137 1610s
 138284 62034  297.92105   94 2869  936.91725  242.43249  74.1%   134 1625s
 139355 63392  296.77232  111 3331  936.91725  242.43249  74.1%   135 1639s
 141075 65161  299.11056  114 3200  936.91725  242.43249  74.1%   136 1651s
 143005 68997  323.55345  151 2964  936.91725  242.43249  74.1%   137 1673s
 147917 70115  321.70596  107 2898  936.91725  242.43249  74.1%   137 1685s
 149622 71090  325.21370  108 2886  936.91725  242.43249  74.1%   137 1697s
 150674 73389  381.13428  178 2503  936.91725  242.43249  74.1%   138 1711s
 153285 74932  302.19512  125 3234  936.91725  242.43249  74.1%   138 1726s
 155039 76384  303.67488  126 3173  936.91725  242.43249  74.1%   139 1740s
 156623 78855  331.25766  156 3130  936.91725  242.43249  74.1%   140 1757s
 159643 80028  306.01179   86 2701  936.91725  242.43249  74.1%   140 1770s
 160974 82114  329.92798  107 2479  936.91725  242.43249  74.1%   141 1785s
 163893 84605  892.38183  465 1497  936.91725  242.43249  74.1%   142 1800s

Cutting planes:
  Gomory: 246
  Cover: 1528
  Dual implied bound: 35
  Clique: 3
  MIR: 1044
  StrongCG: 9
  Flow cover: 974
  GUB cover: 61
  Inf proof: 124
  Zero half: 5
  RLT: 10
  Relax-and-lift: 14

Explored 168040 nodes (23614620 simplex iterations) in 1800.02 seconds (5470.82 work units)
Thread count was 20 (of 20 available processors)

Solution count 7: 936.917 937.917 938.919 ... 3534

Time limit reached
Best objective 9.369172461527e+02, best bound 2.424324934124e+02, gap 74.1244%
Time limit reached. Using best solution found (gap: 74.12%)

H1 Solution:
  Weights (w): [0. 0. 0. 0. 0. 0. 0. 0. 2.]
  Intercept (b): -1.0
  Objective: 936.917246
  Selected features: 9/9
  L1 norm: 2.000000
  Positive accuracy lb: 0.1213
  Negative accuracy lb: 0.9615

============================================================
Training H2: Class 2 (+1) vs Class 3 (-1)
============================================================
H2 Training samples: 675
  Positive (+1, Class 2): 266 samples
  Negative (-1, Class 3): 409 samples

Set parameter TimeLimit to value 1800
Set parameter MIPGap to value 0.0001
Set parameter OutputFlag to value 1
Set parameter Threads to value 0
Gurobi Optimizer version 13.0.1 build v13.0.1rc0 (linux64 - "Ubuntu 24.04.4 LTS")

CPU model: AMD Ryzen 9 9900X 12-Core Processor, instruction set [SSE2|AVX|AVX2|AVX512]
Thread count: 20 physical cores, 20 logical processors, using up to 20 threads

Non-default parameters:
TimeLimit  1800

Optimize a model with 4745 rows, 2730 columns and 20491 nonzeros (Min)
Model fingerprint: 0x8dbe4424
Model has 2045 linear objective coefficients
Variable types: 696 continuous, 2034 integer (2034 binary)
Coefficient statistics:
  Matrix range     [1e-07, 1e+03]
  Objective range  [1e+00, 1e+00]
  Bounds range     [1e+00, 1e+00]
  RHS range        [1e+00, 8e+02]

Presolve removed 130 rows and 79 columns
Presolve time: 0.02s
Presolved: 4615 rows, 2651 columns, 20594 nonzeros
Variable types: 19 continuous, 2632 integer (1974 binary)
Found heuristic solution: objective 2025.0000000
Found heuristic solution: objective 2024.0000000
Found heuristic solution: objective 673.0000000

Root relaxation: objective -7.542221e-01, 2442 iterations, 0.06 seconds (0.27 work units)

    Nodes    |    Current Node    |     Objective Bounds      |     Work
 Expl Unexpl |  Obj  Depth IntInf | Incumbent    BestBd   Gap | It/Node Time

     0     0   -0.75422    0 2029  673.00000   -0.75422   100%     -    0s
     0     0   12.31651    0 1882  673.00000   12.31651  98.2%     -    0s
     0     0   12.41177    0 1819  673.00000   12.41177  98.2%     -    0s
     0     0   12.41177    0 1836  673.00000   12.41177  98.2%     -    0s
     0     0   12.41177    0 1828  673.00000   12.41177  98.2%     -    0s
H    0     0                     634.5664191   20.02773  96.8%     -    0s
     0     0   20.02773    0 1933  634.56642   20.02773  96.8%     -    0s
     0     0   20.14902    0 1934  634.56642   20.14902  96.8%     -    0s
     0     0   20.15290    0 1938  634.56642   20.15290  96.8%     -    0s
     0     0   26.87764    0 1769  634.56642   26.87764  95.8%     -    0s
     0     0   27.23956    0 1778  634.56642   27.23956  95.7%     -    0s
     0     0   27.33950    0 1779  634.56642   27.33950  95.7%     -    0s
     0     0   27.34888    0 1800  634.56642   27.34888  95.7%     -    0s
     0     0   27.35456    0 1787  634.56642   27.35456  95.7%     -    0s
H    0     0                     590.6917109   27.35456  95.4%     -    0s
     0     0   32.37822    0 1822  590.69171   32.37822  94.5%     -    0s
H    0     0                     571.5158097   32.98621  94.2%     -    0s
H    0     0                     570.5133647   32.98621  94.2%     -    0s
     0     0   32.98621    0 1759  570.51336   32.98621  94.2%     -    0s
     0     0   33.00560    0 1725  570.51336   33.00560  94.2%     -    0s
     0     0   33.01455    0 1726  570.51336   33.01455  94.2%     -    0s
     0     0   33.31874    0 1705  570.51336   33.31874  94.2%     -    0s
     0     0   33.35769    0 1720  570.51336   33.35769  94.2%     -    0s
     0     0   33.35816    0 1711  570.51336   33.35816  94.2%     -    0s
     0     0   34.65226    0 1786  570.51336   34.65226  93.9%     -    1s
     0     0   34.72300    0 1805  570.51336   34.72300  93.9%     -    1s
     0     0   34.73649    0 1807  570.51336   34.73649  93.9%     -    1s
     0     0   34.74633    0 1802  570.51336   34.74633  93.9%     -    1s
H    0     0                     541.7464474   36.15700  93.3%     -    1s
     0     0   36.15700    0 1746  541.74645   36.15700  93.3%     -    1s
     0     0   36.21668    0 1652  541.74645   36.21668  93.3%     -    1s
     0     0   36.22779    0 1660  541.74645   36.22779  93.3%     -    1s
     0     0   36.51276    0 1794  541.74645   36.51276  93.3%     -    1s
     0     0   36.70921    0 1742  541.74645   36.70921  93.2%     -    1s
     0     0   36.72212    0 1739  541.74645   36.72212  93.2%     -    1s
     0     0   36.72515    0 1732  541.74645   36.72515  93.2%     -    1s
     0     0   38.15016    0 1786  541.74645   38.15016  93.0%     -    1s
     0     0   38.45503    0 1868  541.74645   38.45503  92.9%     -    1s
     0     0   38.48293    0 1888  541.74645   38.48293  92.9%     -    1s
     0     0   38.48949    0 1886  541.74645   38.48949  92.9%     -    1s
     0     0   39.11582    0 1841  541.74645   39.11582  92.8%     -    1s
     0     0   39.24432    0 1879  541.74645   39.24432  92.8%     -    1s
     0     0   39.35567    0 1864  541.74645   39.35567  92.7%     -    1s
     0     0   39.56139    0 1893  541.74645   39.56139  92.7%     -    1s
     0     0   39.58073    0 1894  541.74645   39.58073  92.7%     -    1s
     0     0   39.59443    0 1870  541.74645   39.59443  92.7%     -    1s
     0     0   39.59649    0 1874  541.74645   39.59649  92.7%     -    1s
     0     0   41.03972    0 1699  541.74645   41.03972  92.4%     -    1s
     0     0   41.17955    0 1806  541.74645   41.17955  92.4%     -    1s
     0     0   41.19202    0 1785  541.74645   41.19202  92.4%     -    1s
     0     0   41.40890    0 1723  541.74645   41.40890  92.4%     -    1s
     0     0   41.59067    0 1742  541.74645   41.59067  92.3%     -    1s
     0     0   41.59360    0 1734  541.74645   41.59360  92.3%     -    1s
     0     0   42.00363    0 1763  541.74645   42.00363  92.2%     -    1s
     0     0   42.01496    0 1791  541.74645   42.01496  92.2%     -    1s
     0     0   42.02576    0 1779  541.74645   42.02576  92.2%     -    1s
     0     0   42.02899    0 1776  541.74645   42.02899  92.2%     -    1s
     0     0   42.14444    0 1738  541.74645   42.14444  92.2%     -    1s
     0     0   42.14459    0 1738  541.74645   42.14459  92.2%     -    1s
     0     0   42.14459    0 1738  541.74645   42.14459  92.2%     -    1s
     0     2   42.14492    0 1738  541.74645   42.14492  92.2%     -    1s
H  489   479                     541.7464462   43.54558  92.0%   256    3s
  1722  1700  185.79529   84 1003  541.74645   43.54558  92.0%   140    5s
H 7928  6246                     536.7366675   43.77691  91.8%  60.2    6s
  8804  6940  488.44353  187 1751  536.73667   49.54249  90.8%  60.4   10s
H 8848  6619                     536.7366672   69.80648  87.0%  60.1   13s
  8873  6636  426.77895  226 1818  536.73667   72.90921  86.4%  60.0   15s
H 8885  6311                     536.7366641   74.13838  86.2%  59.9   15s
H 8885  5994                     536.7366640   74.13838  86.2%  59.9   15s
  8945  6035  425.20990  231 1758  536.73666   78.47807  85.4%  62.5   20s
  9475  6434   85.63710   47 1858  536.73666   80.67048  85.0%  74.3   25s
 18001  8199   93.72702   52 1587  536.73666   80.67048  85.0%  66.6   30s
 24380 10820  489.37490  269 1278  536.73666   81.14771  84.9%  63.9   35s
 31912 16361  113.25080   46 1566  536.73666   81.15179  84.9%  62.9   40s
 37662 22110  183.25042   97 1149  536.73666   81.15179  84.9%  63.1   45s
 45942 26143  214.44273  119 1738  536.73666   82.05233  84.7%  62.8   54s
 45946 26146  309.51791  175 1727  536.73666  104.46963  80.5%  62.8   55s
 45984 26171  531.92313  304 1754  536.73666  115.09371  78.6%  62.8   60s
 46008 26187  253.31863   56 1871  536.73666  123.27212  77.0%  62.8   65s
 46043 26210  520.87829  296 1780  536.73666  126.88369  76.4%  62.7   70s
 46074 26231  132.66175   41 1715  536.73666  132.66175  75.3%  62.7   75s
 46105 26252  277.09652  176 1793  536.73666  136.46361  74.6%  62.6   80s
 46129 26268  381.61733  216 1736  536.73666  139.15537  74.1%  62.6   85s
H46139 24957                     536.7366625  142.78787  73.4%  62.6   87s
 46153 24967  440.94899  243 1720  536.73666  143.90273  73.2%  62.6   90s
 46177 24983  264.38197  139 1734  536.73666  148.40073  72.4%  62.5   95s
 46204 25001  361.94822  221 1766  536.73666  150.73712  71.9%  62.5  100s
 46229 25017  381.61733  216 1817  536.73666  152.91722  71.5%  62.5  105s
 46254 25034  230.43111  136 1798  536.73666  154.18338  71.3%  62.4  110s
 46278 25050  340.06688  177 1765  536.73666  157.61675  70.6%  62.4  115s
H46286 23796                     536.7366622  158.49592  70.5%  62.4  116s
H46286 22600                     536.7366620  158.49592  70.5%  62.4  116s
 46303 22612  161.62742   46 1761  536.73666  161.62742  69.9%  62.4  120s
 46327 22628  440.36817  243 1841  536.73666  164.69436  69.3%  62.3  126s
 46344 22639  352.33149  264 1818  536.73666  167.10821  68.9%  62.3  130s
 46369 22656  410.93828  229 1805  536.73666  168.44357  68.6%  62.3  135s
 46391 22672  168.99008   90 1726  536.73666  168.99008  68.5%  66.2  140s
 46407 22682  332.12868  176 1762  536.73666  169.50945  68.4%  66.2  145s
 46424 22694  170.21139  101 1807  536.73666  170.21139  68.3%  66.1  150s
 46442 22706  214.44273  119 1868  536.73666  171.31481  68.1%  66.1  155s
 46466 22722  446.92781  266 1865  536.73666  172.48384  67.9%  66.1  160s
 46485 22734  220.80923  151 1885  536.73666  173.23860  67.7%  66.1  165s
 46507 22749  332.12868  176 1849  536.73666  174.34926  67.5%  66.0  170s
H46507 21609                     536.7366596  174.37838  67.5%  66.0  170s
 46526 21622  306.22607  170 1840  536.73666  175.34661  67.3%  66.0  175s
H46530 20540                     536.7366559  175.78556  67.2%  66.0  176s
 46545 20550  428.11523  244 1847  536.73666  176.17819  67.2%  66.0  180s
 46563 20562  312.21989  179 1830  536.73666  176.51464  67.1%  65.9  185s
 46583 20576  177.96302   56 1837  536.73666  177.96302  66.8%  65.9  190s
 46605 20590  277.09652  176 1846  536.73666  179.60909  66.5%  65.9  195s
 46626 20604  306.22607  170 1832  536.73666  180.59624  66.4%  65.9  200s
 46647 20618  385.32247  215 1808  536.73666  181.70419  66.1%  65.8  205s
 46667 20632  477.06560  283 1834  536.73666  183.70185  65.8%  65.8  210s
 46691 20648  184.87986   90 1820  536.73666  184.87986  65.6%  65.8  215s
 46711 20661  506.27648  299 1816  536.73666  185.39676  65.5%  65.7  220s
 46722 20668  185.53670   44 1834  536.73666  185.53670  65.4%  65.7  225s
 46816 20762  189.25557   64 1522  536.73666  186.60976  65.2%  71.0  230s
 47052 20898 infeasible   68       536.73666  186.60976  65.2%  74.6  235s
H47097 19875                     536.7366505  186.60976  65.2%  75.3  236s
 47308 20052  194.42213   74 1404  536.73665  186.60976  65.2%  77.6  240s
 47728 20317  198.94994   81 1407  536.73665  186.60976  65.2%  80.4  245s
 48375 20710 infeasible   88       536.73665  186.62715  65.2%  82.9  250s
 49604 21288  208.31414   99 1271  536.73665  186.76555  65.2%  85.7  255s
 50951 21868 infeasible  111       536.73665  186.76555  65.2%  87.4  260s
 52651 22120  273.26753  138  952  536.73665  186.76555  65.2%  88.6  265s
 53575 22430  310.86019  175  855  536.73665  186.91597  65.2%  91.5  270s
 55289 23073  191.80150   66 1586  536.73665  186.91597  65.2%  93.2  276s
 56668 24327  195.18961   73 1832  536.73665  186.91597  65.2%  94.6  281s
 58304 24534  201.76398   82 2084  536.73665  186.91597  65.2%  94.5  285s
 59198 24660  211.83997   98 1831  536.73665  186.91597  65.2%  96.2  290s
 59472 24607  218.43646  108 1856  536.73665  186.91597  65.2%  97.9  296s
 59537 24667  219.33131  111 1872  536.73665  186.91597  65.2%  98.4  301s
 60025 25726  258.53478  151 1773  536.73665  186.91597  65.2%  99.0  306s
 61604 26137  193.94616   68 1798  536.73665  186.91597  65.2%   100  310s
 62861 26853  206.33040   88 1733  536.73665  186.91597  65.2%   103  315s
 64854 27790  237.50040  129 1803  536.73665  187.12842  65.1%   104  320s
 67095 28264  196.34725   65 1764  536.73665  187.12842  65.1%   105  326s
 68772 28636  199.58197   73 1923  536.73665  187.12842  65.1%   108  333s
 68870 29159  199.62671   74 1919  536.73665  187.12842  65.1%   108  362s
 69748 31253  200.39967   75 1847  536.73665  187.42264  65.1%   109  388s
H72225 29440                     536.7366401  187.42264  65.1%   113  388s
 73152 32004  279.27964  156 1335  536.73664  187.62678  65.0%   113  396s
 77775 31600  507.12666  268  897  536.73664  187.90498  65.0%   115  401s
 79938 32309  213.60095   77 2049  536.73664  187.90498  65.0%   116  407s
 81857 33019  285.28706  164 1474  536.73664  187.90498  65.0%   119  413s
 83870 33993  220.35892   81 1821  536.73664  188.13344  64.9%   120  419s
 86162 35192  262.52672  138 1618  536.73664  188.13344  64.9%   122  425s
 88664 35002  208.52107   71 2027  536.73664  188.13344  64.9%   122  432s
 89454 38174  218.82099   91 1828  536.73664  188.13344  64.9%   124  440s
 93573 39434  236.86396   67 1582  536.73664  189.05219  64.8%   124  448s
 96493 40698  213.72745   68 1977  536.73664  189.05219  64.8%   127  454s
 99105 42013  230.89527  102 1870  536.73664  189.05219  64.8%   128  460s
 101818 42702  227.73918   73 1952  536.73664  189.06072  64.8%   129  466s
 103637 44356  265.29331  133 1640  536.73664  189.06072  64.8%   131  473s
 105991 46428  215.50152   74 2073  536.73664  189.06072  64.8%   131  480s
 109030 48136  251.26221  127 1343  536.73664  189.06072  64.8%   132  486s
 111027 49960  222.92605   74 1674  536.73664  189.06072  64.8%   134  493s
 113119 52265  245.58624  106 1500  536.73664  189.06072  64.8%   135  500s
 115776 54194  222.94678   70 1633  536.73664  189.06072  64.8%   135  506s
 117975 57227  240.49959   92 1674  536.73664  189.06072  64.8%   137  514s
 121514 58107  236.23593   70 1346  536.73664  189.94733  64.6%   137  521s
 123093 60112 infeasible  169       536.73664  189.94733  64.6%   139  528s
 126350 62346  230.81415   81 2249  536.73664  189.94733  64.6%   139  533s
 129228 64001  263.19529  139 1961  536.73664  190.47739  64.5%   139  539s
 131113 66952  226.69862   74 1619  536.73664  190.47739  64.5%   140  546s
 134473 68575  245.63354  100 1519  536.73664  190.47739  64.5%   140  552s
 136329 70132  236.53405   79 2108  536.73664  190.47739  64.5%   141  558s
 138164 71804  257.46848  107 1910  536.73664  190.47739  64.5%   142  564s
 140075 73715  226.52515   80 1679  536.73664  190.47739  64.5%   143  571s
 142187 75791  349.61837  111 1514  536.73664  190.47739  64.5%   144  579s
 144654 77878  233.99995   75 1856  536.73664  190.64507  64.5%   145  587s
 147249 79699  262.61609  124 1542  536.73664  190.64507  64.5%   146  595s
 149575 82582  230.75646   76 1606  536.73664  190.64507  64.5%   147  603s
 153877 83698  522.71767  274 1404  536.73664  190.64507  64.5%   146  609s
 155466 85154  234.23788   75 1538  536.73664  190.64507  64.5%   147  616s
 157329 88191  275.56509  142 1455  536.73664  190.64507  64.5%   148  622s
 161258 88967  243.86539   86 1945  536.73664  190.71181  64.5%   146  628s
 162244 91597  271.39087  136 1750  536.73664  190.71181  64.5%   148  635s
 165297 92788  237.14125   72 2043  536.73664  190.71181  64.5%   147  642s
 166801 96794  261.97824  106 1868  536.73664  190.71181  64.5%   149  652s
 171894 97846  239.02101   93 2164  536.73664  192.81478  64.1%   149  658s
 173407 100053 infeasible  146       536.73664  192.81478  64.1%   149  664s
 176461 101354  233.88055   70 1574  536.73664  192.82809  64.1%   149  672s
 178396 102889  244.60099   82 1516  536.73664  192.82809  64.1%   149  677s
 180068 105361  300.82172  153 1108  536.73664  192.82809  64.1%   149  684s
 183005 106598  233.65351   77 2132  536.73664  192.82809  64.1%   149  689s
 184389 108564  248.44842  100 1915  536.73664  192.82809  64.1%   150  696s
 186532 110431  302.63858  163 1375  536.73664  192.82809  64.1%   150  704s
 188982 112903  234.43781   96 1672  536.73664  192.82809  64.1%   151  711s
 192471 114457  241.87836   70 1794  536.73664  192.82809  64.1%   151  717s
 194422 116137  262.51541   94 1524  536.73664  192.82809  64.1%   151  723s
H196445 117110                     536.7366391  192.82809  64.1%   152  729s
 197811 119304  266.81742  114 1447  536.73664  192.82809  64.1%   152  735s
 200750 121324  227.60462   81 1706  536.73664  192.82809  64.1%   153  742s
 203629 123070  249.08942  107 1630  536.73664  192.82809  64.1%   153  748s
 205787 125236  222.00072   68 1722  536.73664  192.86379  64.1%   153  754s
 208260 126763  236.62200   84 1559  536.73664  192.86379  64.1%   153  761s
 210187 128985  257.84980  119 1406  536.73664  192.86379  64.1%   154  767s
 212881 130795  235.65477   73 1855  536.73664  192.86379  64.1%   154  774s
 215042 133477  258.81131   95 2014  536.73664  192.86379  64.1%   154  782s
 218367 133497  232.27601   76 1711  536.73664  192.86379  64.1%   155  788s
 218387 133516  233.00905   77 1719  536.73664  192.86379  64.1%   155  794s
 218410 133699  233.70073   78 1714  536.73664  192.86379  64.1%   155  800s
 218618 134119  234.62254   79 1723  536.73664  192.86379  64.1%   155  808s
 219090 134993  235.29303   80 1688  536.73664  193.34930  64.0%   155  815s
 220116 135501  235.75706   81 1707  536.73664  193.34930  64.0%   155  824s
 221041 136307  236.23339   82 1704  536.73664  194.62744  63.7%   155  834s
 222193 137348  236.62076   83 1644  536.73664  194.64120  63.7%   156  846s
 223789 138681  238.03264   84 1673  536.73664  194.65945  63.7%   156  856s
 225428 139885  238.57453   85 1704  536.73664  194.71455  63.7%   156  868s
 226824 141946  239.18162   86 1572  536.73664  194.72182  63.7%   156  880s
 229172 142840  240.82711   87 1516  536.73664  194.81118  63.7%   156  891s
 230705 145113  241.42402   88 1512  536.73664  194.81118  63.7%   157  904s
 234893 146860  242.26026   89 1522  536.73664  194.95134  63.7%   157  913s
 236947 147722  242.30220   90 1510  536.73664  194.95134  63.7%   157  922s
 238281 148937  242.59099   91 1517  536.73664  194.95134  63.7%   158  933s
 241145 151381  243.48673   92 1558  536.73664  194.95134  63.7%   158  943s
 244332 153727  243.97758   93 1581  536.73664  195.01932  63.7%   158  952s
 247291 155803  246.02798   94 1555  536.73664  195.01932  63.7%   158  961s
 249689 158122  247.38816   95 1554  536.73664  195.01932  63.7%   159  971s
 252503 158762  248.01850   96 1478  536.73664  195.47756  63.6%   159  979s
 253258 161120  251.14257   98 1476  536.73664  195.47756  63.6%   159  988s
 256008 163701  232.67312   69 1789  536.73664  195.48498  63.6%   160  997s
 259056 164909  220.25896   66 1750  536.73664  195.71939  63.5%   160 1004s
 260912 168822  233.24303   93 2130  536.73664  195.71939  63.5%   161 1013s
 266478 169490  437.21549  352  770  536.73664  195.75092  63.5%   160 1018s
 267269 171741  249.47430   92 1928  536.73664  195.75092  63.5%   161 1024s
 269898 173000  277.28471  129 1823  536.73664  195.75092  63.5%   161 1029s
 271457 173703  257.36406   84 1594  536.73664  195.75092  63.5%   161 1035s
 272829 176234  277.80807  110 1378  536.73664  195.75092  63.5%   161 1041s
 276079 177225  230.09319   70 1648  536.73664  195.75092  63.5%   161 1047s
 277345 179405  242.58690   84 1777  536.73664  195.75092  63.5%   161 1055s
 280496 180575  285.28991  158 1634  536.73664  195.75092  63.5%   161 1061s
 282664 182515  253.74252   96 1950  536.73664  195.75092  63.5%   161 1068s
 284933 184148  267.22844  114 1336  536.73664  195.75092  63.5%   161 1076s
 287572 184166  246.43085   93 1979  536.73664  195.75092  63.5%   162 1083s
 287594 184185  247.84608   94 1880  536.73664  195.75092  63.5%   162 1088s
 287615 184204  247.91373   95 1853  536.73664  195.75092  63.5%   162 1095s
 287636 184246  249.89994   96 1863  536.73664  195.75092  63.5%   162 1101s
 287736 184443  250.75498   97 1905  536.73664  195.75092  63.5%   162 1110s
 288224 184632  252.38696   98 1930  536.73664  195.75092  63.5%   162 1120s
 288468 184696  252.75234   99 1897  536.73664  195.84324  63.5%   162 1137s
 288540 184857  253.03266  100 1891  536.73664  195.84324  63.5%   162 1150s
 288924 185167  253.57617  101 1868  536.73664  195.84324  63.5%   162 1164s
 289513 185686  253.81120  102 1900  536.73664  196.01040  63.5%   162 1180s
 290414 186962  255.77644  103 1917  536.73664  196.09273  63.5%   162 1202s
 292275 188991  256.61270  104 1866  536.73664  196.60971  63.4%   162 1221s
 295045 191861  259.55352  105 1899  536.73664  196.65772  63.4%   163 1238s
 299415 195096  261.78335  129 2117  536.73664  196.80633  63.3%   163 1255s
 304036 197177  252.68109   93 1994  536.73664  196.89027  63.3%   163 1266s
 306579 199288  245.23642   79 1763  536.73664  196.89027  63.3%   163 1279s
 309634 201301  253.23632   90 1644  536.73664  196.89027  63.3%   164 1287s
 312912 202893  251.38921   86 1570  536.73664  197.02023  63.3%   164 1294s
 314984 205131  232.24938   71 1917  536.73664  197.02023  63.3%   164 1301s
 318059 206830  253.10999  103 1686  536.73664  197.02023  63.3%   164 1308s
 320326 209083  255.14752   74 1515  536.73664  197.02023  63.3%   164 1315s
 323178 211088  288.80210  115 1543  536.73664  197.02023  63.3%   164 1322s
 325457 212888  253.91360   77 1702  536.73664  197.22167  63.3%   164 1329s
 327473 215149  264.15186   92 1357  536.73664  197.29175  63.2%   165 1337s
 330014 216897  251.78062   86 1595  536.73664  197.40820  63.2%   165 1344s
 332060 219344  237.65293   78 1932  536.73664  197.40820  63.2%   165 1352s
 334945 220756  261.26908  104 2001  536.73664  197.40820  63.2%   165 1361s
 336550 223607  228.66892   67 2108  536.73664  197.40820  63.2%   166 1371s
 339889 224784  277.00110  135 1545  536.73664  197.40820  63.2%   166 1380s
 341733 227718  269.64196  115 1326  536.73664  197.40820  63.2%   167 1391s
 347489 229187  240.45491   75 2169  536.73664  197.95898  63.1%   167 1399s
 350098 231368  261.05609   94 2029  536.73664  197.95898  63.1%   167 1406s
 352581 233153  314.40629  159 1782  536.73664  197.95898  63.1%   167 1413s
 354516 235225  268.08711   93 2087  536.73664  198.09242  63.1%   167 1420s
 356994 236878  244.79999   79 1656  536.73664  198.09242  63.1%   167 1428s
 358911 237579  268.83269  112 1479  536.73664  198.09242  63.1%   168 1437s
 359711 241972  301.56592  145 1671  536.73664  198.09242  63.1%   168 1455s
 364763 244782  352.66812  172 1421  536.73664  198.09708  63.1%   168 1466s
 368399 247975  284.41924  122 1924  536.73664  198.09708  63.1%   168 1476s
 372203 250275  249.81596   76 1520  536.73664  198.70805  63.0%   168 1485s
 374776 252467  243.34907   75 1941  536.73664  198.70805  63.0%   169 1494s
 377446 255079  272.08227  108 2007  536.73664  198.70805  63.0%   169 1502s
 380484 256912  234.25614   75 1924  536.73664  198.70805  63.0%   169 1510s
 382655 259188  261.67819  109 1699  536.73664  198.70805  63.0%   170 1519s
 385227 260911  252.56220   87 1398  536.73664  198.72254  63.0%   170 1528s
 387907 263638  246.61900   73 1497  536.73664  198.72254  63.0%   170 1536s
 391622 265158  288.43479  142 1129  536.73664  198.72254  63.0%   170 1543s
 393862 267011  253.54638   88 1406  536.73664  198.88704  62.9%   170 1551s
 397331 268521 infeasible  130       536.73664  198.88704  62.9%   170 1559s
 399823 269871 infeasible  103       536.73664  198.88704  62.9%   170 1565s
 401937 271505  286.50400  143 1832  536.73664  198.88704  62.9%   170 1573s
 405170 272933  247.43635   76 1919  536.73664  198.88704  62.9%   170 1578s
 407351 276014  270.73696  106 1689  536.73664  198.88704  62.9%   170 1588s
 411272 277636  270.32661   94 1427  536.73664  198.88704  62.9%   170 1594s
 413108 279543  396.26284  200  958  536.73664  199.19608  62.9%   170 1602s
 415737 280154  272.78049  112 1907  536.73664  199.19608  62.9%   171 1608s
 416892 283118  290.19637  130 1781  536.73664  199.19608  62.9%   171 1617s
 420683 284091  260.29185  107 1913  536.73664  199.81625  62.8%   170 1623s
 421715 285694  296.17842  162 1369  536.73664  199.81625  62.8%   171 1631s
 423844 286449  256.92501   85 1493  536.73664  199.82549  62.8%   171 1639s
 424742 288058  256.68760   84 1805  536.73664  199.82549  62.8%   171 1646s
 426660 290076  284.76556  121 1517  536.73664  199.82549  62.8%   171 1654s
 428988 292742  261.36818   78 1750  536.73664  199.83133  62.8%   171 1663s
 432111 295137  238.88979   77 1619  536.73664  199.83133  62.8%   172 1672s
 434891 297628  293.48647  143 1367  536.73664  199.83133  62.8%   172 1679s
 437796 299755  274.12402  120 1826  536.73664  199.99104  62.7%   172 1687s
 440245 301192  255.23125   97 2143  536.73664  199.99104  62.7%   172 1694s
 442103 303140  309.65252  189 1065  536.73664  199.99104  62.7%   173 1702s
 445594 305022  249.46489   77 1648  536.73664  199.99104  62.7%   172 1709s
 449036 306721  277.54915  109 1500  536.73664  199.99104  62.7%   172 1716s
 450928 308824  252.70258   84 1813  536.73664  199.99104  62.7%   172 1724s
 453381 310613  276.88082  122 1432  536.73664  199.99104  62.7%   172 1731s
 455565 312668  276.48253   92 1421  536.73664  199.99104  62.7%   173 1739s
 458050 314513  234.64929   70 1893  536.73664  199.99104  62.7%   173 1747s
 460261 316509  262.68491  102 1874  536.73664  199.99104  62.7%   173 1756s
 462711 318891  270.23830  100 1486  536.73664  200.32683  62.7%   173 1765s
 465506 320858  255.86703   87 1854  536.73664  200.32683  62.7%   173 1773s
 467745 322820  292.85580  131 1739  536.73664  200.32683  62.7%   174 1781s
 470113 324999  247.51478   71 1895  536.73664  200.92490  62.6%   174 1790s
 472668 327361  248.80158   88 1676  536.73664  201.00895  62.5%   174 1797s
 475386 328593  283.63012  135 1520  536.73664  201.00895  62.5%   174 1800s

Cutting planes:
  Learned: 2
  Gomory: 149
  Cover: 2169
  Dual implied bound: 30
  Clique: 3
  MIR: 1095
  StrongCG: 1
  Flow cover: 1119
  GUB cover: 49
  Inf proof: 261
  Zero half: 3
  Mod-K: 1
  RLT: 2
  Relax-and-lift: 22

Explored 476756 nodes (83104084 simplex iterations) in 1800.01 seconds (6358.42 work units)
Thread count was 20 (of 20 available processors)

Solution count 10: 536.737 536.737 536.737 ... 541.746

Time limit reached
Best objective 5.367366391633e+02, best bound 2.010089527500e+02, gap 62.5498%
Time limit reached. Using best solution found (gap: 62.55%)

H2 Solution:
  Weights (w): [ 0.  2.  0.  0.  0.  0.  0.  0. -2.]
  Intercept (b): -7.0
  Objective: 536.736639
  Selected features: 9/9
  L1 norm: 4.000000
  Positive accuracy lb: 0.6203
  Negative accuracy lb: 0.6430

============================================================
Training Complete!
============================================================

================================================================================
EVALUATION
================================================================================

--------------------------------------------------------------------------------
TRAINING SET RESULTS
--------------------------------------------------------------------------------
Class 1 Accuracy: 0.1213 (61/503)
Class 2 Accuracy: 0.6203 (165/266)
Class 3 Accuracy: 0.5941 (243/409)
Total Accuracy: 0.3981 (469/1178)

--------------------------------------------------------------------------------
TEST SET RESULTS
--------------------------------------------------------------------------------
Class 1 Accuracy: 0.1032 (13/126)
Class 2 Accuracy: 0.6269 (42/67)
Class 3 Accuracy: 0.5098 (52/102)
Total Accuracy: 0.3627 (107/295)

--------------------------------------------------------------------------------
MODEL PARAMETERS
--------------------------------------------------------------------------------

H1 (Class 1 vs {2,3}):
  Weights: [0. 0. 0. 0. 0. 0. 0. 0. 2.]
  Intercept: -1.0
  MIP Gap: 0.741244
  Status: 9

H2 (Class 2 vs 3):
  Weights: [ 0.  2.  0.  0.  0.  0.  0.  0. -2.]
  Intercept: -7.0
  MIP Gap: 0.625498
  Status: 9


Results saved to: /home/bs10081/Developer/hcesvm/results/class1_first_contraceptive_20260224_021834.log
================================================================================
