================================================================================
Class1-First Strategy Test: THYROID
================================================================================
Timestamp: 20260224_020719
Dataset: /home/bs10081/Developer/NSVORA/Archive/thyroid_split.xlsx
Time limit: No time limit (run to global optimum)
C: 1.0, M: 1000.0

Training set sizes:
  Class 1: 14
  Class 2: 29
  Class 3: 533
Test set size: 144

--------------------------------------------------------------------------------
TRAINING SET RESULTS
--------------------------------------------------------------------------------
Class 1 Accuracy: 0.0000
Class 2 Accuracy: 0.0000
Class 3 Accuracy: 1.0000
Total Accuracy: 0.9253

--------------------------------------------------------------------------------
TEST SET RESULTS
--------------------------------------------------------------------------------
Class 1 Accuracy: 0.0000
Class 2 Accuracy: 0.0000
Class 3 Accuracy: 1.0000
Total Accuracy: 0.9236

--------------------------------------------------------------------------------
MODEL PARAMETERS
--------------------------------------------------------------------------------

H1 (Class 1 vs {2,3}):
  Weights: [0. 0. 0. 0. 0. 0. 0. 0. 0. 0. 0. 0. 0. 0. 0. 0. 0. 0. 0. 0. 0.]
  Intercept: -1.0
  MIP Gap: 0.000000
  Status: 2

H2 (Class 2 vs 3):
  Weights: [0. 0. 0. 0. 0. 0. 0. 0. 0. 0. 0. 0. 0. 0. 0. 0. 0. 0. 0. 0. 0.]
  Intercept: -1.0
  MIP Gap: 0.000000
  Status: 2
