================================================================================
Hierarchical CE-SVM - Inverted Strategy
Dataset: Abalone
Timestamp: 2026-01-31 17:39:23
================================================================================

Loading training data from: /home/bs10081/Developer/NSVORA/datasets/primary/abalone/abalone_split.xlsx

Loaded multi-class data:
  Class 1: 59 samples
  Class 2: 3073 samples
  Class 3: 209 samples
  Features: 9
Training data loaded:
  Class 1: 59 samples
  Class 2: 3073 samples
  Class 3: 209 samples
  Features: 9

================================================================================
Model Parameters
================================================================================
  C_hyper: 1.0
  epsilon: 0.0001
  M: 1000.0
  time_limit: 1800
  mip_gap: 0.0001
  threads: 0
  verbose: True
  enable_selection: True
  feat_upper_bound: 1000
  feat_lower_bound: 1e-07

================================================================================
Training Hierarchical Classifier - Inverted Strategy
================================================================================

Inverted Strategy:
  H1: medium class vs {majority, minority}
  H2: {medium, majority} vs minority
  (Class roles determined dynamically based on sample counts)

============================================================
Training Hierarchical CE-SVM (Strategy: inverted)
============================================================
Class 1: 59 samples
Class 2: 3073 samples
Class 3: 209 samples
Features: 9

Dynamic Class Roles:
  Majority:  Class 2 (3073 samples)
  Medium:    Class 3 (209 samples)
  Minority:  Class 1 (59 samples)

============================================================
Training H1: Class 3 (+1) vs {Class 2, 1} (-1)
============================================================
H1 Training samples: 3341
  Positive (+1): 209 samples
  Negative (-1): 3132 samples

Set parameter Username
Set parameter LicenseID to value 2749150
Academic license - for non-commercial use only - expires 2026-12-03
Set parameter TimeLimit to value 1800
Set parameter MIPGap to value 0.0001
Set parameter OutputFlag to value 1
Set parameter Threads to value 0
Gurobi Optimizer version 13.0.1 build v13.0.1rc0 (linux64 - "Ubuntu 24.04.3 LTS")

CPU model: AMD Ryzen 9 9900X 12-Core Processor, instruction set [SSE2|AVX|AVX2|AVX512]
Thread count: 20 physical cores, 20 logical processors, using up to 20 threads

Non-default parameters:
TimeLimit  1800

Optimize a model with 23407 rows, 13394 columns and 105775 nonzeros (Min)
Model fingerprint: 0x0f6e7ceb
Model has 10043 linear objective coefficients
Variable types: 3362 continuous, 10032 integer (10032 binary)
Coefficient statistics:
  Matrix range     [1e-07, 6e+03]
  Objective range  [1e+00, 1e+00]
  Bounds range     [1e+00, 1e+00]
  RHS range        [1e+00, 6e+03]

Found heuristic solution: objective 6300.6328773
Presolve removed 11 rows and 11 columns
Presolve time: 0.08s
Presolved: 23396 rows, 13383 columns, 109078 nonzeros
Variable types: 19 continuous, 13364 integer (10023 binary)
Deterministic concurrent LP optimizer: primal and dual simplex
Showing primal log only...

Concurrent spin time: 0.08s

Solved with primal simplex

Root relaxation: objective -8.240000e-01, 10918 iterations, 0.31 seconds (1.71 work units)

    Nodes    |    Current Node    |     Objective Bounds      |     Work
 Expl Unexpl |  Obj  Depth IntInf | Incumbent    BestBd   Gap | It/Node Time

     0     0   -0.82400    0  627 6300.63288   -0.82400   100%     -    0s
H    0     0                     417.0000000   -0.82400   100%     -    0s
     0     0    2.50488    0  636  417.00000    2.50488  99.4%     -    1s
     0     0   11.48931    0  649  417.00000   11.48931  97.2%     -    3s
     0     0   11.98313    0 1664  417.00000   11.98313  97.1%     -    3s
     0     0   12.17231    0  649  417.00000   12.17231  97.1%     -    4s
     0     0   16.64833    0  659  417.00000   16.64833  96.0%     -    4s
     0     0   17.12009    0  656  417.00000   17.12009  95.9%     -    4s
     0     0   17.12627    0  656  417.00000   17.12627  95.9%     -    4s
     0     0   24.43809    0 1605  417.00000   24.43809  94.1%     -    4s
     0     0   26.25345    0 1068  417.00000   26.25345  93.7%     -    4s
     0     0   26.56456    0 1503  417.00000   26.56456  93.6%     -    4s
     0     0   26.56716    0 1077  417.00000   26.56716  93.6%     -    4s
     0     0   28.98816    0 1609  417.00000   28.98816  93.0%     -    4s
     0     0   29.29214    0 1549  417.00000   29.29214  93.0%     -    5s
     0     0   29.33004    0 1301  417.00000   29.33004  93.0%     -    5s
     0     0   29.51435    0 1515  417.00000   29.51435  92.9%     -    5s
     0     0   29.56497    0 1549  417.00000   29.56497  92.9%     -    5s
     0     0   29.57568    0 1537  417.00000   29.57568  92.9%     -    5s
     0     0   30.99782    0 1604  417.00000   30.99782  92.6%     -    5s
     0     0   31.84735    0 1657  417.00000   31.84735  92.4%     -    5s
     0     0   32.34885    0 1635  417.00000   32.34885  92.2%     -    5s
     0     0   32.75822    0 1620  417.00000   32.75822  92.1%     -    5s
     0     0   32.76641    0 1647  417.00000   32.76641  92.1%     -    5s
     0     0   33.79577    0 1649  417.00000   33.79577  91.9%     -    5s
     0     0   34.79284    0 1642  417.00000   34.79284  91.7%     -    5s
     0     0   34.79690    0 1646  417.00000   34.79690  91.7%     -    5s
     0     0   40.77317    0 1607  417.00000   40.77317  90.2%     -    5s
     0     0   45.15103    0 1669  417.00000   45.15103  89.2%     -    5s
     0     0   45.24075    0 1654  417.00000   45.24075  89.2%     -    5s
     0     0   45.82530    0 1604  417.00000   45.82530  89.0%     -    5s
     0     0   45.83905    0 1654  417.00000   45.83905  89.0%     -    5s
     0     0   45.84235    0 1636  417.00000   45.84235  89.0%     -    5s
     0     0   50.41009    0 1675  417.00000   50.41009  87.9%     -    5s
     0     0   57.67831    0 1697  417.00000   57.67831  86.2%     -    5s
     0     0   57.69778    0 1707  417.00000   57.69778  86.2%     -    5s
     0     0   57.71461    0 1701  417.00000   57.71461  86.2%     -    5s
     0     0   57.71605    0 1697  417.00000   57.71605  86.2%     -    5s
     0     0   74.32962    0 1770  417.00000   74.32962  82.2%     -    5s
     0     0   82.16951    0 1699  417.00000   82.16951  80.3%     -    6s
     0     0   82.85364    0 1697  417.00000   82.85364  80.1%     -    6s
     0     0   83.59759    0 1686  417.00000   83.59759  80.0%     -    6s
     0     0   83.70323    0 1689  417.00000   83.70323  79.9%     -    6s
     0     0   83.74506    0 1677  417.00000   83.74506  79.9%     -    6s
     0     0   83.75114    0 1666  417.00000   83.75114  79.9%     -    6s
     0     0   89.56626    0 1607  417.00000   89.56626  78.5%     -    6s
     0     0   95.30951    0 1594  417.00000   95.30951  77.1%     -    6s
     0     0   95.37890    0 1603  417.00000   95.37890  77.1%     -    6s
     0     0   95.50223    0 1546  417.00000   95.50223  77.1%     -    6s
     0     0   95.59407    0 1570  417.00000   95.59407  77.1%     -    6s
     0     0   95.60195    0 1569  417.00000   95.60195  77.1%     -    6s
     0     0  100.75013    0 1605  417.00000  100.75013  75.8%     -    6s
     0     0  103.75910    0 1538  417.00000  103.75910  75.1%     -    6s
     0     0  103.93790    0 1501  417.00000  103.93790  75.1%     -    6s
     0     0  104.36231    0 1494  417.00000  104.36231  75.0%     -    6s
     0     0  104.36359    0 1495  417.00000  104.36359  75.0%     -    6s
     0     0  107.95243    0 1551  417.00000  107.95243  74.1%     -    6s
     0     0  108.51014    0 1595  417.00000  108.51014  74.0%     -    6s
     0     0  108.72057    0 1551  417.00000  108.72057  73.9%     -    6s
     0     0  108.76923    0 1570  417.00000  108.76923  73.9%     -    6s
     0     0  108.78552    0 1562  417.00000  108.78552  73.9%     -    6s
     0     0  108.80630    0 1558  417.00000  108.80630  73.9%     -    6s
     0     0  108.80684    0 1561  417.00000  108.80684  73.9%     -    6s
     0     0  111.67519    0 1562  417.00000  111.67519  73.2%     -    7s
     0     0  113.23471    0 1504  417.00000  113.23471  72.8%     -    7s
     0     0  114.17456    0 1486  417.00000  114.17456  72.6%     -    7s
     0     0  114.19564    0 1518  417.00000  114.19564  72.6%     -    7s
     0     0  114.31867    0 1500  417.00000  114.31867  72.6%     -    7s
     0     0  114.31896    0 1502  417.00000  114.31896  72.6%     -    7s
     0     0  117.05935    0 1511  417.00000  117.05935  71.9%     -    7s
     0     0  118.92073    0 1544  417.00000  118.92073  71.5%     -    7s
     0     0  118.97406    0 1530  417.00000  118.97406  71.5%     -    7s
     0     0  118.99632    0 1519  417.00000  118.99632  71.5%     -    7s
     0     0  119.00170    0 1528  417.00000  119.00170  71.5%     -    7s
     0     0  121.58384    0 1644  417.00000  121.58384  70.8%     -    7s
     0     0  123.87484    0 1491  417.00000  123.87484  70.3%     -    7s
     0     0  124.12135    0 1477  417.00000  124.12135  70.2%     -    7s
     0     0  124.14005    0 1472  417.00000  124.14005  70.2%     -    7s
     0     0  124.14703    0 1510  417.00000  124.14703  70.2%     -    7s
     0     0  127.06491    0 1523  417.00000  127.06491  69.5%     -    7s
     0     0  127.84350    0 1508  417.00000  127.84350  69.3%     -    7s
     0     0  127.89806    0 1523  417.00000  127.89806  69.3%     -    7s
     0     0  127.92310    0 1486  417.00000  127.92310  69.3%     -    7s
     0     0  127.94030    0 1483  417.00000  127.94030  69.3%     -    8s
     0     0  130.00284    0 1648  417.00000  130.00284  68.8%     -    8s
     0     0  132.17947    0 1587  417.00000  132.17947  68.3%     -    8s
     0     0  132.55380    0 1569  417.00000  132.55380  68.2%     -    8s
     0     0  132.61982    0 1575  417.00000  132.61982  68.2%     -    8s
     0     0  132.66292    0 1552  417.00000  132.66292  68.2%     -    8s
     0     0  132.66656    0 1563  417.00000  132.66656  68.2%     -    8s
     0     0  136.49084    0 1638  417.00000  136.49084  67.3%     -    8s
     0     0  137.21746    0 1563  417.00000  137.21746  67.1%     -    8s
     0     0  137.45972    0 1571  417.00000  137.45972  67.0%     -    8s
     0     0  137.50606    0 1560  417.00000  137.50606  67.0%     -    8s
     0     0  137.50912    0 1587  417.00000  137.50912  67.0%     -    8s
     0     0  140.51305    0 1588  417.00000  140.51305  66.3%     -    8s
     0     0  141.75747    0 1604  417.00000  141.75747  66.0%     -    8s
     0     0  141.80917    0 1608  417.00000  141.80917  66.0%     -    8s
     0     0  141.85502    0 1589  417.00000  141.85502  66.0%     -    8s
     0     0  141.85598    0 1610  417.00000  141.85598  66.0%     -    8s
     0     0  143.45050    0 1567  417.00000  143.45050  65.6%     -    9s
     0     0  143.59265    0 1651  417.00000  143.59265  65.6%     -    9s
     0     0  143.64521    0 1631  417.00000  143.64521  65.6%     -    9s
     0     0  143.66157    0 1609  417.00000  143.66157  65.5%     -    9s
     0     0  145.99298    0 1701  417.00000  145.99298  65.0%     -    9s
     0     0  147.33472    0 1624  417.00000  147.33472  64.7%     -    9s
     0     0  147.52257    0 1643  417.00000  147.52257  64.6%     -    9s
     0     0  147.59021    0 1637  417.00000  147.59021  64.6%     -    9s
     0     0  147.60885    0 1648  417.00000  147.60885  64.6%     -    9s
     0     0  149.08915    0 1644  417.00000  149.08915  64.2%     -    9s
     0     0  149.43801    0 1676  417.00000  149.43801  64.2%     -    9s
     0     0  149.55889    0 1652  417.00000  149.55889  64.1%     -    9s
     0     0  149.57077    0 1675  417.00000  149.57077  64.1%     -    9s
     0     0  151.36909    0 1717  417.00000  151.36909  63.7%     -    9s
     0     0  152.69243    0 1674  417.00000  152.69243  63.4%     -   10s
     0     0  152.95821    0 1682  417.00000  152.95821  63.3%     -   10s
     0     0  153.08857    0 1681  417.00000  153.08857  63.3%     -   10s
     0     0  153.11758    0 1674  417.00000  153.11758  63.3%     -   10s
     0     0  153.11828    0 1683  417.00000  153.11828  63.3%     -   10s
     0     0  154.66556    0 1687  417.00000  154.66556  62.9%     -   10s
     0     0  155.41489    0 1644  417.00000  155.41489  62.7%     -   10s
     0     0  155.52657    0 1656  417.00000  155.52657  62.7%     -   10s
     0     0  155.55443    0 1669  417.00000  155.55443  62.7%     -   10s
     0     0  155.56738    0 1658  417.00000  155.56738  62.7%     -   10s
     0     0  156.11671    0 1637  417.00000  156.11671  62.6%     -   10s
     0     0  157.14542    0 1636  417.00000  157.14542  62.3%     -   10s
     0     0  157.22660    0 1663  417.00000  157.22660  62.3%     -   10s
     0     0  157.25464    0 1638  417.00000  157.25464  62.3%     -   10s
     0     0  157.30227    0 1639  417.00000  157.30227  62.3%     -   10s
     0     0  157.30552    0 1638  417.00000  157.30552  62.3%     -   10s
     0     0  158.91513    0 1648  417.00000  158.91513  61.9%     -   10s
     0     0  159.87597    0 1628  417.00000  159.87597  61.7%     -   10s
     0     0  159.94103    0 1605  417.00000  159.94103  61.6%     -   10s
     0     0  159.99503    0 1611  417.00000  159.99503  61.6%     -   10s
     0     0  160.02870    0 1605  417.00000  160.02870  61.6%     -   11s
     0     0  160.05136    0 1616  417.00000  160.05136  61.6%     -   11s
     0     0  161.59219    0 1613  417.00000  161.59219  61.2%     -   11s
     0     0  162.07030    0 1613  417.00000  162.07030  61.1%     -   11s
     0     0  162.20649    0 1659  417.00000  162.20649  61.1%     -   11s
     0     0  162.36394    0 1625  417.00000  162.36394  61.1%     -   11s
     0     0  162.39895    0 1629  417.00000  162.39895  61.1%     -   11s
     0     0  162.41677    0 1662  417.00000  162.41677  61.1%     -   11s
     0     0  163.25386    0 1656  417.00000  163.25386  60.9%     -   11s
     0     0  163.91148    0 1669  417.00000  163.91148  60.7%     -   11s
     0     0  163.96240    0 1641  417.00000  163.96240  60.7%     -   11s
     0     0  163.98973    0 1656  417.00000  163.98973  60.7%     -   11s
     0     0  163.99972    0 1658  417.00000  163.99972  60.7%     -   11s
     0     0  165.46889    0 1656  417.00000  165.46889  60.3%     -   11s
     0     0  166.09959    0 1655  417.00000  166.09959  60.2%     -   11s
     0     0  166.35418    0 1652  417.00000  166.35418  60.1%     -   11s
     0     0  166.41836    0 1684  417.00000  166.41836  60.1%     -   11s
     0     0  166.44771    0 1676  417.00000  166.44771  60.1%     -   11s
     0     0  166.45167    0 1681  417.00000  166.45167  60.1%     -   11s
     0     0  167.29190    0 1621  417.00000  167.29190  59.9%     -   12s
     0     0  167.73074    0 1645  417.00000  167.73074  59.8%     -   12s
     0     0  167.84493    0 1673  417.00000  167.84493  59.7%     -   12s
     0     0  167.87604    0 1650  417.00000  167.87604  59.7%     -   12s
     0     0  167.88067    0 1691  417.00000  167.88067  59.7%     -   12s
     0     0  168.55893    0 1683  417.00000  168.55893  59.6%     -   12s
     0     0  169.21955    0 1659  417.00000  169.21955  59.4%     -   12s
     0     0  169.38509    0 1691  417.00000  169.38509  59.4%     -   12s
     0     0  169.49749    0 1662  417.00000  169.49749  59.4%     -   12s
     0     0  169.51457    0 1688  417.00000  169.51457  59.3%     -   12s
     0     0  171.10250    0 1620  417.00000  171.10250  59.0%     -   12s
     0     0  171.28462    0 1652  417.00000  171.28462  58.9%     -   12s
     0     0  171.34618    0 1673  417.00000  171.34618  58.9%     -   12s
     0     0  171.41603    0 1702  417.00000  171.41603  58.9%     -   12s
     0     0  171.50455    0 1689  417.00000  171.50455  58.9%     -   12s
     0     0  171.51039    0 1675  417.00000  171.51039  58.9%     -   12s
     0     0  172.12290    0 1644  417.00000  172.12290  58.7%     -   13s
     0     0  172.56544    0 1654  417.00000  172.56544  58.6%     -   13s
     0     0  172.80326    0 1658  417.00000  172.80326  58.6%     -   13s
     0     0  172.85423    0 1702  417.00000  172.85423  58.5%     -   13s
     0     0  172.86411    0 1666  417.00000  172.86411  58.5%     -   13s
     0     0  173.58976    0 1674  417.00000  173.58976  58.4%     -   13s
     0     0  174.41136    0 1668  417.00000  174.41136  58.2%     -   13s
     0     0  174.47096    0 1665  417.00000  174.47096  58.2%     -   13s
     0     0  174.48883    0 1682  417.00000  174.48883  58.2%     -   13s
     0     0  174.72739    0 1679  417.00000  174.72739  58.1%     -   13s
     0     0  174.94601    0 1681  417.00000  174.94601  58.0%     -   13s
     0     0  174.98373    0 1672  417.00000  174.98373  58.0%     -   13s
     0     0  175.01173    0 1681  417.00000  175.01173  58.0%     -   13s
     0     0  175.14951    0 1673  417.00000  175.14951  58.0%     -   13s
     0     0  175.44016    0 1669  417.00000  175.44016  57.9%     -   13s
     0     0  175.48261    0 1669  417.00000  175.48261  57.9%     -   13s
     0     0  175.50496    0 1696  417.00000  175.50496  57.9%     -   13s
     0     0  175.91292    0 1651  417.00000  175.91292  57.8%     -   14s
     0     0  176.00484    0 1666  417.00000  176.00484  57.8%     -   14s
     0     0  176.03173    0 1664  417.00000  176.03173  57.8%     -   14s
     0     0  176.70801    0 1655  417.00000  176.70801  57.6%     -   14s
     0     0  176.77983    0 1689  417.00000  176.77983  57.6%     -   14s
     0     0  176.83959    0 1701  417.00000  176.83959  57.6%     -   14s
     0     0  176.87843    0 1687  417.00000  176.87843  57.6%     -   14s
     0     0  176.88607    0 1702  417.00000  176.88607  57.6%     -   14s
     0     0  177.11559    0 1644  417.00000  177.11559  57.5%     -   14s
     0     0  177.20102    0 1672  417.00000  177.20102  57.5%     -   14s
     0     0  177.21613    0 1690  417.00000  177.21613  57.5%     -   14s
     0     0  178.29361    0 1703  417.00000  178.29361  57.2%     -   14s
     0     0  178.50940    0 1660  417.00000  178.50940  57.2%     -   14s
     0     0  178.55917    0 1678  417.00000  178.55917  57.2%     -   14s
     0     0  178.58487    0 1696  417.00000  178.58487  57.2%     -   14s
     0     0  179.08168    0 1673  417.00000  179.08168  57.1%     -   15s
     0     0  179.50063    0 1606  417.00000  179.50063  57.0%     -   15s
     0     0  179.63857    0 1638  417.00000  179.63857  56.9%     -   15s
     0     0  179.67285    0 1658  417.00000  179.67285  56.9%     -   15s
     0     0  179.68360    0 1660  417.00000  179.68360  56.9%     -   15s
     0     0  180.02215    0 1633  417.00000  180.02215  56.8%     -   15s
     0     0  180.03992    0 1657  417.00000  180.03992  56.8%     -   15s
     0     0  180.33794    0 1661  417.00000  180.33794  56.8%     -   15s
     0     0  180.84373    0 1678  417.00000  180.84373  56.6%     -   15s
     0     0  180.86722    0 1692  417.00000  180.86722  56.6%     -   15s
     0     0  181.31450    0 1640  417.00000  181.31450  56.5%     -   15s
     0     0  181.34620    0 1671  417.00000  181.34620  56.5%     -   15s
     0     0  181.38013    0 1673  417.00000  181.38013  56.5%     -   15s
     0     0  181.38731    0 1689  417.00000  181.38731  56.5%     -   15s
     0     0  181.86175    0 1667  417.00000  181.86175  56.4%     -   16s
     0     0  182.25907    0 1618  417.00000  182.25907  56.3%     -   16s
     0     0  182.35893    0 1652  417.00000  182.35893  56.3%     -   16s
     0     0  182.37326    0 1665  417.00000  182.37326  56.3%     -   16s
     0     0  182.87045    0 1677  417.00000  182.87045  56.1%     -   16s
     0     0  183.49823    0 1680  417.00000  183.49823  56.0%     -   16s
     0     0  183.65672    0 1662  417.00000  183.65672  56.0%     -   16s
     0     0  183.74005    0 1637  417.00000  183.74005  55.9%     -   16s
     0     0  183.77317    0 1634  417.00000  183.77317  55.9%     -   16s
     0     0  183.77952    0 1647  417.00000  183.77952  55.9%     -   16s
     0     0  185.32683    0 1710  417.00000  185.32683  55.6%     -   16s
     0     0  185.99763    0 1650  417.00000  185.99763  55.4%     -   16s
     0     0  186.17952    0 1661  417.00000  186.17952  55.4%     -   16s
     0     0  186.37490    0 1658  417.00000  186.37490  55.3%     -   16s
     0     0  186.37916    0 1673  417.00000  186.37916  55.3%     -   16s
     0     0  186.86566    0 1659  417.00000  186.86566  55.2%     -   16s
     0     0  187.03770    0 1676  417.00000  187.03770  55.1%     -   17s
     0     0  187.07932    0 1677  417.00000  187.07932  55.1%     -   17s
     0     0  187.09064    0 1677  417.00000  187.09064  55.1%     -   17s
     0     0  188.21324    0 1611  417.00000  188.21324  54.9%     -   17s
     0     0  188.35249    0 1629  417.00000  188.35249  54.8%     -   17s
     0     0  188.41062    0 1660  417.00000  188.41062  54.8%     -   17s
     0     0  188.42859    0 1648  417.00000  188.42859  54.8%     -   17s
     0     0  188.77337    0 1637  417.00000  188.77337  54.7%     -   17s
     0     0  188.99904    0 1642  417.00000  188.99904  54.7%     -   17s
     0     0  189.18000    0 1648  417.00000  189.18000  54.6%     -   17s
     0     0  189.23671    0 1640  417.00000  189.23671  54.6%     -   17s
     0     0  189.25607    0 1651  417.00000  189.25607  54.6%     -   17s
     0     0  189.35755    0 1683  417.00000  189.35755  54.6%     -   17s
     0     0  189.45972    0 1619  417.00000  189.45972  54.6%     -   17s
     0     0  189.48051    0 1651  417.00000  189.48051  54.6%     -   17s
     0     0  189.88583    0 1636  417.00000  189.88583  54.5%     -   18s
     0     0  189.94170    0 1654  417.00000  189.94170  54.5%     -   18s
     0     0  189.96064    0 1638  417.00000  189.96064  54.4%     -   18s
     0     0  190.58848    0 1662  417.00000  190.58848  54.3%     -   18s
     0     0  190.69221    0 1626  417.00000  190.69221  54.3%     -   18s
     0     0  190.76598    0 1629  417.00000  190.76598  54.3%     -   18s
     0     0  190.77831    0 1629  417.00000  190.77831  54.2%     -   18s
     0     0  191.82571    0 1596  417.00000  191.82571  54.0%     -   18s
     0     0  192.46937    0 1605  417.00000  192.46937  53.8%     -   18s
     0     0  192.51702    0 1627  417.00000  192.51702  53.8%     -   18s
     0     0  192.53973    0 1623  417.00000  192.53973  53.8%     -   18s
     0     0  193.02537    0 1649  417.00000  193.02537  53.7%     -   18s
     0     0  193.32002    0 1656  417.00000  193.32002  53.6%     -   18s
     0     0  193.35688    0 1656  417.00000  193.35688  53.6%     -   18s
     0     0  193.37265    0 1627  417.00000  193.37265  53.6%     -   18s
     0     0  193.87689    0 1636  417.00000  193.87689  53.5%     -   19s
     0     0  194.17134    0 1594  417.00000  194.17134  53.4%     -   19s
     0     0  194.27357    0 1618  417.00000  194.27357  53.4%     -   19s
     0     0  194.30405    0 1622  417.00000  194.30405  53.4%     -   19s
     0     0  194.51329    0 1658  417.00000  194.51329  53.4%     -   19s
     0     0  194.58029    0 1636  417.00000  194.58029  53.3%     -   19s
     0     0  194.59966    0 1645  417.00000  194.59966  53.3%     -   19s
     0     0  195.22333    0 1626  417.00000  195.22333  53.2%     -   19s
     0     0  195.48034    0 1610  417.00000  195.48034  53.1%     -   19s
     0     0  195.52226    0 1651  417.00000  195.52226  53.1%     -   19s
     0     0  195.52751    0 1646  417.00000  195.52751  53.1%     -   19s
     0     0  195.63138    0 1627  417.00000  195.63138  53.1%     -   19s
     0     0  195.66419    0 1643  417.00000  195.66419  53.1%     -   19s
     0     0  195.71657    0 1621  417.00000  195.71657  53.1%     -   19s
     0     0  195.71703    0 1621  417.00000  195.71703  53.1%     -   20s
     0     0  195.71703    0 1621  417.00000  195.71703  53.1%     -   20s
     0     2  195.71915    0 1621  417.00000  195.71915  53.1%     -   20s
    51    74  255.79602    6 6746  417.00000  199.22301  52.2%  3508   29s
    73    94  256.23913    7 6726  417.00000  199.22301  52.2%  3865   32s
   123   200  262.45579   11 6823  417.00000  199.22301  52.2%  2542   36s
   335   388  305.39041   20 7427  417.00000  199.22301  52.2%  1317   41s
   521   587  312.85876   25 7431  417.00000  199.22301  52.2%  1093   45s
   767   850  327.02110   38 7455  417.00000  199.22301  52.2%   919   51s
  1062  1100  382.85648   49 6870  417.00000  199.22301  52.2%   798   57s
  1349  1372  362.49686   70 7400  417.00000  199.22301  52.2%   705   61s
  1974  1854  411.23984  113 7333  417.00000  199.96375  52.0%   566   65s
  2455  2174  226.86413   24 4871  417.00000  200.36816  52.0%   550   72s
  2770  2597  236.84144   31 4873  417.00000  200.36816  52.0%   508   75s
  3474  3224  263.49458   53 4743  417.00000  201.75421  51.6%   442   81s
  4130  3895  338.13008  111 5758  417.00000  202.37241  51.5%   414   86s
  4422  3897  229.52898   28  627  417.00000  202.37241  51.5%   406   90s
  4434  3905  352.25209   79 1604  417.00000  202.37241  51.5%   404   95s
  4457  3921  316.02980  100 1568  417.00000  205.72362  50.7%   402  100s
  4479  3935  382.78759  128 1624  417.00000  210.65323  49.5%   400  105s
  4497  3947  220.90979    6 1646  417.00000  220.90979  47.0%   399  110s
  4516  3960  224.58397   17 1605  417.00000  224.58397  46.1%   397  115s
  4535  3973  227.68594   27 1563  417.00000  227.68594  45.4%   395  120s
