================================================================================
Hierarchical CE-SVM - Inverted Strategy
Dataset: Wine_Quality
Timestamp: 2026-01-30 19:34:01
================================================================================

Loading training data from: /home/bs10081/Developer/NSVORA/datasets/primary/wine_quality/wine_quality_split.xlsx

Loaded multi-class data:
  Class 1: 50 samples
  Class 2: 1055 samples
  Class 3: 174 samples
  Features: 11
Training data loaded:
  Class 1: 50 samples
  Class 2: 1055 samples
  Class 3: 174 samples
  Features: 11

================================================================================
Model Parameters
================================================================================
  C_hyper: 1.0
  epsilon: 0.0001
  M: 1000.0
  time_limit: 1800
  mip_gap: 0.0001
  threads: 0
  verbose: True
  enable_selection: True
  feat_upper_bound: 1000
  feat_lower_bound: 1e-07

================================================================================
Training Hierarchical Classifier - Inverted Strategy
================================================================================

Inverted Strategy:
  H1: medium class vs {majority, minority}
  H2: {medium, majority} vs minority
  (Class roles determined dynamically based on sample counts)

============================================================
Training Hierarchical CE-SVM (Strategy: inverted)
============================================================
Class 1: 50 samples
Class 2: 1055 samples
Class 3: 174 samples
Features: 11

Dynamic Class Roles:
  Majority:  Class 2 (1055 samples)
  Medium:    Class 3 (174 samples)
  Minority:  Class 1 (50 samples)

============================================================
Training H1: Class 3 (+1) vs {Class 2, 1} (-1)
============================================================
H1 Training samples: 1279
  Positive (+1): 174 samples
  Negative (-1): 1105 samples

Set parameter TimeLimit to value 1800
Set parameter MIPGap to value 0.0001
Set parameter OutputFlag to value 1
Set parameter Threads to value 0
Gurobi Optimizer version 13.0.1 build v13.0.1rc0 (linux64 - "Ubuntu 24.04.3 LTS")

CPU model: AMD Ryzen 9 9900X 12-Core Processor, instruction set [SSE2|AVX|AVX2|AVX512]
Thread count: 20 physical cores, 20 logical processors, using up to 20 threads

Non-default parameters:
TimeLimit  1800

Optimize a model with 8977 rows, 5152 columns and 47175 nonzeros (Min)
Model fingerprint: 0x21512282
Model has 3861 linear objective coefficients
Variable types: 1304 continuous, 3848 integer (3848 binary)
Coefficient statistics:
  Matrix range     [1e-07, 2e+03]
  Objective range  [1e+00, 1e+00]
  Bounds range     [1e+00, 1e+00]
  RHS range        [1e+00, 2e+03]

Presolve removed 1168 rows and 673 columns
Presolve time: 0.04s
Presolved: 7809 rows, 4479 columns, 42162 nonzeros
Variable types: 23 continuous, 4456 integer (3342 binary)
Found heuristic solution: objective 3837.0000000
Found heuristic solution: objective 3836.0000000
Found heuristic solution: objective 1277.0000000

Root relaxation: objective -1.128000e+00, 2098 iterations, 0.04 seconds (0.25 work units)

    Nodes    |    Current Node    |     Objective Bounds      |     Work
 Expl Unexpl |  Obj  Depth IntInf | Incumbent    BestBd   Gap | It/Node Time

     0     0   -1.12800    0  456 1277.00000   -1.12800   100%     -    0s
H    0     0                     347.0000000   -1.12800   100%     -    0s
     0     0    0.16273    0 1242  347.00000    0.16273   100%     -    0s
     0     0    1.44036    0 1261  347.00000    1.44036   100%     -    0s
     0     0    1.46136    0 1261  347.00000    1.46136   100%     -    0s
     0     0    3.56347    0 1337  347.00000    3.56347  99.0%     -    0s
     0     0    5.58454    0 1228  347.00000    5.58454  98.4%     -    0s
     0     0    5.64407    0 1240  347.00000    5.64407  98.4%     -    0s
     0     0    5.65313    0 1244  347.00000    5.65313  98.4%     -    0s
     0     0    5.65405    0 1241  347.00000    5.65405  98.4%     -    0s
     0     0    5.65605    0 1242  347.00000    5.65605  98.4%     -    0s
     0     0    8.64277    0 1268  347.00000    8.64277  97.5%     -    0s
     0     0    9.48890    0 1216  347.00000    9.48890  97.3%     -    0s
     0     0    9.56233    0 1172  347.00000    9.56233  97.2%     -    0s
     0     0    9.56457    0 1187  347.00000    9.56457  97.2%     -    0s
     0     0    9.56464    0 1194  347.00000    9.56464  97.2%     -    0s
     0     0   10.06430    0 1238  347.00000   10.06430  97.1%     -    0s
     0     0   10.08730    0 1224  347.00000   10.08730  97.1%     -    0s
     0     0   10.10386    0 1249  347.00000   10.10386  97.1%     -    0s
     0     0   10.28359    0 1230  347.00000   10.28359  97.0%     -    1s
     0     0   10.30684    0 1246  347.00000   10.30684  97.0%     -    1s
     0     0   10.36164    0 1263  347.00000   10.36164  97.0%     -    1s
     0     0   10.39016    0 1254  347.00000   10.39016  97.0%     -    1s
     0     0   10.39989    0 1242  347.00000   10.39989  97.0%     -    1s
     0     0   10.40131    0 1239  347.00000   10.40131  97.0%     -    1s
     0     0   10.44438    0 1250  347.00000   10.44438  97.0%     -    1s
     0     0   10.59620    0 1240  347.00000   10.59620  96.9%     -    1s
     0     0   10.61820    0 1242  347.00000   10.61820  96.9%     -    1s
     0     0   10.62060    0 1244  347.00000   10.62060  96.9%     -    1s
     0     0   10.67719    0 1241  347.00000   10.67719  96.9%     -    1s
     0     0   10.73047    0 1253  347.00000   10.73047  96.9%     -    1s
     0     0   10.76531    0 1249  347.00000   10.76531  96.9%     -    1s
     0     0   10.76797    0 1251  347.00000   10.76797  96.9%     -    1s
     0     0   10.76994    0 1241  347.00000   10.76994  96.9%     -    1s
     0     0   10.76995    0 1241  347.00000   10.76995  96.9%     -    1s
     0     0   11.25664    0 1232  347.00000   11.25664  96.8%     -    1s
     0     0   11.30540    0 1212  347.00000   11.30540  96.7%     -    1s
     0     0   11.30854    0 1212  347.00000   11.30854  96.7%     -    1s
     0     0   11.30857    0 1215  347.00000   11.30857  96.7%     -    1s
     0     0   11.38294    0 1236  347.00000   11.38294  96.7%     -    1s
     0     0   11.59116    0 1236  347.00000   11.59116  96.7%     -    1s
     0     0   11.59138    0 1239  347.00000   11.59138  96.7%     -    1s
     0     0   11.75588    0 1193  347.00000   11.75588  96.6%     -    1s
     0     0   11.75699    0 1223  347.00000   11.75699  96.6%     -    1s
     0     0   11.78063    0 1237  347.00000   11.78063  96.6%     -    1s
     0     0   11.79891    0 1242  347.00000   11.79891  96.6%     -    1s
     0     0   11.80079    0 1170  347.00000   11.80079  96.6%     -    1s
     0     0   11.80380    0 1213  347.00000   11.80380  96.6%     -    1s
     0     0   11.94652    0  488  347.00000   11.94652  96.6%     -    1s
     0     0   11.94975    0 1209  347.00000   11.94975  96.6%     -    1s
     0     0   11.95233    0 1234  347.00000   11.95233  96.6%     -    1s
     0     0   11.96644    0  478  347.00000   11.96644  96.6%     -    1s
     0     0   11.98546    0 1226  347.00000   11.98546  96.5%     -    1s
     0     0   11.98576    0 1233  347.00000   11.98576  96.5%     -    1s
     0     0   11.98802    0 1233  347.00000   11.98802  96.5%     -    1s
     0     0   11.98802    0 1233  347.00000   11.98802  96.5%     -    1s
     0     2   11.98802    0 1233  347.00000   11.98802  96.5%     -    1s
   271   292   46.05556   14 2484  347.00000   13.62953  96.1%   621    5s
  7366  6195  334.24405  180  456  347.00000   17.97557  94.8%  89.3   10s
  8254  6894   53.74244   26 1899  347.00000   17.97557  94.8%   110   15s
 10873  8558  175.36175   75 2412  347.00000   17.97557  94.8%   127   20s
 13786 10226 infeasible   82       347.00000   17.97557  94.8%   135   25s
 19797 12776   32.07997   26 1901  347.00000   19.90457  94.3%   126   30s
 23628 14003  194.59304   85 1143  347.00000   27.09293  92.2%   120   35s
 23885 14196   43.72366   32 3648  347.00000   37.34528  89.2%   126   40s
 25186 15168   80.08624   61 1259  347.00000   37.34528  89.2%   132   45s
 28561 16849  218.53298  137  968  347.00000   39.01089  88.8%   133   50s
 32775 18654  187.60042  112 3576  347.00000   42.08447  87.9%   129   55s
 39137 22214   55.72519   32 3641  347.00000   42.93780  87.6%   121   60s
 48129 28496   61.07256   38 2683  347.00000   44.98127  87.0%   112   65s
 58817 31889   60.14095   34 3565  347.00000   46.72617  86.5%   103   70s
 68929 38258  110.32913   65 3324  347.00000   46.99168  86.5%  98.3   75s
 72319 39490  205.66759  153 1233  347.00000   47.98063  86.2%  97.0   81s
 72344 39507   78.51028   52 1127  347.00000   51.24393  85.2%  97.0   85s
 72368 39523  133.30016   98 1143  347.00000   52.39900  84.9%  96.9   90s
 72391 39538  147.57145   80 1168  347.00000   53.89513  84.5%  96.9   95s
 72415 39554  142.11788   89 1162  347.00000   56.04698  83.8%  96.9  100s
 72440 39571   95.70290   56 1159  347.00000   57.17504  83.5%  96.8  105s
 72498 39645   60.59082   37 2332  347.00000   59.18553  82.9%  97.8  110s
 72954 39934   64.46277   42 2563  347.00000   59.19186  82.9%  99.4  115s
 73323 40171   69.99191   49 2280  347.00000   59.19186  82.9%   100  120s
 74506 41104   77.16665   61 2102  347.00000   59.36647  82.9%   102  125s
 76519 41811  125.58106   81 1575  347.00000   60.21385  82.6%   105  130s
 78527 42800  272.21787  161 1079  347.00000   60.44447  82.6%   106  135s
 80760 43763   82.81347   63 2742  347.00000   60.84781  82.5%   107  140s
 83518 45277  279.83871  157 1009  347.00000   61.86526  82.2%   108  145s
 87974 47742   69.83112   42 1644  347.00000   62.01707  82.1%   108  151s
 92442 50218   74.73379   45 2692  347.00000   62.24625  82.1%   108  155s
 97749 52556   80.47730   54 1823  347.00000   62.50714  82.0%   109  160s
 100688 53690   88.67310   68 3207  347.00000   62.50714  82.0%   111  165s
 103843 55339  266.50930  143 2084  347.00000   62.64264  81.9%   111  170s
 108372 58103  118.91035   79 1773  347.00000   62.64264  81.9%   112  175s
 113691 60392   80.41466   48 2096  347.00000   65.06730  81.2%   113  181s
 117157 61800   81.78040   41 2677  347.00000   65.16641  81.2%   113  186s
 119208 62351   96.07066   60 1840  347.00000   65.16670  81.2%   114  191s
 119950 67233  113.63192   70 2302  347.00000   65.18409  81.2%   115  197s
 126965 66848   84.05394   50 2762  347.00000   65.88893  81.0%   116  200s
 131266 68018   78.64071   43 3549  347.00000   65.88893  81.0%   116  205s
 135556 70784   86.88183   46 2713  347.00000   65.88893  81.0%   117  210s
 140438 73419   98.51459   58 1915  347.00000   66.84526  80.7%   117  217s
 142460 73586   86.09287   50 2613  347.00000   66.84526  80.7%   118  220s
 143430 77860  114.60571   89 2163  347.00000   66.84526  80.7%   119  226s
 151431 79163  133.66353   77 3043  347.00000   67.31832  80.6%   119  231s
 155558 80807  107.30234   85 2774  347.00000   67.60130  80.5%   120  237s
 157730 82273  124.16100   65 3172  347.00000   67.75310  80.5%   120  240s
 160304 81455  171.46321   97 1891  347.00000   68.09611  80.4%   120  245s
 160344 81481  171.88724   99 2009  347.00000   68.09611  80.4%   120  251s
 160364 81495  172.68560  100 2054  347.00000   68.09611  80.4%   120  255s
 160404 81521  181.48938  102 2059  347.00000   68.09611  80.4%   120  260s
 160794 81737  126.32777   62 2792  347.00000   68.10095  80.4%   120  268s
 160814 82107  126.35025   63 2805  347.00000   68.10095  80.4%   120  272s
 161255 82660  132.34037   64 2799  347.00000   68.10095  80.4%   120  275s
 163558 84462   84.82654   43 2792  347.00000   68.15874  80.4%   121  282s
 165017 86159   91.21301   47 2514  347.00000   68.22926  80.3%   121  286s
 167530 86690  195.81825   96 3269  347.00000   68.37549  80.3%   121  290s
 172773 90219   88.72035   50 2159  347.00000   68.65445  80.2%   122  298s
 175888 91298  116.41484   66 3791  347.00000   68.78895  80.2%   122  301s
 180550 92892   85.61707   51 3936  347.00000   68.94738  80.1%   122  307s
 185315 95745   95.80222   49 2713  347.00000   69.16461  80.1%   122  312s
 187819 96864   83.31754   44 2423  347.00000   69.22316  80.1%   123  315s
 192340 98950   88.21910   50 2746  347.00000   69.23509  80.0%   123  321s
 194296 101538  312.70380   89 3400  347.00000   69.23509  80.0%   124  325s
 199928 105997  169.32592   86 3071  347.00000   69.67292  79.9%   124  331s
 203879 108101 infeasible   67       347.00000   69.88899  79.9%   125  338s
 206012 109402   92.80375   54 2494  347.00000   69.89138  79.9%   126  341s
 210486 113771   94.95727   50 2872  347.00000   70.12180  79.8%   127  348s
 213260 115387   92.55507   52 1876  347.00000   70.15575  79.8%   128  351s
 217579 120194  116.83466   63 1062  347.00000   70.39811  79.7%   128  357s
 220699 121974   98.03794   54 3223  347.00000   70.46291  79.7%   128  360s
 224239 124131  119.52613   68 3337  347.00000   70.47219  79.7%   129  366s
 227880 127928  112.09755   68 2574  347.00000   70.47219  79.7%   130  372s
 231413 129517   88.95412   46 1688  347.00000   70.80344  79.6%   130  375s
 234837 133010   91.30273   44 2453  347.00000   70.87240  79.6%   130  381s
 237265 134513   88.56054   45 2528  347.00000   70.91207  79.6%   130  385s
 241961 138670  103.17400   57 1812  347.00000   71.15817  79.5%   131  391s
 245761 142050   85.67709   43 1255  347.00000   71.17646  79.5%   131  396s
 250483 145265   96.51665   49 2599  347.00000   71.35382  79.4%   131  403s
 251669 146781  192.53149   97 3119  347.00000   71.35382  79.4%   131  406s
 255849 150727   86.80112   43 1161  347.00000   71.36808  79.4%   132  413s
 258463 152671  108.07173   57 1623  347.00000   71.40479  79.4%   133  416s
 262039 155853  152.19264  104 2983  347.00000   71.62986  79.4%   133  423s
 264902 157587  324.53679  150 1468  347.00000   71.72082  79.3%   133  425s
 268666 160552  166.96050   98 1451  347.00000   71.72082  79.3%   133  431s
 272300 162348   96.60184   47 3366  347.00000   71.89304  79.3%   134  435s
 274883 166302   96.76602   46 3223  347.00000   72.05132  79.2%   134  442s
 277156 166871  304.57126  163 2842  347.00000   72.05132  79.2%   134  445s
 280113 168989   94.08767   44 2840  347.00000   72.25168  79.2%   135  452s
 280841 170395  101.49201   50 2977  347.00000   72.25168  79.2%   135  456s
 283128 172182  121.02450   65 3646  347.00000   72.26737  79.2%   136  460s
 287931 176469  107.29632   53 2051  347.00000   72.37533  79.1%   136  467s
 290525 178108  156.09022   68 1921  347.00000   72.43337  79.1%   136  470s
 294767 181948  111.45070   65 1753  347.00000   72.51800  79.1%   136  477s
 296839 184270  102.04562   46 2321  347.00000   72.62953  79.1%   136  480s
 301350 187730   99.81216   49 1740  347.00000   72.72454  79.0%   137  487s
 303628 189320   89.59091   40 2757  347.00000   72.81740  79.0%   137  490s
 307007 192501  110.90544   71 1218  347.00000   72.83001  79.0%   138  498s
 309772 194407   92.90511   44 2415  347.00000   72.83001  79.0%   138  501s
 312092 195985  339.40462  162 3478  347.00000   72.83001  79.0%   139  505s
 315313 198637   94.10647   44 3006  347.00000   73.05139  78.9%   139  513s
 317782 200666  102.91721   49 2977  347.00000   73.14799  78.9%   139  516s
 320083 202811  106.80250   66  844  347.00000   73.14799  78.9%   140  520s
 325263 207334   95.20413   43 2412  347.00000   73.23053  78.9%   140  528s
 327625 209110  113.94592   59 1420  347.00000   73.34163  78.9%   140  533s
 329879 210456  113.65743   54 2573  347.00000   73.40128  78.8%   140  536s
 331395 212549  109.65904   53 2180  347.00000   73.44197  78.8%   140  540s
 333726 214693  110.01284   60 3697  347.00000   73.47547  78.8%   141  545s
 338462 218527  109.57065   56 2965  347.00000   73.55927  78.8%   141  552s
 340636 220550  306.66919  176 2706  347.00000   73.55927  78.8%   141  556s
 344128 223092  104.39626   59 2009  347.00000   73.62706  78.8%   142  563s
 346438 225261   89.36705   42 1650  347.00000   73.70462  78.8%   142  567s
 349243 226704  109.94942   61 1586  347.00000   73.73003  78.8%   142  571s
 353004 229428  100.47002   47 2902  347.00000   73.76239  78.7%   142  578s
 354434 230936  111.97358   56 3966  347.00000   73.76239  78.7%   143  582s
 357065 233095  104.94040   50 2597  347.00000   73.90557  78.7%   143  586s
 359631 235007  106.25610   49 2637  347.00000   73.90957  78.7%   143  590s
 364036 239064  113.62395   57 1722  347.00000   73.99331  78.7%   143  598s
 366482 241295  153.31831   77 2081  347.00000   74.02699  78.7%   143  603s
 369042 242249  118.45349   56 2689  347.00000   74.02699  78.7%   144  606s
 370222 243469  173.45053   80 4015  347.00000   74.02699  78.7%   144  610s
 374345 247660  104.04001   50 1217  347.00000   74.19368  78.6%   144  618s
 377058 249725  105.09882   59 1473  347.00000   74.19695  78.6%   144  622s
 379498 251324   99.73284   44 2260  347.00000   74.32178  78.6%   144  626s
 381377 253098  111.12504   60 2385  347.00000   74.36871  78.6%   144  631s
 383430 255427  102.35224   50 2280  347.00000   74.37674  78.6%   145  635s
 388418 259048  110.66081   55 2772  347.00000   74.44185  78.5%   145  642s
 390314 260040  100.35177   49 3341  347.00000   74.53464  78.5%   145  647s
 391953 262432  123.00246   80 3592  347.00000   74.56678  78.5%   145  652s
 395020 264290  254.82595  123 1748  347.00000   74.62039  78.5%   145  657s
 397210 266183  124.36973   72 2629  347.00000   74.66142  78.5%   146  661s
 399434 267907  103.75262   48 2483  347.00000   74.68365  78.5%   146  666s
 401750 269663  118.56247   68 2091  347.00000   74.68365  78.5%   146  670s
 404028 271707  111.60300   59 1171  347.00000   74.74091  78.5%   147  675s
 407009 273172  103.14790   49 2111  347.00000   74.80929  78.4%   147  680s
 408795 274356  100.22353   48 2564  347.00000   74.83196  78.4%   148  685s
 410265 277354  112.73746   59 2442  347.00000   74.83196  78.4%   148  691s
 414549 278998  133.98314   79 2151  347.00000   74.89436  78.4%   149  696s
 416487 280788  111.50204   54 3250  347.00000   74.89436  78.4%   149  700s
 418778 282415  107.73390   46 2587  347.00000   75.03173  78.4%   149  705s
 422545 286365  112.06894   55 2785  347.00000   75.05242  78.4%   149  715s
 425193 288245  116.48693   55 2293  347.00000   75.16775  78.3%   149  720s
 427386 290744  112.47644   52 3224  347.00000   75.21266  78.3%   150  725s
 432965 294685  108.02475   54 2092  347.00000   75.24657  78.3%   150  733s
 435005 296619  106.90349   45 2760  347.00000   75.24657  78.3%   150  737s
 437233 298523  192.47780  112 2403  347.00000   75.24657  78.3%   150  741s
 439424 300218  155.18441   83 2785  347.00000   75.32310  78.3%   150  746s
 441414 301866  187.55531   99 3890  347.00000   75.45032  78.3%   150  751s
 443378 303503  102.60412   46 2535  347.00000   75.48671  78.2%   151  756s
 445292 305415  109.44407   48 3074  347.00000   75.55493  78.2%   151  760s
 447528 306236  106.85092   47 3508  347.00000   75.59424  78.2%   151  765s
 448933 307755  141.30335   85 3575  347.00000   75.59424  78.2%   151  770s
 451208 310044  111.52530   56 2448  347.00000   75.66273  78.2%   152  775s
 453868 311550  108.30918   42 3864  347.00000   75.68416  78.2%   152  780s
 455684 313810  161.46367   81 3661  347.00000   75.68416  78.2%   152  785s
 460516 318265   97.94561   45 1278  347.00000   75.82002  78.1%   152  795s
 465639 321997  127.44736   66 3034  347.00000   75.82076  78.1%   153  804s
 467666 324087  101.78215   48 2545  347.00000   75.90185  78.1%   153  808s
 470101 324836  248.41364  126 1966  347.00000   75.90185  78.1%   153  812s
 471091 325869  114.58261   47 4266  347.00000   75.90185  78.1%   153  817s
 473282 327632  210.59738   63 3778  347.00000   75.90185  78.1%   154  822s
 475611 328428  109.11371   52 2322  347.00000   76.01952  78.1%   154  827s
 477070 329843  149.39842   82 3903  347.00000   76.01952  78.1%   154  831s
 479127 332196  121.58382   54 1642  347.00000   76.02002  78.1%   154  836s
 481851 334402  123.75053   60 1911  347.00000   76.09598  78.1%   154  841s
 484379 336133   97.23302   44 1895  347.00000   76.15882  78.1%   154  846s
 486511 338096  110.31943   47 2320  347.00000   76.23555  78.0%   154  851s
 488783 339326  121.67914   55 2833  347.00000   76.23555  78.0%   154  855s
 493297 343516  132.05938   64 2455  347.00000   76.23555  78.0%   155  864s
 495734 345558  107.16140   50 2487  347.00000   76.30038  78.0%   155  868s
 498122 347760  110.47597   53 3066  347.00000   76.35909  78.0%   155  873s
 500646 348391  110.55950   55  914  347.00000   76.38716  78.0%   155  877s
 501432 351229  144.50507   82 2711  347.00000   76.38716  78.0%   156  886s
 505567 353704  121.30563   60 3479  347.00000   76.42236  78.0%   156  892s
 508491 355445  102.68228   43 3188  347.00000   76.51226  78.0%   156  897s
 510596 356442     cutoff  167       347.00000   76.51226  78.0%   156  902s
 512594 358273  137.18221   69 3090  347.00000   76.51226  78.0%   156  908s
 514933 360767  136.63941   71 2132  347.00000   76.61615  77.9%   156  914s
 517799 363300  109.16737   49 2912  347.00000   76.66026  77.9%   157  919s
 520681 364477  220.93074  112 2705  347.00000   76.66919  77.9%   157  924s
 522333 366154  126.62616   62 2615  347.00000   76.67962  77.9%   157  929s
 524559 367839  120.29575   54 2796  347.00000   76.72735  77.9%   157  933s
 526552 368762  113.22181   48 2304  347.00000   76.74170  77.9%   157  938s
 528060 370534  146.82594   76 4065  347.00000   76.74170  77.9%   157  943s
 530833 371693  133.84797   81 3639  347.00000   76.74170  77.9%   158  948s
 532761 373589  113.86975   51 2088  347.00000   76.74170  77.9%   158  953s
 535041 375861  101.50937   46 2366  347.00000   76.91697  77.8%   158  959s
 537592 376810  102.19627   43 2818  347.00000   76.91884  77.8%   158  964s
 538996 378688  123.58842   69 3876  347.00000   76.91884  77.8%   159  970s
 543574 380223  124.27217   59 3751  347.00000   76.98689  77.8%   159  979s
 543595 380243  122.99653   58 2862  347.00000   76.98689  77.8%   159  984s
 543615 380263  120.09044   57 1929  347.00000   76.98689  77.8%   159  988s
 543635 380658  122.55124   58 1925  347.00000   76.98689  77.8%   159  993s
 544050 381995  128.47640   62 2604  347.00000   76.98689  77.8%   159  999s
 546040 383507  142.30318   75 3763  347.00000   77.03947  77.8%   159 1005s
 548313 384971  121.10377   53 2996  347.00000   77.05070  77.8%   159 1010s
 551297 387367  121.93822   63 1824  347.00000   77.08964  77.8%   160 1021s
 553865 389760  152.82983   81 1255  347.00000   77.08964  77.8%   160 1028s
 557394 391767  121.62168   65 1780  347.00000   77.09597  77.8%   160 1034s
 560036 393693  112.93689   54 2338  347.00000   77.20123  77.8%   161 1040s
 562361 395869  106.53324   47 2235  347.00000   77.27341  77.7%   161 1045s
 564879 398378  104.38734   47 1671  347.00000   77.31412  77.7%   161 1050s
 567681 399511  107.79736   47 2190  347.00000   77.32017  77.7%   161 1055s
 569457 401473  121.47491   62 2529  347.00000   77.32630  77.7%   161 1061s
 572100 403254  120.41372   52 2816  347.00000   77.39443  77.7%   161 1066s
 574089 404073  124.41970   65 1917  347.00000   77.39443  77.7%   161 1071s
 575141 405158  143.77765   78 2816  347.00000   77.39443  77.7%   162 1077s
 576780 407628     cutoff  136       347.00000   77.39443  77.7%   162 1084s
 579893 409852  129.85733   63 3148  347.00000   77.49907  77.7%   162 1090s
 582550 411912  118.71787   56 2332  347.00000   77.54286  77.7%   162 1096s
 584885 414503  155.95038   75 2648  347.00000   77.58920  77.6%   162 1102s
 587874 417095  106.93021   46 2375  347.00000   77.63317  77.6%   162 1108s
 590910 419222  106.92777   45 2724  347.00000   77.67098  77.6%   162 1113s
 593372 421693  112.35609   55 1962  347.00000   77.68944  77.6%   162 1119s
 596225 423131  107.03310   48 2152  347.00000   77.74006  77.6%   163 1124s
 597881 425338  113.58530   57  638  347.00000   77.76013  77.6%   163 1130s
 600409 427430  121.63133   59 2485  347.00000   77.81557  77.6%   163 1136s
 602856 430006  111.20669   52 3147  347.00000   77.82013  77.6%   163 1142s
 605959 432428  126.96850   61 2068  347.00000   77.87195  77.6%   163 1147s
 608781 434476  118.83212   58 2695  347.00000   77.93214  77.5%   163 1152s
 611094 435887  125.20444   65 1693  347.00000   77.94472  77.5%   163 1157s
 612761 437657  116.95701   55 2862  347.00000   77.98257  77.5%   164 1163s
 614870 439362  106.57062   48 1685  347.00000   78.03463  77.5%   164 1168s
 616890 441568  105.88953   46 2406  347.00000   78.06766  77.5%   164 1173s
 619424 443770  101.66408   47 2187  347.00000   78.08498  77.5%   164 1178s
 621987 445636  102.00116   41 3245  347.00000   78.09069  77.5%   164 1183s
 624124 446692 infeasible  124       347.00000   78.09069  77.5%   164 1188s
 625384 448824  118.05899   67 1124  347.00000   78.12377  77.5%   164 1193s
 627848 450995   97.50477   41 2068  347.00000   78.21275  77.5%   164 1198s
 630365 452767  112.73232   50 2218  347.00000   78.24740  77.5%   164 1203s
 632437 453389  115.82575   50 1976  347.00000   78.28979  77.4%   164 1208s
 633118 454851  132.98429   58 2206  347.00000   78.28979  77.4%   165 1214s
 635373 456737  343.91087  179 1916  347.00000   78.29438  77.4%   165 1219s
 638064 458208  179.32785   92 2210  347.00000   78.33844  77.4%   165 1225s
 639787 459478  114.98433   45 3366  347.00000   78.33844  77.4%   165 1231s
 641477 461456 infeasible   64       347.00000   78.33844  77.4%   165 1237s
 644112 462332  124.51375   51 3864  347.00000   78.33844  77.4%   165 1242s
 645420 464618  143.61332   57 4091  347.00000   78.33844  77.4%   166 1250s
 648689 466563  125.56527   58 2243  347.00000   78.47011  77.4%   166 1255s
 651003 467291  113.28706   48 1944  347.00000   78.49541  77.4%   166 1261s
 651810 469867  130.64990   57 1829  347.00000   78.49541  77.4%   166 1268s
 655707 471683  116.89817   49 2430  347.00000   78.52088  77.4%   167 1274s
 657845 473448  110.92470   47 3559  347.00000   78.55422  77.4%   167 1280s
 659891 475604  116.81975   50 1855  347.00000   78.58202  77.4%   167 1286s
 662429 477682  108.73147   44 1496  347.00000   78.60677  77.3%   167 1291s
 664866 478880  108.00261   53 1969  347.00000   78.63779  77.3%   167 1296s
 666887 480015  111.06138   51 1793  347.00000   78.64138  77.3%   167 1301s
 668438 481472  109.80877   53 1528  347.00000   78.64460  77.3%   167 1307s
 670822 483178  116.08611   51 2621  347.00000   78.66299  77.3%   167 1311s
 672904 484019  115.16995   48 3154  347.00000   78.66299  77.3%   167 1316s
 674185 485071  152.81668   62 3883  347.00000   78.66299  77.3%   168 1322s
 675888 487046  106.50663   43 2197  347.00000   78.74518  77.3%   168 1329s
 678258 489191  127.14186   61 1731  347.00000   78.79597  77.3%   168 1334s
 680733 491123  132.62520   67 3562  347.00000   78.83684  77.3%   168 1339s
 682997 493157  112.68017   45 2513  347.00000   78.88201  77.3%   168 1345s
 685372 495577  113.12494   50 2369  347.00000   78.92673  77.3%   168 1350s
 688228 497106  122.80547   54 3402  347.00000   78.95916  77.2%   168 1355s
 690130 499502  126.23203   62 3272  347.00000   78.99494  77.2%   168 1361s
 692837 500991  126.70819   68 2538  347.00000   79.01988  77.2%   168 1366s
 694554 503153  123.07920   72 1894  347.00000   79.03225  77.2%   168 1373s
 697102 504107  116.77000   49 2404  347.00000   79.09222  77.2%   169 1379s
 698318 506748  131.09293   65 2763  347.00000   79.09222  77.2%   169 1386s
 701424 509638  123.43130   62 3559  347.00000   79.13363  77.2%   169 1394s
 704708 512036  108.02189   48 2151  347.00000   79.14077  77.2%   169 1400s
 707513 514005  115.72000   59 2450  347.00000   79.18534  77.2%   169 1406s
 709838 515855  103.94024   41 1616  347.00000   79.18596  77.2%   169 1412s
 712138 518038  272.52581  137  824  347.00000   79.18596  77.2%   169 1418s
 714822 519600  141.64189   85 3109  347.00000   79.27336  77.2%   169 1424s
 716645 520991  122.62103   56 2897  347.00000   79.27497  77.2%   169 1429s
 718348 523738  127.61616   55 3937  347.00000   79.32814  77.1%   169 1436s
 721476 525351  123.72911   63 1349  347.00000   79.35765  77.1%   170 1442s
 723251 527420  112.35459   48 2984  347.00000   79.35790  77.1%   170 1448s
 725694 529330  118.97710   56 1236  347.00000   79.39063  77.1%   170 1454s
 727947 531175  117.81204   54 1989  347.00000   79.39063  77.1%   170 1460s
 730240 533315  123.31080   54 3748  347.00000   79.45780  77.1%   170 1466s
 732835 535132  106.33009   43 2305  347.00000   79.48629  77.1%   170 1473s
 735174 537464  127.38211   64 1567  347.00000   79.48629  77.1%   170 1480s
 738328 539062  124.24292   44 3697  347.00000   79.52388  77.1%   171 1486s
 740250 541128  114.48277   52 2216  347.00000   79.54987  77.1%   171 1491s
 742672 543113  111.65688   50 1948  347.00000   79.56871  77.1%   171 1498s
 744915 543451  119.75932   46 4108  347.00000   79.60087  77.1%   171 1503s
 745355 544998  121.29304   47 3537  347.00000   79.60087  77.1%   171 1509s
 747590 547062  140.65773   58 4246  347.00000   79.62119  77.1%   171 1516s
 750480 547553  127.14102   62 2207  347.00000   79.63067  77.1%   171 1522s
 751191 549288  153.35693   81 3046  347.00000   79.63067  77.1%   172 1528s
 753660 551372  126.39733   58 2286  347.00000   79.70870  77.0%   172 1535s
 756125 553573  119.60159   56 1470  347.00000   79.75962  77.0%   172 1541s
 758702 554638  112.81400   48 3299  347.00000   79.79835  77.0%   172 1547s
 759901 556933  134.88385   67 2564  347.00000   79.79835  77.0%   172 1554s
 762585 558551  116.88380   51 1725  347.00000   79.83884  77.0%   172 1560s
 764540 559134  144.53759   64 3107  347.00000   79.86698  77.0%   172 1566s
 765262 563352  122.21148   45 2196  347.00000   79.86736  77.0%   172 1580s
 771027 565598  127.03496   60 3726  347.00000   79.92199  77.0%   173 1588s
 773693 567685  112.99632   50 3332  347.00000   79.99877  76.9%   173 1594s
 776135 569360  138.37870   74 2352  347.00000   80.03098  76.9%   173 1600s
 778092 571292  128.06635   64 3148  347.00000   80.03098  76.9%   173 1606s
 780594 573196  142.57178   75 2212  347.00000   80.09152  76.9%   173 1612s
 782889 576163  118.49086   54 2119  347.00000   80.12683  76.9%   173 1620s
 786233 578531  126.10469   63 2930  347.00000   80.14969  76.9%   173 1626s
 789014 578551  122.08794   48 3120  347.00000   80.16258  76.9%   173 1631s
 789034 595155  125.20927   49 3105  347.00000   80.17375  76.9%   173 1762s
 809034 600150  118.76489   52 1908  347.00000   80.37567  76.8%   174 1777s
 814893 600487  104.65625   44 2421  347.00000   80.49719  76.8%   174 1782s
 815249 606542  118.17040   51 2439  347.00000   80.49719  76.8%   174 1800s

Cutting planes:
  Gomory: 189
  Cover: 4665
  Dual implied bound: 43
  MIR: 388
  Mixing: 1
  StrongCG: 7
  Flow cover: 446
  GUB cover: 32
  Inf proof: 288
  Zero half: 1
  RLT: 4
  Relax-and-lift: 21

Explored 822682 nodes (143734888 simplex iterations) in 1800.04 seconds (6495.72 work units)
Thread count was 20 (of 20 available processors)

Solution count 4: 347 1277 3836 3837 

Time limit reached
Best objective 3.470000000000e+02, best bound 8.055613016256e+01, gap 76.7850%
Time limit reached. Using best solution found (gap: 76.78%)

H1 Solution:
  Objective: 347.000000
  Selected features: 11/11
  L1 norm: 0.000000
  Positive accuracy lb: 0.0000
  Negative accuracy lb: 1.0000

============================================================
Training H2: Class {Class 3, 2} (+1) vs Class 1 (-1)
============================================================
H2 Training samples: 1279
  Positive (+1): 1229 samples
  Negative (-1): 50 samples

Set parameter TimeLimit to value 1800
Set parameter MIPGap to value 0.0001
Set parameter OutputFlag to value 1
Set parameter Threads to value 0
Gurobi Optimizer version 13.0.1 build v13.0.1rc0 (linux64 - "Ubuntu 24.04.3 LTS")

CPU model: AMD Ryzen 9 9900X 12-Core Processor, instruction set [SSE2|AVX|AVX2|AVX512]
Thread count: 20 physical cores, 20 logical processors, using up to 20 threads

Non-default parameters:
TimeLimit  1800

Optimize a model with 8977 rows, 5152 columns and 47175 nonzeros (Min)
Model fingerprint: 0x3f786ed0
Model has 3861 linear objective coefficients
Variable types: 1304 continuous, 3848 integer (3848 binary)
Coefficient statistics:
  Matrix range     [1e-07, 2e+03]
  Objective range  [1e+00, 1e+00]
  Bounds range     [1e+00, 1e+00]
  RHS range        [1e+00, 2e+03]

Found heuristic solution: objective 151.3997563
Presolve removed 1168 rows and 673 columns
Presolve time: 0.04s
Presolved: 7809 rows, 4479 columns, 42162 nonzeros
Found heuristic solution: objective 151.0000000
Variable types: 23 continuous, 4456 integer (3342 binary)
Found heuristic solution: objective 150.0000000

Root relaxation: objective -1.748000e+00, 1394 iterations, 0.01 seconds (0.07 work units)

    Nodes    |    Current Node    |     Objective Bounds      |     Work
 Expl Unexpl |  Obj  Depth IntInf | Incumbent    BestBd   Gap | It/Node Time

     0     0   -1.74800    0  150  150.00000   -1.74800   101%     -    0s
H    0     0                      99.0000000   -1.74800   102%     -    0s
     0     0   -0.07657    0  155   99.00000   -0.07657   100%     -    0s
     0     0    0.74649    0  151   99.00000    0.74649  99.2%     -    0s
     0     0    3.28832    0  421   99.00000    3.28832  96.7%     -    0s
     0     0    5.23603    0  372   99.00000    5.23603  94.7%     -    0s
     0     0    5.30785    0  369   99.00000    5.30785  94.6%     -    0s
     0     0    5.31185    0  369   99.00000    5.31185  94.6%     -    0s
     0     0    6.44640    0  410   99.00000    6.44640  93.5%     -    0s
     0     0    7.54124    0  373   99.00000    7.54124  92.4%     -    0s
     0     0    7.55882    0  388   99.00000    7.55882  92.4%     -    0s
     0     0    7.57510    0  373   99.00000    7.57510  92.3%     -    0s
     0     0    7.57821    0  377   99.00000    7.57821  92.3%     -    0s
     0     0    8.06054    0  372   99.00000    8.06054  91.9%     -    0s
     0     0    8.11561    0  383   99.00000    8.11561  91.8%     -    0s
     0     0    8.13050    0  382   99.00000    8.13050  91.8%     -    0s
     0     0    8.13244    0  391   99.00000    8.13244  91.8%     -    0s
     0     0    8.13264    0  391   99.00000    8.13264  91.8%     -    0s
     0     0    8.58282    0  369   99.00000    8.58282  91.3%     -    0s
     0     0    8.83250    0  395   99.00000    8.83250  91.1%     -    0s
     0     0    8.86339    0  402   99.00000    8.86339  91.0%     -    0s
     0     0    9.32499    0  383   99.00000    9.32499  90.6%     -    0s
     0     0    9.34539    0  381   99.00000    9.34539  90.6%     -    0s
     0     0    9.70308    0  370   99.00000    9.70308  90.2%     -    0s
     0     0    9.70456    0  366   99.00000    9.70456  90.2%     -    0s
     0     0    9.74497    0  377   99.00000    9.74497  90.2%     -    0s
     0     0    9.79120    0  403   99.00000    9.79120  90.1%     -    0s
     0     0    9.85179    0  391   99.00000    9.85179  90.0%     -    0s
     0     0    9.86450    0  382   99.00000    9.86450  90.0%     -    0s
     0     0    9.86694    0  390   99.00000    9.86694  90.0%     -    0s
     0     0    9.87196    0  379   99.00000    9.87196  90.0%     -    0s
     0     0    9.87334    0  382   99.00000    9.87334  90.0%     -    0s
     0     0    9.89033    0  386   99.00000    9.89033  90.0%     -    0s
     0     0   10.00619    0  387   99.00000   10.00619  89.9%     -    0s
     0     0   10.10956    0  394   99.00000   10.10956  89.8%     -    0s
     0     0   10.12652    0  387   99.00000   10.12652  89.8%     -    0s
     0     0   10.12743    0  391   99.00000   10.12743  89.8%     -    0s
     0     0   10.23894    0  374   99.00000   10.23894  89.7%     -    0s
     0     0   10.25211    0  375   99.00000   10.25211  89.6%     -    1s
     0     0   10.25236    0  384   99.00000   10.25236  89.6%     -    1s
     0     0   10.25243    0  385   99.00000   10.25243  89.6%     -    1s
     0     0   10.25368    0  391   99.00000   10.25368  89.6%     -    1s
     0     0   10.25411    0  391   99.00000   10.25411  89.6%     -    1s
     0     0   10.26597    0  383   99.00000   10.26597  89.6%     -    1s
     0     0   10.26599    0  383   99.00000   10.26599  89.6%     -    1s
     0     0   10.26599    0  383   99.00000   10.26599  89.6%     -    1s
     0     2   10.26600    0  383   99.00000   10.26600  89.6%     -    1s
  1831  1673   35.80839   16 1255   99.00000   13.73398  86.1%   243    5s
  2811  2367   82.61495   46  350   99.00000   14.24061  85.6%   237   10s
  3599  2912   71.26888   34 1904   99.00000   17.24180  82.6%   261   15s
  5798  3951   76.68803   50 2392   99.00000   18.61939  81.2%   267   20s
  8587  5240   34.10276   23 2468   99.00000   21.23701  78.5%   254   25s
 10833  6864   29.71357   26 1337   99.00000   22.04038  77.7%   259   30s
 14702  9806 infeasible   47        99.00000   23.93307  75.8%   252   35s
 20050 14010   49.17520   42 1397   99.00000   25.07906  74.7%   238   40s
 23406 15838   42.01122   29  336   99.00000   25.58889  74.2%   239   45s
 23749 16106   41.44239   34 3412   99.00000   26.61570  73.1%   245   50s
 24871 16739   70.44671   56 2824   99.00000   26.72082  73.0%   248   55s
 26004 17276     cutoff   45        99.00000   29.95285  69.7%   251   60s
 27261 17903   35.85377   35 1507   99.00000   31.26565  68.4%   254   65s
 29060 18891   53.07721   44 3558   99.00000   31.79819  67.9%   256   70s
 31647 20269   49.54904   44 1881   99.00000   32.24331  67.4%   253   75s
 35772 22196   39.95663   30 3094   99.00000   34.06657  65.6%   257   80s
 39782 23797   60.15343   56 2755   99.00000   35.01613  64.6%   260   85s
 42952 25560   40.63635   36 3267   99.00000   35.74599  63.9%   261   90s
 48436 27423     cutoff   60        99.00000   36.58132  63.0%   259   95s
 52152 28398   46.13694   37 2204   99.00000   37.03144  62.6%   261  101s
 52795 29320   48.17259   40 2368   99.00000   37.07640  62.5%   262  106s
 55724 30988   92.09060   84 2145   99.00000   37.22168  62.4%   263  111s
 60966 32265   45.36548   35 2792   99.00000   37.66770  62.0%   262  116s
 63077 34006   47.26219   43 2662   99.00000   37.82578  61.8%   263  121s
 66615 34953   86.40106   56 2410   99.00000   38.11369  61.5%   263  125s
 70279 35416   42.09399   37  383   99.00000   38.29645  61.3%   262  135s
 70312 35438   84.20408   76  282   99.00000   38.29645  61.3%   261  140s
 70353 35465   90.07720   53  268   99.00000   38.29645  61.3%   261  145s
 70389 35489   74.41813   63  266   99.00000   38.29645  61.3%   261  150s
 70536 35625   42.71810   39 2871   99.00000   38.94493  60.7%   262  155s
 71229 36114   57.08471   52 3332   99.00000   38.94493  60.7%   263  160s
 72632 36758   83.94933   79 1828   99.00000   39.91483  59.7%   263  165s
 73769 37337     cutoff   71        99.00000   40.51368  59.1%   263  170s
 74891 37909   54.70873   52 1275   99.00000   40.75194  58.8%   263  175s
 76227 38628   70.41584   60 3300   99.00000   40.75194  58.8%   264  180s
 77894 39305   72.56532   57 2512   99.00000   41.41303  58.2%   264  185s
 78716 39641   62.32070   63 1830   99.00000   41.52653  58.1%   264  191s
 79757 40144   53.11286   50 4183   99.00000   41.53786  58.0%   265  195s
 83274 41852   47.31212   46 1591   99.00000   42.36432  57.2%   263  200s
 85964 43502   71.23048   63 1500   99.00000   42.38263  57.2%   263  205s
 88983 44544   58.62530   52 1416   99.00000   42.67438  56.9%   264  210s
 92231 46268   52.28984   47 1682   99.00000   43.01162  56.6%   264  215s
 95125 47884   73.42513   52 4006   99.00000   43.12730  56.4%   264  221s
 98289 48406   48.60527   42 2163   99.00000   43.44046  56.1%   264  225s
 100313 49775   48.70702   40 2105   99.00000   43.60418  56.0%   264  230s
 105235 52038   50.79957   46 2193   99.00000   43.85324  55.7%   264  236s
 108558 53418   72.44309   67 3339   99.00000   44.12400  55.4%   264  241s
 111864 54976   48.02649   44 1160   99.00000   44.29442  55.3%   265  247s
 114232 55875   57.24898   51 3114   99.00000   44.39185  55.2%   266  252s
 115850 56924   72.28591   60  779   99.00000   44.48752  55.1%   267  255s
 120770 57870   56.14302   57 2114   99.00000   44.76282  54.8%   267  262s
 121561 59097   62.58569   52 3478   99.00000   44.76282  54.8%   267  265s
 125805 60943   88.57540   60 3841   99.00000   45.01136  54.5%   267  273s
 128064 61760   53.19736   43 3084   99.00000   45.15224  54.4%   267  276s
 132711 62991   90.88256   65 3898   99.00000   45.41763  54.1%   267  283s
 134555 63735   58.88582   49 4398   99.00000   45.56085  54.0%   267  286s
 137948 65534   95.81724   68 1319   99.00000   45.69360  53.8%   268  292s
 140337 66310   96.27678   75 1742   99.00000   45.75931  53.8%   269  296s
 143593 69605   55.45523   51 3885   99.00000   45.90366  53.6%   269  305s
 149354 69950   95.65234   62 2776   99.00000   46.11855  53.4%   269  313s
 151426 70855 infeasible   84        99.00000   46.23965  53.3%   269  316s
 153772 70279   53.96989   43 4065   99.00000   46.29927  53.2%   269  320s
 155784 72218   54.57771   47 3841   99.00000   46.32068  53.2%   269  327s
 157704 73310   98.33907   80 1110   99.00000   46.38864  53.1%   269  331s
 162431 74789   59.35119   53 1115   99.00000   46.62695  52.9%   269  338s
 164649 75666   58.74819   48 3696   99.00000   46.72187  52.8%   269  341s
 166886 76715   63.79763   53 1380   99.00000   46.79884  52.7%   270  345s
 171522 78150   55.91004   47 1992   99.00000   46.91476  52.6%   270  351s
 173425 78958   57.50333   48 2548   99.00000   46.98987  52.5%   271  355s
 176156 80400   93.11588   81 3656   99.00000   47.03677  52.5%   271  361s
 178534 81515   55.43679   43 1469   99.00000   47.13509  52.4%   271  365s
 182425 84139   76.28006   54 3043   99.00000   47.24113  52.3%   271  371s
 184112 85808   57.74210   49 1976   99.00000   47.28160  52.2%   271  375s
 187719 88452   54.38292   44 2416   99.00000   47.38502  52.1%   271  382s
 189941 90098   54.89519   43 2980   99.00000   47.43852  52.1%   272  386s
 194671 93363   54.88081   43 3777   99.00000   47.52888  52.0%   272  392s
 196588 93853   79.60865   62 3767   99.00000   47.57999  51.9%   272  396s
 199441 97073   58.72745   49 2173   99.00000   47.65926  51.9%   273  403s
 201553 98453   66.31671   59 2580   99.00000   47.72783  51.8%   273  406s
 203643 99790   84.41887   59 2047   99.00000   47.77967  51.7%   273  410s
 207747 103127   77.69365   68 3026   99.00000   47.87899  51.6%   274  417s
 209981 104722   59.74112   48 2532   99.00000   47.92156  51.6%   274  420s
 214323 107707   89.42026   67  616   99.00000   48.03278  51.5%   274  427s
 216257 109322   71.27311   54 1391   99.00000   48.07019  51.4%   274  431s
 218483 111106   58.17807   48 2935   99.00000   48.13643  51.4%   274  435s
 223091 114108   56.05559   45 2289   99.00000   48.23318  51.3%   274  442s
 225039 115592   74.67784   58 3548   99.00000   48.27542  51.2%   274  445s
 229168 118654   58.14841   48 2107   99.00000   48.37731  51.1%   275  453s
 231625 120082   66.72258   52 1906   99.00000   48.42216  51.1%   275  456s
 235697 123211   67.80733   55 2525   99.00000   48.52221  51.0%   275  463s
 237783 124608   80.48890   73 1095   99.00000   48.55957  50.9%   275  466s
 239927 126201   69.59822   59 2528   99.00000   48.58117  50.9%   276  470s
 244185 128886   71.90570   65 3418   99.00000   48.67451  50.8%   276  477s
 245856 130622   77.79927   65 2763   99.00000   48.69728  50.8%   276  481s
 250028 133342   76.43147   54 2823   99.00000   48.77922  50.7%   276  488s
 252345 134813   51.60710   44 1516   99.00000   48.83205  50.7%   276  491s
 256225 137340   93.54466   62 2982   99.00000   48.90101  50.6%   277  498s
 258029 138014   56.91892   49 3655   99.00000   48.92907  50.6%   277  502s
 258974 139700   57.54878   53 3470   99.00000   48.92907  50.6%   277  505s
 263405 142762   58.76928   48 2949   99.00000   49.03866  50.5%   277  513s
 265621 144187   54.58138   49 2311   99.00000   49.08257  50.4%   277  516s
 267629 145685   70.36627   63 2501   99.00000   49.11926  50.4%   278  520s
 271563 148337   77.20745   58 3905   99.00000   49.20805  50.3%   278  527s
 273516 149860   64.88303   48 2102   99.00000   49.22767  50.3%   278  531s
 277568 152803   57.27245   45 1435   99.00000   49.28102  50.2%   278  538s
 279733 154418   64.00181   58 2618   99.00000   49.32872  50.2%   278  541s
 281924 155919   94.24494   64 3450   99.00000   49.35213  50.1%   278  545s
 286119 158956   57.78646   45 4352   99.00000   49.44580  50.1%   279  553s
 288147 160659   62.90148   57 1820   99.00000   49.48260  50.0%   279  557s
 290408 162395   62.89292   47 2383   99.00000   49.52155  50.0%   279  560s
 294582 164916   91.72737   63  907   99.00000   49.58601  49.9%   279  567s
 296259 166620   75.31898   67  151   99.00000   49.61739  49.9%   279  571s
 300390 169372   76.08408   57 2629   99.00000   49.66432  49.8%   279  578s
 302669 170446   55.87962   45 3596   99.00000   49.70994  49.8%   279  581s
 304524 171715   86.56973   71 1340   99.00000   49.74866  49.7%   279  585s
 308730 174539   56.75630   44 4368   99.00000   49.79974  49.7%   279  592s
 310864 175914   66.48622   55  951   99.00000   49.82422  49.7%   279  595s
 315204 178916   55.48084   44 4112   99.00000   49.89579  49.6%   280  603s
 317571 180132   60.81296   49 2623   99.00000   49.93440  49.6%   280  606s
 319303 181496   77.31226   72 1734   99.00000   49.97842  49.5%   280  610s
 322208 183900   67.19899   51 2995   99.00000   50.01008  49.5%   280  617s
 324539 185353   60.24890   44 4007   99.00000   50.04638  49.4%   280  621s
 326685 186747   61.29243   47 3984   99.00000   50.06967  49.4%   280  625s
 330696 189580   57.50267   50 2650   99.00000   50.13932  49.4%   280  632s
 332610 190744   62.30419   51 2183   99.00000   50.16449  49.3%   281  636s
 336499 193575   58.29174   49 3193   99.00000   50.20840  49.3%   281  643s
 338507 195167   74.25102   53 1317   99.00000   50.23421  49.3%   281  647s
 340913 196352   60.28973   50 1732   99.00000   50.26417  49.2%   281  651s
 342776 197857   63.71096   52 1637   99.00000   50.28189  49.2%   281  655s
 346859 200666   91.51153   55 2014   99.00000   50.33620  49.2%   281  662s
 348935 201990   59.93855   48 3087   99.00000   50.37601  49.1%   281  666s
 350818 203497   86.50399   55 2335   99.00000   50.40881  49.1%   282  670s
 355168 206366   90.10624   68 1800   99.00000   50.46151  49.0%   281  677s
 357295 207866   61.86396   53 3679   99.00000   50.49133  49.0%   281  681s
 361477 210658   55.90306   44 4086   99.00000   50.55190  48.9%   281  688s
 363439 211986   64.28860   47 3468   99.00000   50.57838  48.9%   281  692s
 365595 213249   64.35329   53 2222   99.00000   50.60280  48.9%   281  695s
 369406 216110   94.48230   57 3330   99.00000   50.65639  48.8%   282  703s
 371560 216709   63.88325   52 2778   99.00000   50.67609  48.8%   282  707s
 372412 218191   71.54509   59 2731   99.00000   50.67609  48.8%   282  710s
 374427 219669   95.25153   72 2851   99.00000   50.70072  48.8%   282  715s
 378807 222679   59.39201   47 1755   99.00000   50.74899  48.7%   282  722s
 380685 224218   76.15935   63 2773   99.00000   50.77205  48.7%   282  726s
 382797 225521     cutoff   70        99.00000   50.79575  48.7%   282  730s
 386503 228740   65.50875   50 3363   99.00000   50.84282  48.6%   282  739s
 389208 230216   70.02552   60 1991   99.00000   50.86550  48.6%   282  742s
 391623 231453   56.57851   49 1498   99.00000   50.90056  48.6%   282  746s
 393423 232972   64.42752   56 1842   99.00000   50.92846  48.6%   282  750s
 397890 236083   60.83343   49 2484   99.00000   50.96821  48.5%   283  757s
 399807 237647   69.30105   55 2204   99.00000   50.99335  48.5%   283  761s
 402016 239077   86.14317   68 1504   99.00000   51.01369  48.5%   283  765s
 405993 242004   83.61367   59 3476   99.00000   51.06337  48.4%   283  772s
 408161 243341   66.04061   51 2001   99.00000   51.08661  48.4%   283  775s
 412142 246241   58.24224   51 3756   99.00000   51.13881  48.3%   283  783s
 414139 247509   60.81792   52 2755   99.00000   51.16643  48.3%   283  786s
 415951 249073   67.90078   64  630   99.00000   51.17985  48.3%   283  790s
 420117 251839     cutoff   72        99.00000   51.22114  48.3%   283  797s
 422141 252937   91.90128   76 2855   99.00000   51.25042  48.2%   283  801s
 425453 255450   66.66494   55 3347   99.00000   51.29754  48.2%   284  808s
 427535 257076   85.22861   58 3917   99.00000   51.31979  48.2%   284  812s
 429906 258639   60.50685   48 2151   99.00000   51.34398  48.1%   284  816s
 432808 261003   59.20625   51 1825   99.00000   51.37366  48.1%   284  824s
 435370 262342   60.72462   47 2447   99.00000   51.39891  48.1%   284  828s
 437308 263807   58.93261   49 1471   99.00000   51.42885  48.1%   284  832s
 439358 265315   58.22835   47 1947   99.00000   51.44906  48.0%   284  836s
 441425 266744   66.97092   55 1469   99.00000   51.46982  48.0%   284  840s
 445901 269742   71.66693   54 1422   99.00000   51.49567  48.0%   284  848s
 448139 271210   57.10671   46 3355   99.00000   51.51832  48.0%   284  852s
 450403 272782   60.16605   51 2256   99.00000   51.53694  47.9%   284  856s
 452570 274106   61.35605   50 3698   99.00000   51.55832  47.9%   284  860s
 456282 277042   56.47249   44 4322   99.00000   51.59937  47.9%   285  867s
 458677 278496   62.39687   52 2097   99.00000   51.61558  47.9%   285  871s
 460786 279998   62.62006   51 2912   99.00000   51.64424  47.8%   285  875s
 464865 282418   82.84121   53 3776   99.00000   51.68432  47.8%   285  883s
 466644 283999   67.38773   55  641   99.00000   51.70817  47.8%   285  887s
 468763 285440   68.71692   58 1307   99.00000   51.72146  47.8%   285  891s
 471252 286719   63.25511   50 3861   99.00000   51.74774  47.7%   285  895s
 475105 289651   73.77828   64 2544   99.00000   51.78411  47.7%   285  902s
 477208 291072   76.02473   55 4383   99.00000   51.80043  47.7%   285  906s
 479244 292206   58.86975   49 2718   99.00000   51.82376  47.7%   285  910s
 483075 295469   61.92202   47 4311   99.00000   51.86322  47.6%   285  919s
 485546 296994   58.44423   50 3701   99.00000   51.88444  47.6%   285  923s
 487819 298409   71.12820   54 1646   99.00000   51.90877  47.6%   285  927s
 489866 299126   63.38913   54 2357   99.00000   51.93319  47.5%   285  931s
 490855 300629   79.32021   62 4038   99.00000   51.93546  47.5%   285  935s
 495114 303723   57.71960   46 4173   99.00000   51.97766  47.5%   285  944s
 497431 305187   88.64113   57 3025   99.00000   51.99949  47.5%   285  948s
 499503 306681   87.55031   63 3782   99.00000   52.02380  47.5%   286  952s
 501656 308261   85.80592   64 2242   99.00000   52.04762  47.4%   286  956s
 503770 309533   74.21435   60 1601   99.00000   52.06560  47.4%   286  960s
 507686 312695   57.51571   48 3268   99.00000   52.10827  47.4%   286  968s
 510195 314139   59.58563   46 2778   99.00000   52.12421  47.3%   286  972s
 512229 315140   68.67173   62 1701   99.00000   52.14245  47.3%   286  976s
 513570 316640   60.39537   52 1550   99.00000   52.15009  47.3%   286  980s
 515775 318185   84.99370   66 2184   99.00000   52.17326  47.3%   286  985s
 520053 321140   67.57172   49 3746   99.00000   52.21558  47.3%   286  993s
 522149 322714   57.75834   44 3659   99.00000   52.23659  47.2%   286  997s
 524434 324289   60.03883   46 4275   99.00000   52.25801  47.2%   286 1000s
 528431 326839   67.06087   46 4146   99.00000   52.29323  47.2%   286 1008s
 530339 328317   72.42322   50 3497   99.00000   52.31279  47.2%   287 1013s
 532415 329782   60.61053   50 2498   99.00000   52.33201  47.1%   287 1017s
 534538 331091   82.94352   66 2127   99.00000   52.34472  47.1%   287 1022s
 536659 332596   97.69178   62 3583   99.00000   52.36083  47.1%   287 1026s
 538931 334188   70.33780   48 3522   99.00000   52.37867  47.1%   287 1030s
 543490 337563   69.36088   50 3893   99.00000   52.42452  47.0%   287 1038s
 545868 339037   72.33108   54 1216   99.00000   52.45006  47.0%   287 1043s
 547956 340545   61.27575   50 2199   99.00000   52.46692  47.0%   287 1046s
 550033 341839   89.03548   59 3372   99.00000   52.47901  47.0%   287 1050s
 551947 341859   66.07974   54 3665   99.00000   52.50144  47.0%   287 1055s
 551967 341981   66.76957   55 3934   99.00000   52.50144  47.0%   287 1060s
 552129 342738   68.52850   56 4023   99.00000   52.50144  47.0%   287 1065s
 553253 344038   70.20755   57 3809   99.00000   52.50144  47.0%   287 1071s
 555207 345584   72.19585   58 3764   99.00000   52.50778  47.0%   287 1077s
 557439 347221   72.29929   59 3581   99.00000   52.52446  46.9%   287 1084s
 559830 349273   68.21105   51 1712   99.00000   52.54788  46.9%   287 1089s
 562826 351156   94.84004   64 2547   99.00000   52.57585  46.9%   287 1095s
 565753 352941   62.74889   48  581   99.00000   52.60963  46.9%   287 1100s
 570643 356169   61.27833   51 2130   99.00000   52.65396  46.8%   287 1109s
 573089 357409   64.56929   47 3529   99.00000   52.68089  46.8%   288 1113s
 574912 358836   62.72729   48 3490   99.00000   52.70589  46.8%   288 1117s
 577028 360535   61.06488   44 2528   99.00000   52.72399  46.7%   288 1122s
 579378 361865   62.81270   52 3405   99.00000   52.74605  46.7%   288 1125s
 581279 363241   90.13071   63 1286   99.00000   52.75426  46.7%   288 1130s
 585257 366169   92.76748   66 3749   99.00000   52.78317  46.7%   288 1138s
 587319 367473   90.35279   59 3816   99.00000   52.80065  46.7%   288 1142s
 589349 369058   72.07307   59 1087   99.00000   52.81835  46.6%   288 1146s
 591580 370401   72.15602   58 3222   99.00000   52.83656  46.6%   288 1150s
 595684 373482   64.32819   54 1341   99.00000   52.86349  46.6%   288 1158s
 597988 374868   87.46758   70 2395   99.00000   52.87964  46.6%   288 1162s
 600252 375947   94.74973   68 2187   99.00000   52.89274  46.6%   288 1165s
 603692 378663   76.47861   67 3047   99.00000   52.91573  46.5%   288 1173s
 605794 380076   65.59200   52 1866   99.00000   52.93974  46.5%   288 1178s
 607748 381581   90.39138   58 3129   99.00000   52.95533  46.5%   288 1181s
 609838 382919   82.95115   63 2299   99.00000   52.96484  46.5%   288 1185s
 613770 385165   74.10835   55 3116   99.00000   53.00122  46.5%   288 1193s
 615133 386600   84.26212   62 3438   99.00000   53.00635  46.5%   288 1198s
 617182 387971   67.27431   55 3216   99.00000   53.02971  46.4%   288 1202s
 619111 389297   74.51546   55 3238   99.00000   53.04012  46.4%   288 1206s
 621384 390683   73.36695   45 2792   99.00000   53.05748  46.4%   288 1210s
 625348 393461   60.00766   56 2083   99.00000   53.08836  46.4%   289 1218s
 627647 394637   66.59194   52 3232   99.00000   53.10556  46.4%   288 1222s
 629548 396037     cutoff   70        99.00000   53.11941  46.3%   289 1226s
 631560 397362   67.94984   57 2543   99.00000   53.13083  46.3%   289 1230s
 635589 400117   75.45977   56 2171   99.00000   53.15905  46.3%   289 1238s
 637606 401339   65.95172   54 3448   99.00000   53.18211  46.3%   289 1241s
 639413 402740   61.93004   51 2364   99.00000   53.18969  46.3%   289 1245s
 644089 405309   68.04760   54 3163   99.00000   53.22143  46.2%   289 1253s
 646008 406555   94.93908   71 2355   99.00000   53.24000  46.2%   289 1257s
 647766 408106   68.07058   48 4408   99.00000   53.25238  46.2%   289 1261s
 649938 409521   81.50523   59 2985   99.00000   53.27181  46.2%   289 1266s
 652272 411049   62.72770   47 1537   99.00000   53.28517  46.2%   289 1270s
 656369 413936   73.30695   58  963   99.00000   53.30931  46.2%   289 1278s
 658520 415314   82.86528   70 2205   99.00000   53.32459  46.1%   289 1282s
 660483 416437   95.82457   79 1609   99.00000   53.34026  46.1%   289 1286s
 662301 417857   58.89080   45 3402   99.00000   53.35926  46.1%   289 1291s
 664324 419066   85.75210   62 1998   99.00000   53.36668  46.1%   289 1295s
 668054 422096   66.16235   56 2639   99.00000   53.38525  46.1%   289 1303s
 670311 423254   62.73838   48 3472   99.00000   53.40952  46.1%   289 1307s
 672086 425147   73.86478   53 1994   99.00000   53.42384  46.0%   289 1312s
 674646 426664   64.98708   52 2396   99.00000   53.44341  46.0%   289 1316s
 676804 427972   73.65418   56 3051   99.00000   53.45862  46.0%   289 1320s
 680536 430655   91.39053   62 4036   99.00000   53.48832  46.0%   289 1328s
 682675 432092   91.69493   73 2377   99.00000   53.50399  46.0%   289 1332s
 684755 433612   73.85489   57 1495   99.00000   53.52000  45.9%   289 1335s
 686925 434920   67.73095   56 1313   99.00000   53.53316  45.9%   290 1340s
 691084 437859   64.26979   51 1215   99.00000   53.56456  45.9%   290 1347s
 693118 439104   81.74169   66 3676   99.00000   53.57534  45.9%   290 1351s
 694990 440369   66.34677   53 2082   99.00000   53.59194  45.9%   290 1355s
 698987 443156   85.70551   62 2581   99.00000   53.61754  45.8%   290 1364s
 701035 444616   61.43585   50 3861   99.00000   53.63435  45.8%   290 1368s
 703147 444635   59.74523   49 2511   99.00000   53.65240  45.8%   290 1372s
 703168 445096   60.18922   50 2588   99.00000   53.65240  45.8%   290 1377s
 703878 446576   63.54627   51 2566   99.00000   53.65240  45.8%   290 1382s
 705982 448347   67.61080   47 2821   99.00000   53.67177  45.8%   290 1386s
 708461 449901   66.96890   51 2820   99.00000   53.68824  45.8%   290 1391s
 710734 451309     cutoff   66        99.00000   53.70303  45.8%   290 1395s
 715434 454551   74.89533   54 3179   99.00000   53.73423  45.7%   290 1404s
 717705 456031   68.35352   52 3638   99.00000   53.74584  45.7%   290 1408s
 719824 457207   62.90279   47 3286   99.00000   53.76469  45.7%   290 1412s
 721594 458784   68.30403   48 4248   99.00000   53.77345  45.7%   290 1416s
 724073 460334   78.30397   63 3302   99.00000   53.79041  45.7%   290 1420s
 726415 461494   75.10712   61 2677   99.00000   53.80281  45.7%   290 1425s
 730169 464144   64.46493   51 4116   99.00000   53.83595  45.6%   290 1432s
 732195 465552   67.60712   59 2526   99.00000   53.84268  45.6%   290 1436s
 734241 466968   63.56720   58  474   99.00000   53.86310  45.6%   290 1440s
 738185 469653   89.42222   59 2044   99.00000   53.89308  45.6%   290 1448s
 740035 471006   61.44663   49 3468   99.00000   53.89960  45.6%   290 1452s
 742109 472408   64.41129   45 3644   99.00000   53.91935  45.5%   290 1457s
 744263 473791   61.86320   49 3498   99.00000   53.92991  45.5%   290 1461s
 748275 476431   58.80542   43 2422   99.00000   53.96178  45.5%   290 1468s
 750126 477918   93.41297   81  992   99.00000   53.96967  45.5%   290 1473s
 752257 479275   61.40987   45 2150   99.00000   53.99071  45.5%   290 1477s
 754282 480553   61.84550   49 2691   99.00000   54.00625  45.4%   290 1481s
 756165 481825   94.55584   60 2269   99.00000   54.01545  45.4%   290 1485s
 760091 484643   59.55217   52 1165   99.00000   54.04266  45.4%   290 1494s
 762280 486122   71.81072   52 3873   99.00000   54.05784  45.4%   291 1498s
 764371 487540   68.45373   55 1738   99.00000   54.06969  45.4%   291 1502s
 766470 488907   85.56872   62 3837   99.00000   54.08085  45.4%   291 1506s
 768468 490305   73.09533   54 2052   99.00000   54.09797  45.4%   291 1510s
 772450 492775   82.54158   56 3932   99.00000   54.11892  45.3%   291 1518s
 774398 494172   61.39382   49 2452   99.00000   54.13473  45.3%   291 1523s
 776341 495567   92.44100   73 2371   99.00000   54.14012  45.3%   291 1527s
 778354 497094   80.07549   66 3546   99.00000   54.16015  45.3%   291 1531s
 780596 498357   72.38764   54 2855   99.00000   54.17808  45.3%   291 1535s
 784553 500961   68.42706   56 1351   99.00000   54.20118  45.3%   291 1543s
 786299 502221   62.64140   50 3689   99.00000   54.21490  45.2%   291 1547s
 788326 503565   61.20193   48 3113   99.00000   54.22941  45.2%   291 1552s
 790712 504865   60.21652   49 3826   99.00000   54.24355  45.2%   291 1556s
 792580 505791   96.13916   57 4027   99.00000   54.25227  45.2%   291 1560s
 794174 507390   62.39493   55 2003   99.00000   54.26209  45.2%   291 1565s
 798931 510007   70.99672   58 1560   99.00000   54.28722  45.2%   291 1574s
 801131 511387     cutoff   76        99.00000   54.28826  45.2%   291 1578s
 803229 512747   90.54499   67 2972   99.00000   54.30625  45.1%   291 1582s
 805193 514210   83.85163   66 3237   99.00000   54.31979  45.1%   291 1586s
 807291 515528   60.03186   50 4051   99.00000   54.32968  45.1%   291 1590s
 809254 516987   60.19364   50 1674   99.00000   54.33986  45.1%   291 1595s
 813775 519731   68.10001   54 3015   99.00000   54.36642  45.1%   291 1603s
 815743 521019   69.81681   53 3568   99.00000   54.37712  45.1%   291 1607s
 817661 522417   67.88836   52 2493   99.00000   54.38939  45.1%   291 1611s
 819620 523719     cutoff   66        99.00000   54.40267  45.0%   291 1615s
 823342 526506   64.38446   51 2455   99.00000   54.42397  45.0%   291 1624s
 825725 527755   61.43621   48 2596   99.00000   54.43705  45.0%   291 1628s
 827950 529002   64.00832   49 1267   99.00000   54.44844  45.0%   291 1633s
 829997 530474   86.95769   77 2717   99.00000   54.45466  45.0%   291 1637s
 832147 531776   68.33138   54 4236   99.00000   54.46884  45.0%   291 1641s
 834125 533165   61.60243   49 2950   99.00000   54.48169  45.0%   291 1646s
 836152 534608   68.47217   50 3268   99.00000   54.49446  45.0%   291 1650s
 840438 537089   64.80943   53 2039   99.00000   54.51847  44.9%   291 1659s
 841923 538822   61.45673   44 3105   99.00000   54.52805  44.9%   291 1664s
 844893 540160   91.60506   57 3370   99.00000   54.54098  44.9%   291 1668s
 846898 541525   73.42834   53 2718   99.00000   54.54971  44.9%   292 1673s
 849240 542901   59.88653   45 4379   99.00000   54.56426  44.9%   291 1677s
 851367 544114   84.54024   58 3103   99.00000   54.58187  44.9%   292 1681s
 853212 545488   64.70016   52  934   99.00000   54.59452  44.9%   292 1685s
 855307 546863   64.34111   56 2069   99.00000   54.61147  44.8%   292 1690s
 859090 549545   65.58463   51 2182   99.00000   54.63247  44.8%   292 1699s
 861281 550925   64.11343   48 3644   99.00000   54.65130  44.8%   292 1703s
 863278 552266   77.63410   56 3321   99.00000   54.66038  44.8%   292 1707s
 865280 553549   95.27537   57 3979   99.00000   54.67286  44.8%   292 1711s
 867068 555028   62.63430   51 1657   99.00000   54.68132  44.8%   292 1715s
 869315 556292   67.57961   50 4089   99.00000   54.69490  44.8%   292 1720s
 873291 559062   95.05534   68 3465   99.00000   54.71863  44.7%   292 1728s
 875261 560489   68.90955   59 2089   99.00000   54.73292  44.7%   292 1732s
 877340 561664   65.32905   49 3624   99.00000   54.74552  44.7%   292 1737s
 879035 563048   62.73919   48 2279   99.00000   54.75489  44.7%   292 1741s
 881085 564441   63.83724   47 1127   99.00000   54.76837  44.7%   292 1745s
 883134 566015   98.93108   59 3271   99.00000   54.77321  44.7%   292 1750s
 887666 568594   70.82183   56 2900   99.00000   54.79813  44.6%   292 1758s
 889469 569981   69.24242   57 4136   99.00000   54.81098  44.6%   292 1762s
 891554 571451   64.30025   50 4067   99.00000   54.81745  44.6%   292 1767s
 893727 572647   88.07068   59 3689   99.00000   54.82970  44.6%   292 1771s
 895789 573910   74.27948   51 2915   99.00000   54.83865  44.6%   292 1776s
 897886 575259   77.85956   57 1256   99.00000   54.84629  44.6%   292 1780s
 902001 578116   94.87337   73  932   99.00000   54.87585  44.6%   292 1788s
 903952 579424   68.19206   53 3072   99.00000   54.88545  44.6%   292 1793s
 906022 580685     cutoff   68        99.00000   54.89658  44.5%   292 1797s
 907920 581615   70.57278   56 3566   99.00000   54.90936  44.5%   292 1800s

Cutting planes:
  Gomory: 164
  Lift-and-project: 2
  Cover: 1677
  Dual implied bound: 35
  MIR: 511
  Mixing: 1
  Flow cover: 546
  GUB cover: 12
  Inf proof: 286
  RLT: 2
  Relax-and-lift: 18

Explored 909267 nodes (265866506 simplex iterations) in 1800.01 seconds (7012.59 work units)
Thread count was 20 (of 20 available processors)

Solution count 4: 99 150 151 151.4 

Time limit reached
Best objective 9.900000000000e+01, best bound 5.491576682731e+01, gap 44.5295%
Time limit reached. Using best solution found (gap: 44.53%)

H2 Solution:
  Objective: 99.000000
  Selected features: 11/11
  L1 norm: 0.000000
  Positive accuracy lb: 1.0000
  Negative accuracy lb: 0.0000

============================================================
Training Complete!
============================================================

Training completed in: 1:00:00.200099

================================================================================
Model Summary
================================================================================
Status: fitted
Strategy: inverted
Features: 11

Class Roles:
  Majority: Class 2
  Medium:   Class 3
  Minority: Class 1

Classifier 1 (H1): Class 3 vs {Class 2, 1}
  Objective: 347.000000
  Selected Features: 11/11
  L1 Norm: 0.000000

Classifier 2 (H2): Class {Class 3, 2} vs Class 1
  Objective: 99.000000
  Selected Features: 11/11
  L1 Norm: 0.000000

================================================================================
Training Set Evaluation
================================================================================


============================================================
Evaluation Results
============================================================

Total Accuracy: 0.8249

Per-Class Accuracy:
  Class 1: 0.0000
  Class 2: 1.0000
  Class 3: 0.0000

Class Distribution:
  Class 1: 50 samples
  Class 2: 1055 samples
  Class 3: 174 samples

Confusion Matrix:
     Pred 1  Pred 2  Pred 3
True 1:     0      50       0
True 2:     0    1055       0
True 3:     0     174       0
============================================================
