================================================================================
MAE (Mean Absolute Error) Comparison
================================================================================
Timestamp: 20260323_054518
Formula: MAE = (1/N) * Σ|yi - yi_pred|
================================================================================


================================================================================
Dataset: Wine
================================================================================
ERROR: [Errno 2] No such file or directory: '/home/justin/Developer/NSVORA/Archive/wine_split.xlsx'


================================================================================
Dataset: Contraceptive
================================================================================
ERROR: [Errno 2] No such file or directory: '/home/justin/Developer/NSVORA/Archive/contraceptive_split.xlsx'


================================================================================
Dataset: New_Thyroid
================================================================================
ERROR: [Errno 2] No such file or directory: '/home/justin/Developer/NSVORA/Archive/new-thyroid_split.xlsx'


================================================================================
SUMMARY TABLE
================================================================================

Dataset              Model          Accuracy        MAE
--------------------------------------------------------------------------------
================================================================================

AVERAGE METRICS:
SVOR         Avg Accuracy: nan, Avg MAE: nan
NPSVOR       Avg Accuracy: nan, Avg MAE: nan
HCESVM       Avg Accuracy: nan, Avg MAE: nan
