================================================================================
MAE (Mean Absolute Error) Comparison
================================================================================
Timestamp: 20260323_054448
Formula: MAE = (1/N) * Σ|yi - yi_pred|
================================================================================


================================================================================
Dataset: Car_Evaluation
================================================================================
ERROR: load_split_data() got an unexpected keyword argument 'skiprows'


================================================================================
Dataset: Balance
================================================================================
ERROR: load_split_data() got an unexpected keyword argument 'skiprows'


================================================================================
Dataset: Contraceptive
================================================================================
ERROR: load_split_data() got an unexpected keyword argument 'skiprows'


================================================================================
Dataset: Hayes_Roth
================================================================================
ERROR: load_split_data() got an unexpected keyword argument 'skiprows'


================================================================================
Dataset: New_Thyroid
================================================================================
ERROR: load_split_data() got an unexpected keyword argument 'skiprows'


================================================================================
Dataset: TAE
================================================================================
ERROR: load_split_data() got an unexpected keyword argument 'skiprows'


================================================================================
Dataset: Wine
================================================================================
ERROR: load_split_data() got an unexpected keyword argument 'skiprows'


================================================================================
SUMMARY TABLE
================================================================================

Dataset              Model          Accuracy        MAE
--------------------------------------------------------------------------------
================================================================================

AVERAGE METRICS:
SVOR         Avg Accuracy: nan, Avg MAE: nan
NPSVOR       Avg Accuracy: nan, Avg MAE: nan
HCESVM       Avg Accuracy: nan, Avg MAE: nan
