================================================================================
SVOR and NPSVOR Sequential Testing
================================================================================
Start time: 2026-03-23 03:57:17

Datasets to test: 8
  - Car_Evaluation
  - Balance
  - Contraceptive
  - Hayes_Roth
  - New_Thyroid
  - TAE
  - Thyroid
  - Wine
================================================================================


================================================================================
Dataset: Car_Evaluation
================================================================================
Loading data from: /home/bs10081/Developer/NSVORA/datasets/primary/car_evaluation/car_evaluation_split.xlsx

Dataset Info:
  Training: Class1=968, Class2=362, Class3=52
  Testing: Class1=242, Class2=91, Class3=13
  Features: 6

================================================================================
Testing SVOR on Car_Evaluation
================================================================================
Training SVOR...

SVOR Results:
  Training time: 0.04 seconds
  Training accuracy: 0.8698
    Class 1: 0.9360
    Class 2: 0.7624
    Class 3: 0.3846
  Testing accuracy: 0.8439
    Class 1: 0.9215
    Class 2: 0.6813
    Class 3: 0.5385
  Weights: [-0.7818181817489179, -0.6363636362493367, 0.25454545452366173, 1.3999999999124384, 0.672727272748623, 2.2181818179375052]
  Thresholds: [9.981818181218793, 13.6363636354365]

================================================================================
Testing NPSVOR on Car_Evaluation
================================================================================
Training NPSVOR...

NPSVOR Results:
  Training time: 0.08 seconds
  Training accuracy: 0.8763
    Class 1: 0.9370
    Class 2: 0.7569
    Class 3: 0.5769
  Testing accuracy: 0.8555
    Class 1: 0.9298
    Class 2: 0.6923
    Class 3: 0.6154
  Hyperplanes (3 total):
    Class 1: w=[-0.09777777777477681, -0.08888888889036246, 0.03555555555491621, 0.19555555555449133, 0.08000000000034543, 0.3466666666645393], b=-0.8756
    Class 2: w=[-0.2769230767353361, -0.22153846129613486, 0.08307692312436574, 0.49230769213945486, 0.22923076874120119, 0.779999999782616], b=-4.0985
    Class 3: w=[-0.5090909034728398, -0.2909090841428427, 0.14545454210139316, 0.33454545181581363, 0.5236363582963136, 1.3818181683335982], b=-6.7891

================================================================================
Dataset: Balance
================================================================================
Loading data from: /home/bs10081/Developer/NSVORA/Archive/balance_split.xlsx

Dataset Info:
  Training: Class1=230, Class2=39, Class3=231
  Testing: Class1=58, Class2=10, Class3=57
  Features: 4

================================================================================
Testing SVOR on Balance
================================================================================
Training SVOR...

SVOR Results:
  Training time: 0.01 seconds
  Training accuracy: 0.9320
    Class 1: 0.9261
    Class 2: 0.9487
    Class 3: 0.9351
  Testing accuracy: 0.8560
    Class 1: 0.8793
    Class 2: 0.8000
    Class 3: 0.8421
  Weights: [-2.000000000019143, -2.0000000000190563, 2.0000000000193734, 2.000000000019148]
  Thresholds: [-1.00000000000056, 1.0000000000030225]

================================================================================
Testing NPSVOR on Balance
================================================================================
Training NPSVOR...

NPSVOR Results:
  Training time: 0.16 seconds
  Training accuracy: 0.9320
    Class 1: 0.9261
    Class 2: 0.9487
    Class 3: 0.9351
  Testing accuracy: 0.8560
    Class 1: 0.8793
    Class 2: 0.8000
    Class 3: 0.8421
  Hyperplanes (3 total):
    Class 1: w=[-0.23999999999987948, -0.24000000000044952, 0.24000000000003913, 0.23999999999970134], b=0.7600
    Class 2: w=[-1.0000000000061064, -1.0000000000063483, 1.000000000005499, 1.0000000000061058], b=0.0000
    Class 3: w=[-0.23999999999272872, -0.23999999999412489, 0.24000000000387925, 0.23999999998200502], b=-0.7600

================================================================================
Dataset: Contraceptive
================================================================================
Loading data from: /home/bs10081/Developer/NSVORA/Archive/contraceptive_split.xlsx

Dataset Info:
  Training: Class1=503, Class2=266, Class3=409
  Testing: Class1=126, Class2=67, Class3=102
  Features: 9

================================================================================
Testing SVOR on Contraceptive
================================================================================
Training SVOR...

SVOR Results:
  Training time: 0.03 seconds
  Training accuracy: 0.3727
    Class 1: 0.3380
    Class 2: 0.8722
    Class 3: 0.0905
  Testing accuracy: 0.3797
    Class 1: 0.3968
    Class 2: 0.8806
    Class 3: 0.0294
  Weights: [-0.07633587766764333, 0.26717556658489244, 0.015267172010327547, 0.2595419840306374, -0.2900763511503425, 0.16793895223725283, 0.1221374006356235, 0.18320610847169463, -0.6946564659397474]
  Thresholds: [-0.6335878222155574, 0.8015266954979094]

================================================================================
Testing NPSVOR on Contraceptive
================================================================================
Training NPSVOR...

NPSVOR Results:
  Training time: 0.07 seconds
  Training accuracy: 0.3693
    Class 1: 0.3638
    Class 2: 0.9211
    Class 3: 0.0171
  Testing accuracy: 0.3898
    Class 1: 0.4048
    Class 2: 0.9254
    Class 3: 0.0196
  Hyperplanes (3 total):
    Class 1: w=[-0.02758620764754529, 0.1743213541305278, -0.008217173146894772, 0.11797505780043455, -0.1197358733636537, 0.03697726541426898, 0.01878209938448757, 0.10564930062550817, -0.25590609257098407], b=0.5410
    Class 2: w=[-0.06296296281451738, 0.22777777790534157, 0.029629629656867443, 0.22037036986455508, -0.11296296298862302, 0.1796296291336855, 0.11296296281546157, 0.18888888895440065, -0.37962962970500536], b=-0.4741
    Class 3: w=[-3.93347685929799e-12, 2.8647994984994283e-12, 3.5019234613171213e-12, 1.0724421444982356e-11, -1.0762937224775067e-11, 1.4679159152164456e-11, 1.4391980836515056e-11, 5.463898407115357e-12, -1.8670130257810958e-11], b=-1.0000

================================================================================
Dataset: Hayes_Roth
================================================================================
Loading data from: /home/bs10081/Developer/NSVORA/Archive/hayes-roth_split.xlsx

Dataset Info:
  Training: Class1=40, Class2=41, Class3=24
  Testing: Class1=11, Class2=10, Class3=6
  Features: 4

================================================================================
Testing SVOR on Hayes_Roth
================================================================================
Training SVOR...

SVOR Results:
  Training time: 0.01 seconds
  Training accuracy: 0.7905
    Class 1: 0.6500
    Class 2: 0.9512
    Class 3: 0.7500
  Testing accuracy: 0.6296
    Class 1: 0.3636
    Class 2: 0.9000
    Class 3: 0.6667
  Weights: [-2.5103798385990525e-11, 1.0000000001743035, 1.0000000001276996, 1.0000000001127252]
  Thresholds: [5.000000000497213, 7.000000001025012]

================================================================================
Testing NPSVOR on Hayes_Roth
================================================================================
Training NPSVOR...

NPSVOR Results:
  Training time: 0.01 seconds
  Training accuracy: 0.7810
    Class 1: 0.6500
    Class 2: 0.9512
    Class 3: 0.7083
  Testing accuracy: 0.6296
    Class 1: 0.3636
    Class 2: 0.9000
    Class 3: 0.6667
  Hyperplanes (3 total):
    Class 1: w=[1.071169066104153e-11, 0.4000000013061659, 0.40000000103727645, 0.4000000009332478], b=-1.4000
    Class 2: w=[-2.703820205310706e-10, 0.5000000147470565, 0.5000000139204097, 0.5000000142838557], b=-3.0000
    Class 3: w=[-2.9594335333788134e-12, 0.3000000000087354, 0.3000000000081642, 0.3000000000032862], b=-2.8000

================================================================================
Dataset: New_Thyroid
================================================================================
Loading data from: /home/bs10081/Developer/NSVORA/Archive/new-thyroid_split.xlsx

Dataset Info:
  Training: Class1=120, Class2=28, Class3=24
  Testing: Class1=30, Class2=7, Class3=6
  Features: 5

================================================================================
Testing SVOR on New_Thyroid
================================================================================
Training SVOR...

SVOR Results:
  Training time: 0.04 seconds
  Training accuracy: 0.8488
    Class 1: 1.0000
    Class 2: 0.2857
    Class 3: 0.7500
  Testing accuracy: 0.8372
    Class 1: 1.0000
    Class 2: 0.4286
    Class 3: 0.5000
  Weights: [-0.015941113906911428, 0.08615923077720561, 0.10202419729239436, 0.42743349317929136, 0.060545716164360996]
  Thresholds: [1.105250740658036, 2.222684636528864]

================================================================================
Testing NPSVOR on New_Thyroid
================================================================================
Training NPSVOR...

NPSVOR Results:
  Training time: 0.05 seconds
  Training accuracy: 0.8837
    Class 1: 0.9833
    Class 2: 0.5714
    Class 3: 0.7500
  Testing accuracy: 0.8837
    Class 1: 1.0000
    Class 2: 0.7143
    Class 3: 0.5000
  Hyperplanes (3 total):
    Class 1: w=[-0.011407850330582312, 0.06169382358234165, 0.16344517562657293, 0.16815777003932225, 0.01719075302779552], b=0.2342
    Class 2: w=[-0.011684675105201891, 0.0681658967162494, 0.06623431794983696, 0.29121362765228415, 0.03878490772428964], b=-1.0911
    Class 3: w=[0.01000745183814508, -0.16269972873006572, -0.012099209896676696, -0.0020920595937214226, 0.016982868647064737], b=-1.1011

================================================================================
Dataset: TAE
================================================================================
Loading data from: /home/bs10081/Developer/NSVORA/Archive/tae_split.xlsx

Dataset Info:
  Training: Class1=39, Class2=40, Class3=41
  Testing: Class1=10, Class2=10, Class3=11
  Features: 5

================================================================================
Testing SVOR on TAE
================================================================================
Training SVOR...

SVOR Results:
  Training time: 0.01 seconds
  Training accuracy: 0.3750
    Class 1: 0.0000
    Class 2: 0.8500
    Class 3: 0.2683
  Testing accuracy: 0.4516
    Class 1: 0.0000
    Class 2: 1.0000
    Class 3: 0.3636
  Weights: [-8.264570014790257e-11, 3.326812711375299e-13, 3.8507345691756015e-12, -1.0000000004950917, 2.3841867842877e-14]
  Thresholds: [-3.0000000010798367, -1.0000000011108248]

================================================================================
Testing NPSVOR on TAE
================================================================================
Training NPSVOR...

NPSVOR Results:
  Training time: 0.01 seconds
  Training accuracy: 0.4333
    Class 1: 0.3846
    Class 2: 0.8250
    Class 3: 0.0976
  Testing accuracy: 0.4194
    Class 1: 0.4000
    Class 2: 0.5000
    Class 3: 0.3636
  Hyperplanes (3 total):
    Class 1: w=[-0.5094958014787663, 0.0033155908954616274, 0.0449446766272621, -0.41997484717757694, -0.00552598483159269], b=2.3483
    Class 2: w=[-0.7459257115574249, 0.01681543333904547, 0.04871868701387914, -0.7459257136818704, -0.01048085229082614], b=2.3053
    Class 3: w=[-0.4000000015041318, 3.8041332558154825e-12, 6.990353060570646e-12, -0.40000001706264987, 2.5163004924845668e-11], b=0.6000

================================================================================
Dataset: Thyroid
================================================================================
Loading data from: /home/bs10081/Developer/NSVORA/Archive/thyroid_split.xlsx

Dataset Info:
  Training: Class1=14, Class2=29, Class3=533
  Testing: Class1=3, Class2=8, Class3=133
  Features: 21

================================================================================
Testing SVOR on Thyroid
================================================================================
Training SVOR...

SVOR Results:
  Training time: 0.03 seconds
  Training accuracy: 0.9253
    Class 1: 0.0000
    Class 2: 0.0000
    Class 3: 1.0000
  Testing accuracy: 0.9236
    Class 1: 0.0000
    Class 2: 0.0000
    Class 3: 1.0000
  Weights: [0.016665334134844896, 0.006661221785524731, 0.0378280702014488, 1.8018813417013835e-08, 0.0018811637933259645, -0.00427857170006128, 3.226707299402416e-08, 0.04308293513906811, -0.0007429325514651784, -0.007239047156946284, -0.00017780072555891073, -5.905072313739691e-05, 1.1476272096347586e-08, 4.710545115393079e-08, -0.0, 0.0002804283077516376, -1.6858839463743913, 0.09815848096581557, 0.34458224162265993, -0.09614757667356941, 0.3916617555718304]
  Thresholds: [-0.9539735415934677, -0.9378111020620062]

================================================================================
Testing NPSVOR on Thyroid
================================================================================
Training NPSVOR...

NPSVOR Results:
  Training time: 0.15 seconds
  Training accuracy: 0.9253
    Class 1: 0.0000
    Class 2: 0.0000
    Class 3: 1.0000
  Testing accuracy: 0.9236
    Class 1: 0.0000
    Class 2: 0.0000
    Class 3: 1.0000
  Hyperplanes (3 total):
    Class 1: w=[0.010624334103270013, 0.007862222917806404, 0.02253349247017474, 1.1382243382032476e-10, 3.299060009883089e-10, -0.008868649876704162, 2.5115385151583525e-10, 0.014010347018170829, 2.875891702627707e-09, -0.01830821588001182, -0.01130537096905822, 1.6174330610772061e-10, 8.151107274089984e-11, 3.3945499429602393e-10, -0.0, 9.206724497025899e-10, -0.7384489735634925, 0.01795967700641026, 0.40523238296310243, -0.06889624754343746, 0.4634325805267661], b=0.9414
    Class 2: w=[0.0024252002020254686, 0.002042854630981492, 0.01358460313543153, 6.305139932377448e-07, 0.009898111043316655, 0.00029061138659857013, 8.43223809412157e-07, 0.017131534571592024, -0.003336127067975951, 7.1020466984068474e-06, 0.0012370566085832134, 1.814783485440066e-07, 2.76372033517256e-07, 1.082743382796564e-06, -0.0, 2.007040280457114e-06, -1.0387624990346436, 0.05126399287065157, 0.059836174947141586, -0.02056487412650785, 0.03544873048548611], b=0.9938
    Class 3: w=[0.002425234087608821, 0.0020428218577948198, 0.013584463305159361, 3.748209459008181e-08, 0.009898227468530413, 0.00029050031488792396, 4.5670766439107264e-08, 0.01713153450868806, -0.003335972928025863, 8.86639478835761e-07, 0.0012369718543389003, 6.662087872619783e-09, 1.0169204631194568e-08, 4.09512194948505e-08, -0.0, 2.4165034200683663e-07, -1.0387623408106035, 0.05126389307784812, 0.059836376976909376, -0.020564939868863076, 0.0354490848704426], b=-0.2062

================================================================================
Dataset: Wine
================================================================================
Loading data from: /home/bs10081/Developer/NSVORA/Archive/wine_split.xlsx

Dataset Info:
  Training: Class1=47, Class2=57, Class3=38
  Testing: Class1=12, Class2=14, Class3=10
  Features: 13

================================================================================
Testing SVOR on Wine
================================================================================
Training SVOR...

SVOR Results:
  Training time: 0.03 seconds
  Training accuracy: 0.9366
    Class 1: 0.9149
    Class 2: 0.9298
    Class 3: 0.9737
  Testing accuracy: 0.9444
    Class 1: 1.0000
    Class 2: 0.9286
    Class 3: 0.9000
  Weights: [-0.7232034785724343, 0.09403756485852138, -0.7100997253530276, 0.2962813919231861, 0.008241836791475748, 0.2336617833932964, -1.8602195761353073, -0.18535205392416015, 0.2230201113858764, 0.5109852934063434, -0.6377079083383023, -1.11594453282502, -0.0048149151495046096]
  Thresholds: [-14.297145366665758, -8.721630406541411]

================================================================================
Testing NPSVOR on Wine
================================================================================
Training NPSVOR...

NPSVOR Results:
  Training time: 0.05 seconds
  Training accuracy: 0.9859
    Class 1: 0.9574
    Class 2: 1.0000
    Class 3: 1.0000
  Testing accuracy: 0.9722
    Class 1: 1.0000
    Class 2: 0.9286
    Class 3: 1.0000
  Hyperplanes (3 total):
    Class 1: w=[-0.2075339851587682, -0.0715603277309605, -0.34154339491907615, 0.05025012965310626, 0.000324186222914046, 0.20742529144723587, -0.22563844720691, 0.2349240786421172, 0.1206320308057436, 0.026018704586622164, -0.14325280568490165, -0.21914878217840075, -0.001008809185522763], b=4.5838
    Class 2: w=[-0.16180133372598324, 0.01926373939023096, -0.06678980472666164, 0.0718668434794981, 0.0034214286581855853, 0.21115001291844743, -0.5526990643547416, -0.435488440728942, 0.11788601590886921, 0.15695684832383472, -0.18526197724910617, -0.3443303756887504, -0.0013397777499912313], b=2.2886
    Class 3: w=[0.04392690182461247, 0.055465364055764646, 0.3251441223117573, 0.019988006908965704, 0.0029058959883352543, -0.014610919828878818, -0.669856406131666, -0.30568260678745524, -0.08916810293097067, 0.05859656097035022, -0.2537917991171658, -0.17964098730323344, -2.7314270837085313e-05], b=-1.5112

================================================================================
All Tests Completed!
================================================================================
Start time: 2026-03-23 03:57:17
End time: 2026-03-23 03:57:18
Total duration: 0:00:01.087965

================================================================================
Results Summary
================================================================================

SVOR Results:
Dataset              Status     Train Acc    Test Acc    
--------------------------------------------------------------------------------
Car_Evaluation       success    0.8698       0.8439      
Balance              success    0.9320       0.8560      
Contraceptive        success    0.3727       0.3797      
Hayes_Roth           success    0.7905       0.6296      
New_Thyroid          success    0.8488       0.8372      
TAE                  success    0.3750       0.4516      
Thyroid              success    0.9253       0.9236      
Wine                 success    0.9366       0.9444      

NPSVOR Results:
Dataset              Status     Train Acc    Test Acc    
--------------------------------------------------------------------------------
Car_Evaluation       success    0.8763       0.8555      
Balance              success    0.9320       0.8560      
Contraceptive        success    0.3693       0.3898      
Hayes_Roth           success    0.7810       0.6296      
New_Thyroid          success    0.8837       0.8837      
TAE                  success    0.4333       0.4194      
Thyroid              success    0.9253       0.9236      
Wine                 success    0.9859       0.9722      
